INFO - 2023-12-13 07:43:50 --> Session: Class initialized using 'CodeIgniter\Session\Handlers\FileHandler' driver.
INFO - 2023-12-13 07:43:54 --> Session: Class initialized using 'CodeIgniter\Session\Handlers\FileHandler' driver.
INFO - 2023-12-13 07:44:09 --> Session: Class initialized using 'CodeIgniter\Session\Handlers\FileHandler' driver.
INFO - 2023-12-13 07:44:10 --> Session: Class initialized using 'CodeIgniter\Session\Handlers\FileHandler' driver.
INFO - 2023-12-13 07:44:35 --> Session: Class initialized using 'CodeIgniter\Session\Handlers\FileHandler' driver.
INFO - 2023-12-13 07:45:04 --> Session: Class initialized using 'CodeIgniter\Session\Handlers\FileHandler' driver.
INFO - 2023-12-13 07:45:08 --> Session: Class initialized using 'CodeIgniter\Session\Handlers\FileHandler' driver.
INFO - 2023-12-13 07:45:08 --> Session: Class initialized using 'CodeIgniter\Session\Handlers\FileHandler' driver.
INFO - 2023-12-13 07:45:16 --> Session: Class initialized using 'CodeIgniter\Session\Handlers\FileHandler' driver.
INFO - 2023-12-13 07:45:16 --> Session: Class initialized using 'CodeIgniter\Session\Handlers\FileHandler' driver.
INFO - 2023-12-13 07:45:32 --> Session: Class initialized using 'CodeIgniter\Session\Handlers\FileHandler' driver.
INFO - 2023-12-13 07:45:33 --> Session: Class initialized using 'CodeIgniter\Session\Handlers\FileHandler' driver.
INFO - 2023-12-13 07:45:41 --> Session: Class initialized using 'CodeIgniter\Session\Handlers\FileHandler' driver.
INFO - 2023-12-13 07:45:41 --> Session: Class initialized using 'CodeIgniter\Session\Handlers\FileHandler' driver.
INFO - 2023-12-13 07:46:04 --> Session: Class initialized using 'CodeIgniter\Session\Handlers\FileHandler' driver.
INFO - 2023-12-13 07:46:08 --> Session: Class initialized using 'CodeIgniter\Session\Handlers\FileHandler' driver.
INFO - 2023-12-13 07:46:12 --> Session: Class initialized using 'CodeIgniter\Session\Handlers\FileHandler' driver.
INFO - 2023-12-13 07:46:23 --> Session: Class initialized using 'CodeIgniter\Session\Handlers\FileHandler' driver.
INFO - 2023-12-13 07:46:24 --> Session: Class initialized using 'CodeIgniter\Session\Handlers\FileHandler' driver.
INFO - 2023-12-13 07:46:27 --> Session: Class initialized using 'CodeIgniter\Session\Handlers\FileHandler' driver.
INFO - 2023-12-13 07:46:40 --> Session: Class initialized using 'CodeIgniter\Session\Handlers\FileHandler' driver.
INFO - 2023-12-13 07:46:46 --> Session: Class initialized using 'CodeIgniter\Session\Handlers\FileHandler' driver.
CRITICAL - 2023-12-13 07:46:46 --> Undefined variable: cats
in APPPATH\Views\properties\add.php on line 71.
 1 APPPATH\Views\properties\add.php(71): CodeIgniter\Debug\Exceptions->errorHandler(8, 'Undefined variable: cats', 'E:\\PHP\\htdocs\\wdpf_codeigniter\\ci_app1\\app\\Views\\properties\\add.php', 71, [])
 2 SYSTEMPATH\View\View.php(228): include('E:\\PHP\\htdocs\\wdpf_codeigniter\\ci_app1\\app\\Views\\properties\\add.php')
 3 SYSTEMPATH\View\View.php(231): CodeIgniter\View\View->CodeIgniter\View\{closure}()
 4 SYSTEMPATH\Common.php(1190): CodeIgniter\View\View->render('properties/add', [], true)
 5 APPPATH\Controllers\PropertyController.php(30): view('properties/add')
 6 SYSTEMPATH\CodeIgniter.php(942): App\Controllers\PropertyController->add()
 7 SYSTEMPATH\CodeIgniter.php(502): CodeIgniter\CodeIgniter->runController(Object(App\Controllers\PropertyController))
 8 SYSTEMPATH\CodeIgniter.php(361): CodeIgniter\CodeIgniter->handleRequest(null, Object(Config\Cache), false)
 9 FCPATH\index.php(79): CodeIgniter\CodeIgniter->run()
10 SYSTEMPATH\Commands\Server\rewrite.php(47): require_once('E:\\PHP\\htdocs\\wdpf_codeigniter\\ci_app1\\public\\index.php')
INFO - 2023-12-13 07:46:50 --> Session: Class initialized using 'CodeIgniter\Session\Handlers\FileHandler' driver.
INFO - 2023-12-13 07:51:02 --> Session: Class initialized using 'CodeIgniter\Session\Handlers\FileHandler' driver.
INFO - 2023-12-13 07:51:05 --> Session: Class initialized using 'CodeIgniter\Session\Handlers\FileHandler' driver.
INFO - 2023-12-13 07:51:35 --> Session: Class initialized using 'CodeIgniter\Session\Handlers\FileHandler' driver.
INFO - 2023-12-13 07:51:59 --> Session: Class initialized using 'CodeIgniter\Session\Handlers\FileHandler' driver.
INFO - 2023-12-13 07:52:18 --> Session: Class initialized using 'CodeIgniter\Session\Handlers\FileHandler' driver.
INFO - 2023-12-13 07:52:19 --> Session: Class initialized using 'CodeIgniter\Session\Handlers\FileHandler' driver.
INFO - 2023-12-13 07:52:29 --> Session: Class initialized using 'CodeIgniter\Session\Handlers\FileHandler' driver.
INFO - 2023-12-13 07:52:29 --> Session: Class initialized using 'CodeIgniter\Session\Handlers\FileHandler' driver.
INFO - 2023-12-13 07:52:47 --> Session: Class initialized using 'CodeIgniter\Session\Handlers\FileHandler' driver.
INFO - 2023-12-13 07:52:47 --> Session: Class initialized using 'CodeIgniter\Session\Handlers\FileHandler' driver.
INFO - 2023-12-13 07:52:52 --> Session: Class initialized using 'CodeIgniter\Session\Handlers\FileHandler' driver.
INFO - 2023-12-13 07:53:48 --> Session: Class initialized using 'CodeIgniter\Session\Handlers\FileHandler' driver.
INFO - 2023-12-13 07:54:05 --> Session: Class initialized using 'CodeIgniter\Session\Handlers\FileHandler' driver.
INFO - 2023-12-13 07:55:57 --> Session: Class initialized using 'CodeIgniter\Session\Handlers\FileHandler' driver.
INFO - 2023-12-13 07:55:58 --> Session: Class initialized using 'CodeIgniter\Session\Handlers\FileHandler' driver.
INFO - 2023-12-13 07:55:59 --> Session: Class initialized using 'CodeIgniter\Session\Handlers\FileHandler' driver.
INFO - 2023-12-13 07:56:14 --> Session: Class initialized using 'CodeIgniter\Session\Handlers\FileHandler' driver.
INFO - 2023-12-13 07:56:26 --> Session: Class initialized using 'CodeIgniter\Session\Handlers\FileHandler' driver.
CRITICAL - 2023-12-13 07:56:26 --> Undefined variable: title
in APPPATH\Views\includes\top.php on line 8.
 1 APPPATH\Views\includes\top.php(8): CodeIgniter\Debug\Exceptions->errorHandler(8, 'Undefined variable: title', 'E:\\PHP\\htdocs\\wdpf_codeigniter\\ci_app1\\app\\Views\\includes\\top.php', 8, [])
 2 SYSTEMPATH\View\View.php(228): include('E:\\PHP\\htdocs\\wdpf_codeigniter\\ci_app1\\app\\Views\\includes\\top.php')
 3 SYSTEMPATH\View\View.php(231): CodeIgniter\View\View->CodeIgniter\View\{closure}()
 4 SYSTEMPATH\View\View.php(469): CodeIgniter\View\View->render('includes/top.php', null, true)
 5 APPPATH\Views\dashboard.php(3): CodeIgniter\View\View->include('includes/top.php')
 6 SYSTEMPATH\View\View.php(228): include('E:\\PHP\\htdocs\\wdpf_codeigniter\\ci_app1\\app\\Views\\dashboard.php')
 7 SYSTEMPATH\View\View.php(231): CodeIgniter\View\View->CodeIgniter\View\{closure}()
 8 SYSTEMPATH\Common.php(1190): CodeIgniter\View\View->render('dashboard', [], true)
 9 APPPATH\Controllers\Home.php(9): view('dashboard')
10 SYSTEMPATH\CodeIgniter.php(942): App\Controllers\Home->index()
11 SYSTEMPATH\CodeIgniter.php(502): CodeIgniter\CodeIgniter->runController(Object(App\Controllers\Home))
12 SYSTEMPATH\CodeIgniter.php(361): CodeIgniter\CodeIgniter->handleRequest(null, Object(Config\Cache), false)
13 FCPATH\index.php(79): CodeIgniter\CodeIgniter->run()
14 SYSTEMPATH\Commands\Server\rewrite.php(47): require_once('E:\\PHP\\htdocs\\wdpf_codeigniter\\ci_app1\\public\\index.php')
INFO - 2023-12-13 07:57:08 --> Session: Class initialized using 'CodeIgniter\Session\Handlers\FileHandler' driver.
INFO - 2023-12-13 07:57:43 --> Session: Class initialized using 'CodeIgniter\Session\Handlers\FileHandler' driver.
INFO - 2023-12-13 07:58:12 --> Session: Class initialized using 'CodeIgniter\Session\Handlers\FileHandler' driver.
INFO - 2023-12-13 07:59:38 --> Session: Class initialized using 'CodeIgniter\Session\Handlers\FileHandler' driver.
INFO - 2023-12-13 07:59:43 --> Session: Class initialized using 'CodeIgniter\Session\Handlers\FileHandler' driver.
INFO - 2023-12-13 07:59:52 --> Session: Class initialized using 'CodeIgniter\Session\Handlers\FileHandler' driver.
INFO - 2023-12-13 08:00:00 --> Session: Class initialized using 'CodeIgniter\Session\Handlers\FileHandler' driver.
INFO - 2023-12-13 08:00:01 --> Session: Class initialized using 'CodeIgniter\Session\Handlers\FileHandler' driver.
INFO - 2023-12-13 08:00:06 --> Session: Class initialized using 'CodeIgniter\Session\Handlers\FileHandler' driver.
INFO - 2023-12-13 08:20:42 --> Session: Class initialized using 'CodeIgniter\Session\Handlers\FileHandler' driver.
INFO - 2023-12-13 08:20:46 --> Session: Class initialized using 'CodeIgniter\Session\Handlers\FileHandler' driver.
INFO - 2023-12-13 08:20:46 --> Session: Class initialized using 'CodeIgniter\Session\Handlers\FileHandler' driver.
INFO - 2023-12-13 08:20:50 --> Session: Class initialized using 'CodeIgniter\Session\Handlers\FileHandler' driver.
INFO - 2023-12-13 08:20:50 --> Session: Class initialized using 'CodeIgniter\Session\Handlers\FileHandler' driver.
INFO - 2023-12-13 08:20:52 --> Session: Class initialized using 'CodeIgniter\Session\Handlers\FileHandler' driver.
INFO - 2023-12-13 08:20:52 --> Session: Class initialized using 'CodeIgniter\Session\Handlers\FileHandler' driver.
INFO - 2023-12-13 08:20:55 --> Session: Class initialized using 'CodeIgniter\Session\Handlers\FileHandler' driver.
INFO - 2023-12-13 08:20:55 --> Session: Class initialized using 'CodeIgniter\Session\Handlers\FileHandler' driver.
INFO - 2023-12-13 08:21:19 --> Session: Class initialized using 'CodeIgniter\Session\Handlers\FileHandler' driver.
INFO - 2023-12-13 08:27:49 --> Session: Class initialized using 'CodeIgniter\Session\Handlers\FileHandler' driver.
INFO - 2023-12-13 08:29:55 --> Session: Class initialized using 'CodeIgniter\Session\Handlers\FileHandler' driver.
INFO - 2023-12-13 08:30:13 --> Session: Class initialized using 'CodeIgniter\Session\Handlers\FileHandler' driver.
INFO - 2023-12-13 08:30:16 --> Session: Class initialized using 'CodeIgniter\Session\Handlers\FileHandler' driver.
INFO - 2023-12-13 08:31:34 --> Session: Class initialized using 'CodeIgniter\Session\Handlers\FileHandler' driver.
INFO - 2023-12-13 08:31:45 --> Session: Class initialized using 'CodeIgniter\Session\Handlers\FileHandler' driver.
INFO - 2023-12-13 08:31:45 --> Session: Class initialized using 'CodeIgniter\Session\Handlers\FileHandler' driver.
INFO - 2023-12-13 08:31:58 --> Session: Class initialized using 'CodeIgniter\Session\Handlers\FileHandler' driver.
CRITICAL - 2023-12-13 08:31:58 --> Undefined index: blog_id
in APPPATH\Views\services\index.php on line 37.
 1 APPPATH\Views\services\index.php(37): CodeIgniter\Debug\Exceptions->errorHandler(8, 'Undefined index: blog_id', 'E:\\PHP\\htdocs\\wdpf_codeigniter\\ci_app1\\app\\Views\\services\\index.php', 37, [...])
 2 SYSTEMPATH\View\View.php(228): include('E:\\PHP\\htdocs\\wdpf_codeigniter\\ci_app1\\app\\Views\\services\\index.php')
 3 SYSTEMPATH\View\View.php(231): CodeIgniter\View\View->CodeIgniter\View\{closure}()
 4 SYSTEMPATH\Common.php(1190): CodeIgniter\View\View->render('services/index', [], true)
 5 APPPATH\Controllers\ServiceController.php(19): view('services/index', [...])
 6 SYSTEMPATH\CodeIgniter.php(942): App\Controllers\ServiceController->index()
 7 SYSTEMPATH\CodeIgniter.php(502): CodeIgniter\CodeIgniter->runController(Object(App\Controllers\ServiceController))
 8 SYSTEMPATH\CodeIgniter.php(361): CodeIgniter\CodeIgniter->handleRequest(null, Object(Config\Cache), false)
 9 FCPATH\index.php(79): CodeIgniter\CodeIgniter->run()
10 SYSTEMPATH\Commands\Server\rewrite.php(47): require_once('E:\\PHP\\htdocs\\wdpf_codeigniter\\ci_app1\\public\\index.php')
INFO - 2023-12-13 08:32:31 --> Session: Class initialized using 'CodeIgniter\Session\Handlers\FileHandler' driver.
INFO - 2023-12-13 08:34:10 --> Session: Class initialized using 'CodeIgniter\Session\Handlers\FileHandler' driver.
INFO - 2023-12-13 08:36:54 --> Session: Class initialized using 'CodeIgniter\Session\Handlers\FileHandler' driver.
INFO - 2023-12-13 08:37:01 --> Session: Class initialized using 'CodeIgniter\Session\Handlers\FileHandler' driver.
INFO - 2023-12-13 08:39:18 --> Session: Class initialized using 'CodeIgniter\Session\Handlers\FileHandler' driver.
INFO - 2023-12-13 08:39:32 --> Session: Class initialized using 'CodeIgniter\Session\Handlers\FileHandler' driver.
INFO - 2023-12-13 08:39:33 --> Session: Class initialized using 'CodeIgniter\Session\Handlers\FileHandler' driver.
INFO - 2023-12-13 08:39:37 --> Session: Class initialized using 'CodeIgniter\Session\Handlers\FileHandler' driver.
INFO - 2023-12-13 08:41:12 --> Session: Class initialized using 'CodeIgniter\Session\Handlers\FileHandler' driver.
INFO - 2023-12-13 08:42:00 --> Session: Class initialized using 'CodeIgniter\Session\Handlers\FileHandler' driver.
INFO - 2023-12-13 08:42:08 --> Session: Class initialized using 'CodeIgniter\Session\Handlers\FileHandler' driver.
INFO - 2023-12-13 08:42:31 --> Session: Class initialized using 'CodeIgniter\Session\Handlers\FileHandler' driver.
INFO - 2023-12-13 08:42:34 --> Session: Class initialized using 'CodeIgniter\Session\Handlers\FileHandler' driver.
INFO - 2023-12-13 08:42:35 --> Session: Class initialized using 'CodeIgniter\Session\Handlers\FileHandler' driver.
INFO - 2023-12-13 08:42:39 --> Session: Class initialized using 'CodeIgniter\Session\Handlers\FileHandler' driver.
INFO - 2023-12-13 08:43:02 --> Session: Class initialized using 'CodeIgniter\Session\Handlers\FileHandler' driver.
INFO - 2023-12-13 08:43:02 --> Session: Class initialized using 'CodeIgniter\Session\Handlers\FileHandler' driver.
INFO - 2023-12-13 08:43:33 --> Session: Class initialized using 'CodeIgniter\Session\Handlers\FileHandler' driver.
INFO - 2023-12-13 08:43:33 --> Session: Class initialized using 'CodeIgniter\Session\Handlers\FileHandler' driver.
INFO - 2023-12-13 08:43:43 --> Session: Class initialized using 'CodeIgniter\Session\Handlers\FileHandler' driver.
INFO - 2023-12-13 08:44:47 --> Session: Class initialized using 'CodeIgniter\Session\Handlers\FileHandler' driver.
INFO - 2023-12-13 08:44:53 --> Session: Class initialized using 'CodeIgniter\Session\Handlers\FileHandler' driver.
INFO - 2023-12-13 08:44:53 --> Session: Class initialized using 'CodeIgniter\Session\Handlers\FileHandler' driver.
INFO - 2023-12-13 08:51:58 --> Session: Class initialized using 'CodeIgniter\Session\Handlers\FileHandler' driver.
INFO - 2023-12-13 08:52:07 --> Session: Class initialized using 'CodeIgniter\Session\Handlers\FileHandler' driver.
INFO - 2023-12-13 08:52:07 --> Session: Class initialized using 'CodeIgniter\Session\Handlers\FileHandler' driver.
INFO - 2023-12-13 08:52:17 --> Session: Class initialized using 'CodeIgniter\Session\Handlers\FileHandler' driver.
INFO - 2023-12-13 08:52:30 --> Session: Class initialized using 'CodeIgniter\Session\Handlers\FileHandler' driver.
INFO - 2023-12-13 08:52:30 --> Session: Class initialized using 'CodeIgniter\Session\Handlers\FileHandler' driver.
INFO - 2023-12-13 08:52:36 --> Session: Class initialized using 'CodeIgniter\Session\Handlers\FileHandler' driver.
INFO - 2023-12-13 08:52:36 --> Session: Class initialized using 'CodeIgniter\Session\Handlers\FileHandler' driver.
INFO - 2023-12-13 08:52:41 --> Session: Class initialized using 'CodeIgniter\Session\Handlers\FileHandler' driver.
INFO - 2023-12-13 08:52:41 --> Session: Class initialized using 'CodeIgniter\Session\Handlers\FileHandler' driver.
INFO - 2023-12-13 08:52:44 --> Session: Class initialized using 'CodeIgniter\Session\Handlers\FileHandler' driver.
INFO - 2023-12-13 08:52:44 --> Session: Class initialized using 'CodeIgniter\Session\Handlers\FileHandler' driver.
INFO - 2023-12-13 08:53:39 --> Session: Class initialized using 'CodeIgniter\Session\Handlers\FileHandler' driver.
INFO - 2023-12-13 08:53:41 --> Session: Class initialized using 'CodeIgniter\Session\Handlers\FileHandler' driver.
INFO - 2023-12-13 08:53:49 --> Session: Class initialized using 'CodeIgniter\Session\Handlers\FileHandler' driver.
INFO - 2023-12-13 08:54:58 --> Session: Class initialized using 'CodeIgniter\Session\Handlers\FileHandler' driver.
INFO - 2023-12-13 08:57:28 --> Session: Class initialized using 'CodeIgniter\Session\Handlers\FileHandler' driver.
INFO - 2023-12-13 08:57:30 --> Session: Class initialized using 'CodeIgniter\Session\Handlers\FileHandler' driver.
INFO - 2023-12-13 08:57:33 --> Session: Class initialized using 'CodeIgniter\Session\Handlers\FileHandler' driver.
INFO - 2023-12-13 08:57:33 --> Session: Class initialized using 'CodeIgniter\Session\Handlers\FileHandler' driver.
INFO - 2023-12-13 08:57:37 --> Session: Class initialized using 'CodeIgniter\Session\Handlers\FileHandler' driver.
INFO - 2023-12-13 08:58:34 --> Session: Class initialized using 'CodeIgniter\Session\Handlers\FileHandler' driver.
INFO - 2023-12-13 08:58:34 --> Session: Class initialized using 'CodeIgniter\Session\Handlers\FileHandler' driver.
INFO - 2023-12-13 08:58:36 --> Session: Class initialized using 'CodeIgniter\Session\Handlers\FileHandler' driver.
INFO - 2023-12-13 08:58:38 --> Session: Class initialized using 'CodeIgniter\Session\Handlers\FileHandler' driver.
INFO - 2023-12-13 08:58:39 --> Session: Class initialized using 'CodeIgniter\Session\Handlers\FileHandler' driver.
INFO - 2023-12-13 08:58:44 --> Session: Class initialized using 'CodeIgniter\Session\Handlers\FileHandler' driver.
INFO - 2023-12-13 08:58:44 --> Session: Class initialized using 'CodeIgniter\Session\Handlers\FileHandler' driver.
INFO - 2023-12-13 08:58:47 --> Session: Class initialized using 'CodeIgniter\Session\Handlers\FileHandler' driver.
INFO - 2023-12-13 08:58:53 --> Session: Class initialized using 'CodeIgniter\Session\Handlers\FileHandler' driver.
INFO - 2023-12-13 08:58:53 --> Session: Class initialized using 'CodeIgniter\Session\Handlers\FileHandler' driver.
INFO - 2023-12-13 09:00:17 --> Session: Class initialized using 'CodeIgniter\Session\Handlers\FileHandler' driver.
INFO - 2023-12-13 09:00:20 --> Session: Class initialized using 'CodeIgniter\Session\Handlers\FileHandler' driver.
INFO - 2023-12-13 09:00:20 --> Session: Class initialized using 'CodeIgniter\Session\Handlers\FileHandler' driver.
INFO - 2023-12-13 09:00:24 --> Session: Class initialized using 'CodeIgniter\Session\Handlers\FileHandler' driver.
INFO - 2023-12-13 09:12:18 --> Session: Class initialized using 'CodeIgniter\Session\Handlers\FileHandler' driver.
INFO - 2023-12-13 09:12:20 --> Session: Class initialized using 'CodeIgniter\Session\Handlers\FileHandler' driver.
CRITICAL - 2023-12-13 09:12:20 --> Undefined variable: items
in APPPATH\Views\properties\index.php on line 34.
 1 APPPATH\Views\properties\index.php(34): CodeIgniter\Debug\Exceptions->errorHandler(8, 'Undefined variable: items', 'E:\\PHP\\htdocs\\wdpf_codeigniter\\ci_app1\\app\\Views\\properties\\index.php', 34, [])
 2 SYSTEMPATH\View\View.php(228): include('E:\\PHP\\htdocs\\wdpf_codeigniter\\ci_app1\\app\\Views\\properties\\index.php')
 3 SYSTEMPATH\View\View.php(231): CodeIgniter\View\View->CodeIgniter\View\{closure}()
 4 SYSTEMPATH\Common.php(1190): CodeIgniter\View\View->render('properties/index', [], true)
 5 APPPATH\Controllers\PropertyController.php(26): view('properties/index')
 6 SYSTEMPATH\CodeIgniter.php(942): App\Controllers\PropertyController->index()
 7 SYSTEMPATH\CodeIgniter.php(502): CodeIgniter\CodeIgniter->runController(Object(App\Controllers\PropertyController))
 8 SYSTEMPATH\CodeIgniter.php(361): CodeIgniter\CodeIgniter->handleRequest(null, Object(Config\Cache), false)
 9 FCPATH\index.php(79): CodeIgniter\CodeIgniter->run()
10 SYSTEMPATH\Commands\Server\rewrite.php(47): require_once('E:\\PHP\\htdocs\\wdpf_codeigniter\\ci_app1\\public\\index.php')
INFO - 2023-12-13 09:15:20 --> Session: Class initialized using 'CodeIgniter\Session\Handlers\FileHandler' driver.
INFO - 2023-12-13 09:15:24 --> Session: Class initialized using 'CodeIgniter\Session\Handlers\FileHandler' driver.
INFO - 2023-12-13 09:15:24 --> Session: Class initialized using 'CodeIgniter\Session\Handlers\FileHandler' driver.
INFO - 2023-12-13 09:15:54 --> Session: Class initialized using 'CodeIgniter\Session\Handlers\FileHandler' driver.
INFO - 2023-12-13 09:16:06 --> Session: Class initialized using 'CodeIgniter\Session\Handlers\FileHandler' driver.
INFO - 2023-12-13 09:17:04 --> Session: Class initialized using 'CodeIgniter\Session\Handlers\FileHandler' driver.
INFO - 2023-12-13 09:17:11 --> Session: Class initialized using 'CodeIgniter\Session\Handlers\FileHandler' driver.
INFO - 2023-12-13 09:17:15 --> Session: Class initialized using 'CodeIgniter\Session\Handlers\FileHandler' driver.
INFO - 2023-12-13 09:17:16 --> Session: Class initialized using 'CodeIgniter\Session\Handlers\FileHandler' driver.
CRITICAL - 2023-12-13 13:42:51 --> Invalid argument supplied for foreach()
in APPPATH\Views\properties\add.php on line 37.
 1 APPPATH\Views\properties\add.php(37): CodeIgniter\Debug\Exceptions->errorHandler(2, 'Invalid argument supplied for foreach()', 'E:\\PHP\\htdocs\\wdpf_codeigniter\\ci_app1\\app\\Views\\properties\\add.php', 37, [])
 2 SYSTEMPATH\View\View.php(228): include('E:\\PHP\\htdocs\\wdpf_codeigniter\\ci_app1\\app\\Views\\properties\\add.php')
 3 SYSTEMPATH\View\View.php(231): CodeIgniter\View\View->CodeIgniter\View\{closure}()
 4 SYSTEMPATH\Common.php(1190): CodeIgniter\View\View->render('properties/add', [], true)
 5 APPPATH\Controllers\PropertyController.php(30): view('properties/add')
 6 SYSTEMPATH\CodeIgniter.php(942): App\Controllers\PropertyController->add()
 7 SYSTEMPATH\CodeIgniter.php(502): CodeIgniter\CodeIgniter->runController(Object(App\Controllers\PropertyController))
 8 SYSTEMPATH\CodeIgniter.php(361): CodeIgniter\CodeIgniter->handleRequest(null, Object(Config\Cache), false)
 9 FCPATH\index.php(79): CodeIgniter\CodeIgniter->run()
10 SYSTEMPATH\Commands\Server\rewrite.php(47): require_once('E:\\PHP\\htdocs\\wdpf_codeigniter\\ci_app1\\public\\index.php')
CRITICAL - 2023-12-13 13:58:17 --> Invalid argument supplied for foreach()
in APPPATH\Views\properties\add.php on line 37.
 1 APPPATH\Views\properties\add.php(37): CodeIgniter\Debug\Exceptions->errorHandler(2, 'Invalid argument supplied for foreach()', 'E:\\PHP\\htdocs\\wdpf_codeigniter\\ci_app1\\app\\Views\\properties\\add.php', 37, [])
 2 SYSTEMPATH\View\View.php(228): include('E:\\PHP\\htdocs\\wdpf_codeigniter\\ci_app1\\app\\Views\\properties\\add.php')
 3 SYSTEMPATH\View\View.php(231): CodeIgniter\View\View->CodeIgniter\View\{closure}()
 4 SYSTEMPATH\Common.php(1190): CodeIgniter\View\View->render('properties/add', [], true)
 5 APPPATH\Controllers\PropertyController.php(30): view('properties/add')
 6 SYSTEMPATH\CodeIgniter.php(942): App\Controllers\PropertyController->add()
 7 SYSTEMPATH\CodeIgniter.php(502): CodeIgniter\CodeIgniter->runController(Object(App\Controllers\PropertyController))
 8 SYSTEMPATH\CodeIgniter.php(361): CodeIgniter\CodeIgniter->handleRequest(null, Object(Config\Cache), false)
 9 FCPATH\index.php(79): CodeIgniter\CodeIgniter->run()
10 SYSTEMPATH\Commands\Server\rewrite.php(47): require_once('E:\\PHP\\htdocs\\wdpf_codeigniter\\ci_app1\\public\\index.php')
INFO - 2023-12-13 13:58:38 --> Session: Class initialized using 'CodeIgniter\Session\Handlers\FileHandler' driver.
CRITICAL - 2023-12-13 13:58:38 --> Undefined variable: cats
in APPPATH\Views\properties\add.php on line 37.
 1 APPPATH\Views\properties\add.php(37): CodeIgniter\Debug\Exceptions->errorHandler(8, 'Undefined variable: cats', 'E:\\PHP\\htdocs\\wdpf_codeigniter\\ci_app1\\app\\Views\\properties\\add.php', 37, [])
 2 SYSTEMPATH\View\View.php(228): include('E:\\PHP\\htdocs\\wdpf_codeigniter\\ci_app1\\app\\Views\\properties\\add.php')
 3 SYSTEMPATH\View\View.php(231): CodeIgniter\View\View->CodeIgniter\View\{closure}()
 4 SYSTEMPATH\Common.php(1190): CodeIgniter\View\View->render('properties/add', [], true)
 5 APPPATH\Controllers\PropertyController.php(30): view('properties/add')
 6 SYSTEMPATH\CodeIgniter.php(942): App\Controllers\PropertyController->add()
 7 SYSTEMPATH\CodeIgniter.php(502): CodeIgniter\CodeIgniter->runController(Object(App\Controllers\PropertyController))
 8 SYSTEMPATH\CodeIgniter.php(361): CodeIgniter\CodeIgniter->handleRequest(null, Object(Config\Cache), false)
 9 FCPATH\index.php(79): CodeIgniter\CodeIgniter->run()
10 SYSTEMPATH\Commands\Server\rewrite.php(47): require_once('E:\\PHP\\htdocs\\wdpf_codeigniter\\ci_app1\\public\\index.php')
INFO - 2023-12-13 13:59:25 --> Session: Class initialized using 'CodeIgniter\Session\Handlers\FileHandler' driver.
CRITICAL - 2023-12-13 13:59:25 --> Undefined variable: cats
in APPPATH\Views\properties\add.php on line 37.
 1 APPPATH\Views\properties\add.php(37): CodeIgniter\Debug\Exceptions->errorHandler(8, 'Undefined variable: cats', 'E:\\PHP\\htdocs\\wdpf_codeigniter\\ci_app1\\app\\Views\\properties\\add.php', 37, [])
 2 SYSTEMPATH\View\View.php(228): include('E:\\PHP\\htdocs\\wdpf_codeigniter\\ci_app1\\app\\Views\\properties\\add.php')
 3 SYSTEMPATH\View\View.php(231): CodeIgniter\View\View->CodeIgniter\View\{closure}()
 4 SYSTEMPATH\Common.php(1190): CodeIgniter\View\View->render('properties/add', [], true)
 5 APPPATH\Controllers\PropertyController.php(30): view('properties/add')
 6 SYSTEMPATH\CodeIgniter.php(942): App\Controllers\PropertyController->add()
 7 SYSTEMPATH\CodeIgniter.php(502): CodeIgniter\CodeIgniter->runController(Object(App\Controllers\PropertyController))
 8 SYSTEMPATH\CodeIgniter.php(361): CodeIgniter\CodeIgniter->handleRequest(null, Object(Config\Cache), false)
 9 FCPATH\index.php(79): CodeIgniter\CodeIgniter->run()
10 SYSTEMPATH\Commands\Server\rewrite.php(47): require_once('E:\\PHP\\htdocs\\wdpf_codeigniter\\ci_app1\\public\\index.php')
INFO - 2023-12-13 13:59:28 --> Session: Class initialized using 'CodeIgniter\Session\Handlers\FileHandler' driver.
CRITICAL - 2023-12-13 13:59:28 --> Undefined variable: cats
in APPPATH\Views\properties\add.php on line 37.
 1 APPPATH\Views\properties\add.php(37): CodeIgniter\Debug\Exceptions->errorHandler(8, 'Undefined variable: cats', 'E:\\PHP\\htdocs\\wdpf_codeigniter\\ci_app1\\app\\Views\\properties\\add.php', 37, [])
 2 SYSTEMPATH\View\View.php(228): include('E:\\PHP\\htdocs\\wdpf_codeigniter\\ci_app1\\app\\Views\\properties\\add.php')
 3 SYSTEMPATH\View\View.php(231): CodeIgniter\View\View->CodeIgniter\View\{closure}()
 4 SYSTEMPATH\Common.php(1190): CodeIgniter\View\View->render('properties/add', [], true)
 5 APPPATH\Controllers\PropertyController.php(30): view('properties/add')
 6 SYSTEMPATH\CodeIgniter.php(942): App\Controllers\PropertyController->add()
 7 SYSTEMPATH\CodeIgniter.php(502): CodeIgniter\CodeIgniter->runController(Object(App\Controllers\PropertyController))
 8 SYSTEMPATH\CodeIgniter.php(361): CodeIgniter\CodeIgniter->handleRequest(null, Object(Config\Cache), false)
 9 FCPATH\index.php(79): CodeIgniter\CodeIgniter->run()
10 SYSTEMPATH\Commands\Server\rewrite.php(47): require_once('E:\\PHP\\htdocs\\wdpf_codeigniter\\ci_app1\\public\\index.php')
INFO - 2023-12-13 13:59:32 --> Session: Class initialized using 'CodeIgniter\Session\Handlers\FileHandler' driver.
CRITICAL - 2023-12-13 13:59:32 --> Undefined variable: cats
in APPPATH\Views\properties\add.php on line 37.
 1 APPPATH\Views\properties\add.php(37): CodeIgniter\Debug\Exceptions->errorHandler(8, 'Undefined variable: cats', 'E:\\PHP\\htdocs\\wdpf_codeigniter\\ci_app1\\app\\Views\\properties\\add.php', 37, [])
 2 SYSTEMPATH\View\View.php(228): include('E:\\PHP\\htdocs\\wdpf_codeigniter\\ci_app1\\app\\Views\\properties\\add.php')
 3 SYSTEMPATH\View\View.php(231): CodeIgniter\View\View->CodeIgniter\View\{closure}()
 4 SYSTEMPATH\Common.php(1190): CodeIgniter\View\View->render('properties/add', [], true)
 5 APPPATH\Controllers\PropertyController.php(30): view('properties/add')
 6 SYSTEMPATH\CodeIgniter.php(942): App\Controllers\PropertyController->add()
 7 SYSTEMPATH\CodeIgniter.php(502): CodeIgniter\CodeIgniter->runController(Object(App\Controllers\PropertyController))
 8 SYSTEMPATH\CodeIgniter.php(361): CodeIgniter\CodeIgniter->handleRequest(null, Object(Config\Cache), false)
 9 FCPATH\index.php(79): CodeIgniter\CodeIgniter->run()
10 SYSTEMPATH\Commands\Server\rewrite.php(47): require_once('E:\\PHP\\htdocs\\wdpf_codeigniter\\ci_app1\\public\\index.php')
INFO - 2023-12-13 14:00:23 --> Session: Class initialized using 'CodeIgniter\Session\Handlers\FileHandler' driver.
CRITICAL - 2023-12-13 14:00:23 --> Undefined variable: cats
in APPPATH\Views\properties\add.php on line 37.
 1 APPPATH\Views\properties\add.php(37): CodeIgniter\Debug\Exceptions->errorHandler(8, 'Undefined variable: cats', 'E:\\PHP\\htdocs\\wdpf_codeigniter\\ci_app1\\app\\Views\\properties\\add.php', 37, [])
 2 SYSTEMPATH\View\View.php(228): include('E:\\PHP\\htdocs\\wdpf_codeigniter\\ci_app1\\app\\Views\\properties\\add.php')
 3 SYSTEMPATH\View\View.php(231): CodeIgniter\View\View->CodeIgniter\View\{closure}()
 4 SYSTEMPATH\Common.php(1190): CodeIgniter\View\View->render('properties/add', [], true)
 5 APPPATH\Controllers\PropertyController.php(30): view('properties/add')
 6 SYSTEMPATH\CodeIgniter.php(942): App\Controllers\PropertyController->add()
 7 SYSTEMPATH\CodeIgniter.php(502): CodeIgniter\CodeIgniter->runController(Object(App\Controllers\PropertyController))
 8 SYSTEMPATH\CodeIgniter.php(361): CodeIgniter\CodeIgniter->handleRequest(null, Object(Config\Cache), false)
 9 FCPATH\index.php(79): CodeIgniter\CodeIgniter->run()
10 SYSTEMPATH\Commands\Server\rewrite.php(47): require_once('E:\\PHP\\htdocs\\wdpf_codeigniter\\ci_app1\\public\\index.php')
INFO - 2023-12-13 14:00:26 --> Session: Class initialized using 'CodeIgniter\Session\Handlers\FileHandler' driver.
CRITICAL - 2023-12-13 14:00:26 --> Undefined variable: cats
in APPPATH\Views\properties\add.php on line 37.
 1 APPPATH\Views\properties\add.php(37): CodeIgniter\Debug\Exceptions->errorHandler(8, 'Undefined variable: cats', 'E:\\PHP\\htdocs\\wdpf_codeigniter\\ci_app1\\app\\Views\\properties\\add.php', 37, [])
 2 SYSTEMPATH\View\View.php(228): include('E:\\PHP\\htdocs\\wdpf_codeigniter\\ci_app1\\app\\Views\\properties\\add.php')
 3 SYSTEMPATH\View\View.php(231): CodeIgniter\View\View->CodeIgniter\View\{closure}()
 4 SYSTEMPATH\Common.php(1190): CodeIgniter\View\View->render('properties/add', [], true)
 5 APPPATH\Controllers\PropertyController.php(30): view('properties/add')
 6 SYSTEMPATH\CodeIgniter.php(942): App\Controllers\PropertyController->add()
 7 SYSTEMPATH\CodeIgniter.php(502): CodeIgniter\CodeIgniter->runController(Object(App\Controllers\PropertyController))
 8 SYSTEMPATH\CodeIgniter.php(361): CodeIgniter\CodeIgniter->handleRequest(null, Object(Config\Cache), false)
 9 FCPATH\index.php(79): CodeIgniter\CodeIgniter->run()
10 SYSTEMPATH\Commands\Server\rewrite.php(47): require_once('E:\\PHP\\htdocs\\wdpf_codeigniter\\ci_app1\\public\\index.php')
INFO - 2023-12-13 14:02:21 --> Session: Class initialized using 'CodeIgniter\Session\Handlers\FileHandler' driver.
CRITICAL - 2023-12-13 14:02:21 --> Undefined variable: cats
in APPPATH\Views\properties\add.php on line 37.
 1 APPPATH\Views\properties\add.php(37): CodeIgniter\Debug\Exceptions->errorHandler(8, 'Undefined variable: cats', 'E:\\PHP\\htdocs\\wdpf_codeigniter\\ci_app1\\app\\Views\\properties\\add.php', 37, [])
 2 SYSTEMPATH\View\View.php(228): include('E:\\PHP\\htdocs\\wdpf_codeigniter\\ci_app1\\app\\Views\\properties\\add.php')
 3 SYSTEMPATH\View\View.php(231): CodeIgniter\View\View->CodeIgniter\View\{closure}()
 4 SYSTEMPATH\Common.php(1190): CodeIgniter\View\View->render('properties/add', [], true)
 5 APPPATH\Controllers\PropertyController.php(30): view('properties/add')
 6 SYSTEMPATH\CodeIgniter.php(942): App\Controllers\PropertyController->add()
 7 SYSTEMPATH\CodeIgniter.php(502): CodeIgniter\CodeIgniter->runController(Object(App\Controllers\PropertyController))
 8 SYSTEMPATH\CodeIgniter.php(361): CodeIgniter\CodeIgniter->handleRequest(null, Object(Config\Cache), false)
 9 FCPATH\index.php(79): CodeIgniter\CodeIgniter->run()
10 SYSTEMPATH\Commands\Server\rewrite.php(47): require_once('E:\\PHP\\htdocs\\wdpf_codeigniter\\ci_app1\\public\\index.php')
INFO - 2023-12-13 14:02:23 --> Session: Class initialized using 'CodeIgniter\Session\Handlers\FileHandler' driver.
CRITICAL - 2023-12-13 14:02:23 --> Undefined variable: cats
in APPPATH\Views\properties\add.php on line 37.
 1 APPPATH\Views\properties\add.php(37): CodeIgniter\Debug\Exceptions->errorHandler(8, 'Undefined variable: cats', 'E:\\PHP\\htdocs\\wdpf_codeigniter\\ci_app1\\app\\Views\\properties\\add.php', 37, [])
 2 SYSTEMPATH\View\View.php(228): include('E:\\PHP\\htdocs\\wdpf_codeigniter\\ci_app1\\app\\Views\\properties\\add.php')
 3 SYSTEMPATH\View\View.php(231): CodeIgniter\View\View->CodeIgniter\View\{closure}()
 4 SYSTEMPATH\Common.php(1190): CodeIgniter\View\View->render('properties/add', [], true)
 5 APPPATH\Controllers\PropertyController.php(30): view('properties/add')
 6 SYSTEMPATH\CodeIgniter.php(942): App\Controllers\PropertyController->add()
 7 SYSTEMPATH\CodeIgniter.php(502): CodeIgniter\CodeIgniter->runController(Object(App\Controllers\PropertyController))
 8 SYSTEMPATH\CodeIgniter.php(361): CodeIgniter\CodeIgniter->handleRequest(null, Object(Config\Cache), false)
 9 FCPATH\index.php(79): CodeIgniter\CodeIgniter->run()
10 SYSTEMPATH\Commands\Server\rewrite.php(47): require_once('E:\\PHP\\htdocs\\wdpf_codeigniter\\ci_app1\\public\\index.php')
INFO - 2023-12-13 14:02:24 --> Session: Class initialized using 'CodeIgniter\Session\Handlers\FileHandler' driver.
CRITICAL - 2023-12-13 14:02:24 --> Undefined variable: cats
in APPPATH\Views\properties\add.php on line 37.
 1 APPPATH\Views\properties\add.php(37): CodeIgniter\Debug\Exceptions->errorHandler(8, 'Undefined variable: cats', 'E:\\PHP\\htdocs\\wdpf_codeigniter\\ci_app1\\app\\Views\\properties\\add.php', 37, [])
 2 SYSTEMPATH\View\View.php(228): include('E:\\PHP\\htdocs\\wdpf_codeigniter\\ci_app1\\app\\Views\\properties\\add.php')
 3 SYSTEMPATH\View\View.php(231): CodeIgniter\View\View->CodeIgniter\View\{closure}()
 4 SYSTEMPATH\Common.php(1190): CodeIgniter\View\View->render('properties/add', [], true)
 5 APPPATH\Controllers\PropertyController.php(30): view('properties/add')
 6 SYSTEMPATH\CodeIgniter.php(942): App\Controllers\PropertyController->add()
 7 SYSTEMPATH\CodeIgniter.php(502): CodeIgniter\CodeIgniter->runController(Object(App\Controllers\PropertyController))
 8 SYSTEMPATH\CodeIgniter.php(361): CodeIgniter\CodeIgniter->handleRequest(null, Object(Config\Cache), false)
 9 FCPATH\index.php(79): CodeIgniter\CodeIgniter->run()
10 SYSTEMPATH\Commands\Server\rewrite.php(47): require_once('E:\\PHP\\htdocs\\wdpf_codeigniter\\ci_app1\\public\\index.php')
INFO - 2023-12-13 14:02:24 --> Session: Class initialized using 'CodeIgniter\Session\Handlers\FileHandler' driver.
CRITICAL - 2023-12-13 14:02:24 --> Undefined variable: cats
in APPPATH\Views\properties\add.php on line 37.
 1 APPPATH\Views\properties\add.php(37): CodeIgniter\Debug\Exceptions->errorHandler(8, 'Undefined variable: cats', 'E:\\PHP\\htdocs\\wdpf_codeigniter\\ci_app1\\app\\Views\\properties\\add.php', 37, [])
 2 SYSTEMPATH\View\View.php(228): include('E:\\PHP\\htdocs\\wdpf_codeigniter\\ci_app1\\app\\Views\\properties\\add.php')
 3 SYSTEMPATH\View\View.php(231): CodeIgniter\View\View->CodeIgniter\View\{closure}()
 4 SYSTEMPATH\Common.php(1190): CodeIgniter\View\View->render('properties/add', [], true)
 5 APPPATH\Controllers\PropertyController.php(30): view('properties/add')
 6 SYSTEMPATH\CodeIgniter.php(942): App\Controllers\PropertyController->add()
 7 SYSTEMPATH\CodeIgniter.php(502): CodeIgniter\CodeIgniter->runController(Object(App\Controllers\PropertyController))
 8 SYSTEMPATH\CodeIgniter.php(361): CodeIgniter\CodeIgniter->handleRequest(null, Object(Config\Cache), false)
 9 FCPATH\index.php(79): CodeIgniter\CodeIgniter->run()
10 SYSTEMPATH\Commands\Server\rewrite.php(47): require_once('E:\\PHP\\htdocs\\wdpf_codeigniter\\ci_app1\\public\\index.php')
INFO - 2023-12-13 14:02:38 --> Session: Class initialized using 'CodeIgniter\Session\Handlers\FileHandler' driver.
CRITICAL - 2023-12-13 14:02:38 --> Undefined variable: cats
in APPPATH\Views\properties\add.php on line 37.
 1 APPPATH\Views\properties\add.php(37): CodeIgniter\Debug\Exceptions->errorHandler(8, 'Undefined variable: cats', 'E:\\PHP\\htdocs\\wdpf_codeigniter\\ci_app1\\app\\Views\\properties\\add.php', 37, [])
 2 SYSTEMPATH\View\View.php(228): include('E:\\PHP\\htdocs\\wdpf_codeigniter\\ci_app1\\app\\Views\\properties\\add.php')
 3 SYSTEMPATH\View\View.php(231): CodeIgniter\View\View->CodeIgniter\View\{closure}()
 4 SYSTEMPATH\Common.php(1190): CodeIgniter\View\View->render('properties/add', [], true)
 5 APPPATH\Controllers\PropertyController.php(30): view('properties/add')
 6 SYSTEMPATH\CodeIgniter.php(942): App\Controllers\PropertyController->add()
 7 SYSTEMPATH\CodeIgniter.php(502): CodeIgniter\CodeIgniter->runController(Object(App\Controllers\PropertyController))
 8 SYSTEMPATH\CodeIgniter.php(361): CodeIgniter\CodeIgniter->handleRequest(null, Object(Config\Cache), false)
 9 FCPATH\index.php(79): CodeIgniter\CodeIgniter->run()
10 SYSTEMPATH\Commands\Server\rewrite.php(47): require_once('E:\\PHP\\htdocs\\wdpf_codeigniter\\ci_app1\\public\\index.php')
INFO - 2023-12-13 14:05:15 --> Session: Class initialized using 'CodeIgniter\Session\Handlers\FileHandler' driver.
CRITICAL - 2023-12-13 14:05:15 --> Undefined variable: cats
in APPPATH\Views\properties\add.php on line 37.
 1 APPPATH\Views\properties\add.php(37): CodeIgniter\Debug\Exceptions->errorHandler(8, 'Undefined variable: cats', 'E:\\PHP\\htdocs\\wdpf_codeigniter\\ci_app1\\app\\Views\\properties\\add.php', 37, [])
 2 SYSTEMPATH\View\View.php(228): include('E:\\PHP\\htdocs\\wdpf_codeigniter\\ci_app1\\app\\Views\\properties\\add.php')
 3 SYSTEMPATH\View\View.php(231): CodeIgniter\View\View->CodeIgniter\View\{closure}()
 4 SYSTEMPATH\Common.php(1190): CodeIgniter\View\View->render('properties/add', [], true)
 5 APPPATH\Controllers\PropertyController.php(30): view('properties/add')
 6 SYSTEMPATH\CodeIgniter.php(942): App\Controllers\PropertyController->add()
 7 SYSTEMPATH\CodeIgniter.php(502): CodeIgniter\CodeIgniter->runController(Object(App\Controllers\PropertyController))
 8 SYSTEMPATH\CodeIgniter.php(361): CodeIgniter\CodeIgniter->handleRequest(null, Object(Config\Cache), false)
 9 FCPATH\index.php(79): CodeIgniter\CodeIgniter->run()
10 SYSTEMPATH\Commands\Server\rewrite.php(47): require_once('E:\\PHP\\htdocs\\wdpf_codeigniter\\ci_app1\\public\\index.php')
INFO - 2023-12-13 14:09:36 --> Session: Class initialized using 'CodeIgniter\Session\Handlers\FileHandler' driver.
CRITICAL - 2023-12-13 14:09:36 --> Undefined variable: cats
in APPPATH\Views\properties\add.php on line 37.
 1 APPPATH\Views\properties\add.php(37): CodeIgniter\Debug\Exceptions->errorHandler(8, 'Undefined variable: cats', 'E:\\PHP\\htdocs\\wdpf_codeigniter\\ci_app1\\app\\Views\\properties\\add.php', 37, [])
 2 SYSTEMPATH\View\View.php(228): include('E:\\PHP\\htdocs\\wdpf_codeigniter\\ci_app1\\app\\Views\\properties\\add.php')
 3 SYSTEMPATH\View\View.php(231): CodeIgniter\View\View->CodeIgniter\View\{closure}()
 4 SYSTEMPATH\Common.php(1190): CodeIgniter\View\View->render('properties/add', [], true)
 5 APPPATH\Controllers\PropertyController.php(30): view('properties/add')
 6 SYSTEMPATH\CodeIgniter.php(942): App\Controllers\PropertyController->add()
 7 SYSTEMPATH\CodeIgniter.php(502): CodeIgniter\CodeIgniter->runController(Object(App\Controllers\PropertyController))
 8 SYSTEMPATH\CodeIgniter.php(361): CodeIgniter\CodeIgniter->handleRequest(null, Object(Config\Cache), false)
 9 FCPATH\index.php(79): CodeIgniter\CodeIgniter->run()
10 SYSTEMPATH\Commands\Server\rewrite.php(47): require_once('E:\\PHP\\htdocs\\wdpf_codeigniter\\ci_app1\\public\\index.php')
INFO - 2023-12-13 14:13:36 --> Session: Class initialized using 'CodeIgniter\Session\Handlers\FileHandler' driver.
CRITICAL - 2023-12-13 14:13:36 --> Undefined variable: cats
in APPPATH\Views\properties\add.php on line 37.
 1 APPPATH\Views\properties\add.php(37): CodeIgniter\Debug\Exceptions->errorHandler(8, 'Undefined variable: cats', 'E:\\PHP\\htdocs\\wdpf_codeigniter\\ci_app1\\app\\Views\\properties\\add.php', 37, [])
 2 SYSTEMPATH\View\View.php(228): include('E:\\PHP\\htdocs\\wdpf_codeigniter\\ci_app1\\app\\Views\\properties\\add.php')
 3 SYSTEMPATH\View\View.php(231): CodeIgniter\View\View->CodeIgniter\View\{closure}()
 4 SYSTEMPATH\Common.php(1190): CodeIgniter\View\View->render('properties/add', [], true)
 5 APPPATH\Controllers\PropertyController.php(31): view('properties/add')
 6 SYSTEMPATH\CodeIgniter.php(942): App\Controllers\PropertyController->add()
 7 SYSTEMPATH\CodeIgniter.php(502): CodeIgniter\CodeIgniter->runController(Object(App\Controllers\PropertyController))
 8 SYSTEMPATH\CodeIgniter.php(361): CodeIgniter\CodeIgniter->handleRequest(null, Object(Config\Cache), false)
 9 FCPATH\index.php(79): CodeIgniter\CodeIgniter->run()
10 SYSTEMPATH\Commands\Server\rewrite.php(47): require_once('E:\\PHP\\htdocs\\wdpf_codeigniter\\ci_app1\\public\\index.php')
INFO - 2023-12-13 14:15:27 --> Session: Class initialized using 'CodeIgniter\Session\Handlers\FileHandler' driver.
CRITICAL - 2023-12-13 14:15:27 --> Undefined variable: cats
in APPPATH\Views\properties\add.php on line 37.
 1 APPPATH\Views\properties\add.php(37): CodeIgniter\Debug\Exceptions->errorHandler(8, 'Undefined variable: cats', 'E:\\PHP\\htdocs\\wdpf_codeigniter\\ci_app1\\app\\Views\\properties\\add.php', 37, [])
 2 SYSTEMPATH\View\View.php(228): include('E:\\PHP\\htdocs\\wdpf_codeigniter\\ci_app1\\app\\Views\\properties\\add.php')
 3 SYSTEMPATH\View\View.php(231): CodeIgniter\View\View->CodeIgniter\View\{closure}()
 4 SYSTEMPATH\Common.php(1190): CodeIgniter\View\View->render('properties/add', [], true)
 5 APPPATH\Controllers\PropertyController.php(31): view('properties/add')
 6 SYSTEMPATH\CodeIgniter.php(942): App\Controllers\PropertyController->add()
 7 SYSTEMPATH\CodeIgniter.php(502): CodeIgniter\CodeIgniter->runController(Object(App\Controllers\PropertyController))
 8 SYSTEMPATH\CodeIgniter.php(361): CodeIgniter\CodeIgniter->handleRequest(null, Object(Config\Cache), false)
 9 FCPATH\index.php(79): CodeIgniter\CodeIgniter->run()
10 SYSTEMPATH\Commands\Server\rewrite.php(47): require_once('E:\\PHP\\htdocs\\wdpf_codeigniter\\ci_app1\\public\\index.php')
INFO - 2023-12-13 14:16:46 --> Session: Class initialized using 'CodeIgniter\Session\Handlers\FileHandler' driver.
INFO - 2023-12-13 14:19:25 --> Session: Class initialized using 'CodeIgniter\Session\Handlers\FileHandler' driver.
CRITICAL - 2023-12-13 14:19:25 --> Undefined index: id
in APPPATH\Views\products\add.php on line 75.
 1 APPPATH\Views\products\add.php(75): CodeIgniter\Debug\Exceptions->errorHandler(8, 'Undefined index: id', 'E:\\PHP\\htdocs\\wdpf_codeigniter\\ci_app1\\app\\Views\\products\\add.php', 75, [...])
 2 SYSTEMPATH\View\View.php(228): include('E:\\PHP\\htdocs\\wdpf_codeigniter\\ci_app1\\app\\Views\\products\\add.php')
 3 SYSTEMPATH\View\View.php(231): CodeIgniter\View\View->CodeIgniter\View\{closure}()
 4 SYSTEMPATH\Common.php(1190): CodeIgniter\View\View->render('products/add', [], true)
 5 APPPATH\Controllers\ProductController.php(29): view('products/add', [...])
 6 SYSTEMPATH\CodeIgniter.php(942): App\Controllers\ProductController->add()
 7 SYSTEMPATH\CodeIgniter.php(502): CodeIgniter\CodeIgniter->runController(Object(App\Controllers\ProductController))
 8 SYSTEMPATH\CodeIgniter.php(361): CodeIgniter\CodeIgniter->handleRequest(null, Object(Config\Cache), false)
 9 FCPATH\index.php(79): CodeIgniter\CodeIgniter->run()
10 SYSTEMPATH\Commands\Server\rewrite.php(47): require_once('E:\\PHP\\htdocs\\wdpf_codeigniter\\ci_app1\\public\\index.php')
INFO - 2023-12-13 14:19:40 --> Session: Class initialized using 'CodeIgniter\Session\Handlers\FileHandler' driver.
INFO - 2023-12-13 14:31:21 --> Session: Class initialized using 'CodeIgniter\Session\Handlers\FileHandler' driver.
CRITICAL - 2023-12-13 14:31:22 --> Undefined variable: types
in APPPATH\Views\properties\add.php on line 47.
 1 APPPATH\Views\properties\add.php(47): CodeIgniter\Debug\Exceptions->errorHandler(8, 'Undefined variable: types', 'E:\\PHP\\htdocs\\wdpf_codeigniter\\ci_app1\\app\\Views\\properties\\add.php', 47, [...])
 2 SYSTEMPATH\View\View.php(228): include('E:\\PHP\\htdocs\\wdpf_codeigniter\\ci_app1\\app\\Views\\properties\\add.php')
 3 SYSTEMPATH\View\View.php(231): CodeIgniter\View\View->CodeIgniter\View\{closure}()
 4 SYSTEMPATH\Common.php(1190): CodeIgniter\View\View->render('properties/add', [], true)
 5 APPPATH\Controllers\PropertyController.php(35): view('properties/add', [...])
 6 SYSTEMPATH\CodeIgniter.php(942): App\Controllers\PropertyController->add()
 7 SYSTEMPATH\CodeIgniter.php(502): CodeIgniter\CodeIgniter->runController(Object(App\Controllers\PropertyController))
 8 SYSTEMPATH\CodeIgniter.php(361): CodeIgniter\CodeIgniter->handleRequest(null, Object(Config\Cache), false)
 9 FCPATH\index.php(79): CodeIgniter\CodeIgniter->run()
10 SYSTEMPATH\Commands\Server\rewrite.php(47): require_once('E:\\PHP\\htdocs\\wdpf_codeigniter\\ci_app1\\public\\index.php')
INFO - 2023-12-13 14:32:09 --> Session: Class initialized using 'CodeIgniter\Session\Handlers\FileHandler' driver.
CRITICAL - 2023-12-13 14:32:09 --> Undefined index: type
in APPPATH\Views\properties\add.php on line 49.
 1 APPPATH\Views\properties\add.php(49): CodeIgniter\Debug\Exceptions->errorHandler(8, 'Undefined index: type', 'E:\\PHP\\htdocs\\wdpf_codeigniter\\ci_app1\\app\\Views\\properties\\add.php', 49, [...])
 2 SYSTEMPATH\View\View.php(228): include('E:\\PHP\\htdocs\\wdpf_codeigniter\\ci_app1\\app\\Views\\properties\\add.php')
 3 SYSTEMPATH\View\View.php(231): CodeIgniter\View\View->CodeIgniter\View\{closure}()
 4 SYSTEMPATH\Common.php(1190): CodeIgniter\View\View->render('properties/add', [], true)
 5 APPPATH\Controllers\PropertyController.php(36): view('properties/add', [...])
 6 SYSTEMPATH\CodeIgniter.php(942): App\Controllers\PropertyController->add()
 7 SYSTEMPATH\CodeIgniter.php(502): CodeIgniter\CodeIgniter->runController(Object(App\Controllers\PropertyController))
 8 SYSTEMPATH\CodeIgniter.php(361): CodeIgniter\CodeIgniter->handleRequest(null, Object(Config\Cache), false)
 9 FCPATH\index.php(79): CodeIgniter\CodeIgniter->run()
10 SYSTEMPATH\Commands\Server\rewrite.php(47): require_once('E:\\PHP\\htdocs\\wdpf_codeigniter\\ci_app1\\public\\index.php')
INFO - 2023-12-13 14:32:45 --> Session: Class initialized using 'CodeIgniter\Session\Handlers\FileHandler' driver.
CRITICAL - 2023-12-13 14:32:45 --> Undefined index: t_id
in APPPATH\Views\properties\add.php on line 48.
 1 APPPATH\Views\properties\add.php(48): CodeIgniter\Debug\Exceptions->errorHandler(8, 'Undefined index: t_id', 'E:\\PHP\\htdocs\\wdpf_codeigniter\\ci_app1\\app\\Views\\properties\\add.php', 48, [...])
 2 SYSTEMPATH\View\View.php(228): include('E:\\PHP\\htdocs\\wdpf_codeigniter\\ci_app1\\app\\Views\\properties\\add.php')
 3 SYSTEMPATH\View\View.php(231): CodeIgniter\View\View->CodeIgniter\View\{closure}()
 4 SYSTEMPATH\Common.php(1190): CodeIgniter\View\View->render('properties/add', [], true)
 5 APPPATH\Controllers\PropertyController.php(36): view('properties/add', [...])
 6 SYSTEMPATH\CodeIgniter.php(942): App\Controllers\PropertyController->add()
 7 SYSTEMPATH\CodeIgniter.php(502): CodeIgniter\CodeIgniter->runController(Object(App\Controllers\PropertyController))
 8 SYSTEMPATH\CodeIgniter.php(361): CodeIgniter\CodeIgniter->handleRequest(null, Object(Config\Cache), false)
 9 FCPATH\index.php(79): CodeIgniter\CodeIgniter->run()
10 SYSTEMPATH\Commands\Server\rewrite.php(47): require_once('E:\\PHP\\htdocs\\wdpf_codeigniter\\ci_app1\\public\\index.php')
INFO - 2023-12-13 14:33:27 --> Session: Class initialized using 'CodeIgniter\Session\Handlers\FileHandler' driver.
CRITICAL - 2023-12-13 14:33:27 --> Undefined index: t_id
in APPPATH\Views\properties\add.php on line 48.
 1 APPPATH\Views\properties\add.php(48): CodeIgniter\Debug\Exceptions->errorHandler(8, 'Undefined index: t_id', 'E:\\PHP\\htdocs\\wdpf_codeigniter\\ci_app1\\app\\Views\\properties\\add.php', 48, [...])
 2 SYSTEMPATH\View\View.php(228): include('E:\\PHP\\htdocs\\wdpf_codeigniter\\ci_app1\\app\\Views\\properties\\add.php')
 3 SYSTEMPATH\View\View.php(231): CodeIgniter\View\View->CodeIgniter\View\{closure}()
 4 SYSTEMPATH\Common.php(1190): CodeIgniter\View\View->render('properties/add', [], true)
 5 APPPATH\Controllers\PropertyController.php(36): view('properties/add', [...])
 6 SYSTEMPATH\CodeIgniter.php(942): App\Controllers\PropertyController->add()
 7 SYSTEMPATH\CodeIgniter.php(502): CodeIgniter\CodeIgniter->runController(Object(App\Controllers\PropertyController))
 8 SYSTEMPATH\CodeIgniter.php(361): CodeIgniter\CodeIgniter->handleRequest(null, Object(Config\Cache), false)
 9 FCPATH\index.php(79): CodeIgniter\CodeIgniter->run()
10 SYSTEMPATH\Commands\Server\rewrite.php(47): require_once('E:\\PHP\\htdocs\\wdpf_codeigniter\\ci_app1\\public\\index.php')
INFO - 2023-12-13 14:34:39 --> Session: Class initialized using 'CodeIgniter\Session\Handlers\FileHandler' driver.
INFO - 2023-12-13 14:46:16 --> Session: Class initialized using 'CodeIgniter\Session\Handlers\FileHandler' driver.
INFO - 2023-12-13 16:19:49 --> Session: Class initialized using 'CodeIgniter\Session\Handlers\FileHandler' driver.
ERROR - 2023-12-13 16:21:18 --> mysqli_sql_exception: Unknown column 'category' in 'field list' in E:\PHP\htdocs\wdpf_codeigniter\ci_app1\system\Database\MySQLi\Connection.php:306
Stack trace:
#0 E:\PHP\htdocs\wdpf_codeigniter\ci_app1\system\Database\MySQLi\Connection.php(306): mysqli->query('INSERT INTO `pr...', 0)
#1 E:\PHP\htdocs\wdpf_codeigniter\ci_app1\system\Database\BaseConnection.php(693): CodeIgniter\Database\MySQLi\Connection->execute('INSERT INTO `pr...')
#2 E:\PHP\htdocs\wdpf_codeigniter\ci_app1\system\Database\BaseConnection.php(607): CodeIgniter\Database\BaseConnection->simpleQuery('INSERT INTO `pr...')
#3 E:\PHP\htdocs\wdpf_codeigniter\ci_app1\system\Database\BaseBuilder.php(2308): CodeIgniter\Database\BaseConnection->query('INSERT INTO `pr...', Array, false)
#4 E:\PHP\htdocs\wdpf_codeigniter\ci_app1\system\Model.php(319): CodeIgniter\Database\BaseBuilder->insert()
#5 E:\PHP\htdocs\wdpf_codeigniter\ci_app1\system\BaseModel.php(788): CodeIgniter\Model->doInsert(Array)
#6 E:\PHP\htdocs\wdpf_codeigniter\ci_app1\system\Model.php(715): CodeIgniter\BaseModel->insert(Array, true)
#7 E:\PHP\htdocs\wdpf_codeigniter\ci_app1\app\Controllers\PropertyController.php(77): CodeIgniter\Model->insert(Array)
#8 E:\PHP\htdocs\wdpf_codeigniter\ci_app1\system\CodeIgniter.php(942): App\Controllers\PropertyController->store()
#9 E:\PHP\htdocs\wdpf_codeigniter\ci_app1\system\CodeIgniter.php(502): CodeIgniter\CodeIgniter->runController(Object(App\Controllers\PropertyController))
#10 E:\PHP\htdocs\wdpf_codeigniter\ci_app1\system\CodeIgniter.php(361): CodeIgniter\CodeIgniter->handleRequest(NULL, Object(Config\Cache), false)
#11 E:\PHP\htdocs\wdpf_codeigniter\ci_app1\public\index.php(79): CodeIgniter\CodeIgniter->run()
#12 E:\PHP\htdocs\wdpf_codeigniter\ci_app1\system\Commands\Server\rewrite.php(47): require_once('E:\\PHP\\htdocs\\w...')
#13 {main}
CRITICAL - 2023-12-13 16:21:18 --> Unknown column 'category' in 'field list'
in SYSTEMPATH\Database\BaseConnection.php on line 647.
 1 SYSTEMPATH\Database\BaseBuilder.php(2308): CodeIgniter\Database\BaseConnection->query('INSERT INTO `property` (`title`, `description`, `price`, `category`, `type`, `status`, `address`, `country`, `city`, `zip`, `size`, `bed`, `bath`, `floor`, `utility`, `interior`, `outdoor`, `photo`) VALUES (:title:, :description:, :price:, :category:, :type:, :status:, :address:, :country:, :city:, :zip:, :size:, :bed:, :bath:, :floor:, :utility:, :interior:, :outdoor:, :photo:)', [...], false)
 2 SYSTEMPATH\Model.php(319): CodeIgniter\Database\BaseBuilder->insert()
 3 SYSTEMPATH\BaseModel.php(788): CodeIgniter\Model->doInsert([...])
 4 SYSTEMPATH\Model.php(715): CodeIgniter\BaseModel->insert([...], true)
 5 APPPATH\Controllers\PropertyController.php(77): CodeIgniter\Model->insert([...])
 6 SYSTEMPATH\CodeIgniter.php(942): App\Controllers\PropertyController->store()
 7 SYSTEMPATH\CodeIgniter.php(502): CodeIgniter\CodeIgniter->runController(Object(App\Controllers\PropertyController))
 8 SYSTEMPATH\CodeIgniter.php(361): CodeIgniter\CodeIgniter->handleRequest(null, Object(Config\Cache), false)
 9 FCPATH\index.php(79): CodeIgniter\CodeIgniter->run()
10 SYSTEMPATH\Commands\Server\rewrite.php(47): require_once('E:\\PHP\\htdocs\\wdpf_codeigniter\\ci_app1\\public\\index.php')
INFO - 2023-12-13 16:24:20 --> Session: Class initialized using 'CodeIgniter\Session\Handlers\FileHandler' driver.
INFO - 2023-12-13 16:24:20 --> Session: Class initialized using 'CodeIgniter\Session\Handlers\FileHandler' driver.
INFO - 2023-12-13 16:25:12 --> Session: Class initialized using 'CodeIgniter\Session\Handlers\FileHandler' driver.
INFO - 2023-12-13 16:26:30 --> Session: Class initialized using 'CodeIgniter\Session\Handlers\FileHandler' driver.
INFO - 2023-12-13 16:26:30 --> Session: Class initialized using 'CodeIgniter\Session\Handlers\FileHandler' driver.
INFO - 2023-12-13 16:28:11 --> Session: Class initialized using 'CodeIgniter\Session\Handlers\FileHandler' driver.
INFO - 2023-12-13 16:29:00 --> Session: Class initialized using 'CodeIgniter\Session\Handlers\FileHandler' driver.
INFO - 2023-12-13 16:29:01 --> Session: Class initialized using 'CodeIgniter\Session\Handlers\FileHandler' driver.
INFO - 2023-12-13 16:29:29 --> Session: Class initialized using 'CodeIgniter\Session\Handlers\FileHandler' driver.
CRITICAL - 2023-12-13 16:29:29 --> Undefined variable: cats
in APPPATH\Views\properties\add.php on line 37.
 1 APPPATH\Views\properties\add.php(37): CodeIgniter\Debug\Exceptions->errorHandler(8, 'Undefined variable: cats', 'E:\\PHP\\htdocs\\wdpf_codeigniter\\ci_app1\\app\\Views\\properties\\add.php', 37, [])
 2 SYSTEMPATH\View\View.php(228): include('E:\\PHP\\htdocs\\wdpf_codeigniter\\ci_app1\\app\\Views\\properties\\add.php')
 3 SYSTEMPATH\View\View.php(231): CodeIgniter\View\View->CodeIgniter\View\{closure}()
 4 SYSTEMPATH\Common.php(1190): CodeIgniter\View\View->render('/properties/add', [], true)
 5 APPPATH\Controllers\PropertyController.php(50): view('/properties/add')
 6 SYSTEMPATH\CodeIgniter.php(942): App\Controllers\PropertyController->store()
 7 SYSTEMPATH\CodeIgniter.php(502): CodeIgniter\CodeIgniter->runController(Object(App\Controllers\PropertyController))
 8 SYSTEMPATH\CodeIgniter.php(361): CodeIgniter\CodeIgniter->handleRequest(null, Object(Config\Cache), false)
 9 FCPATH\index.php(79): CodeIgniter\CodeIgniter->run()
10 SYSTEMPATH\Commands\Server\rewrite.php(47): require_once('E:\\PHP\\htdocs\\wdpf_codeigniter\\ci_app1\\public\\index.php')
INFO - 2023-12-13 16:29:35 --> Session: Class initialized using 'CodeIgniter\Session\Handlers\FileHandler' driver.
CRITICAL - 2023-12-13 16:29:35 --> Undefined variable: cats
in APPPATH\Views\properties\add.php on line 37.
 1 APPPATH\Views\properties\add.php(37): CodeIgniter\Debug\Exceptions->errorHandler(8, 'Undefined variable: cats', 'E:\\PHP\\htdocs\\wdpf_codeigniter\\ci_app1\\app\\Views\\properties\\add.php', 37, [])
 2 SYSTEMPATH\View\View.php(228): include('E:\\PHP\\htdocs\\wdpf_codeigniter\\ci_app1\\app\\Views\\properties\\add.php')
 3 SYSTEMPATH\View\View.php(231): CodeIgniter\View\View->CodeIgniter\View\{closure}()
 4 SYSTEMPATH\Common.php(1190): CodeIgniter\View\View->render('/properties/add', [], true)
 5 APPPATH\Controllers\PropertyController.php(50): view('/properties/add')
 6 SYSTEMPATH\CodeIgniter.php(942): App\Controllers\PropertyController->store()
 7 SYSTEMPATH\CodeIgniter.php(502): CodeIgniter\CodeIgniter->runController(Object(App\Controllers\PropertyController))
 8 SYSTEMPATH\CodeIgniter.php(361): CodeIgniter\CodeIgniter->handleRequest(null, Object(Config\Cache), false)
 9 FCPATH\index.php(79): CodeIgniter\CodeIgniter->run()
10 SYSTEMPATH\Commands\Server\rewrite.php(47): require_once('E:\\PHP\\htdocs\\wdpf_codeigniter\\ci_app1\\public\\index.php')
INFO - 2023-12-13 16:29:37 --> Session: Class initialized using 'CodeIgniter\Session\Handlers\FileHandler' driver.
INFO - 2023-12-13 16:29:53 --> Session: Class initialized using 'CodeIgniter\Session\Handlers\FileHandler' driver.
CRITICAL - 2023-12-13 16:29:53 --> Undefined variable: cats
in APPPATH\Views\properties\add.php on line 37.
 1 APPPATH\Views\properties\add.php(37): CodeIgniter\Debug\Exceptions->errorHandler(8, 'Undefined variable: cats', 'E:\\PHP\\htdocs\\wdpf_codeigniter\\ci_app1\\app\\Views\\properties\\add.php', 37, [])
 2 SYSTEMPATH\View\View.php(228): include('E:\\PHP\\htdocs\\wdpf_codeigniter\\ci_app1\\app\\Views\\properties\\add.php')
 3 SYSTEMPATH\View\View.php(231): CodeIgniter\View\View->CodeIgniter\View\{closure}()
 4 SYSTEMPATH\Common.php(1190): CodeIgniter\View\View->render('/properties/add', [], true)
 5 APPPATH\Controllers\PropertyController.php(50): view('/properties/add')
 6 SYSTEMPATH\CodeIgniter.php(942): App\Controllers\PropertyController->store()
 7 SYSTEMPATH\CodeIgniter.php(502): CodeIgniter\CodeIgniter->runController(Object(App\Controllers\PropertyController))
 8 SYSTEMPATH\CodeIgniter.php(361): CodeIgniter\CodeIgniter->handleRequest(null, Object(Config\Cache), false)
 9 FCPATH\index.php(79): CodeIgniter\CodeIgniter->run()
10 SYSTEMPATH\Commands\Server\rewrite.php(47): require_once('E:\\PHP\\htdocs\\wdpf_codeigniter\\ci_app1\\public\\index.php')
INFO - 2023-12-13 16:32:27 --> Session: Class initialized using 'CodeIgniter\Session\Handlers\FileHandler' driver.
INFO - 2023-12-13 16:33:18 --> Session: Class initialized using 'CodeIgniter\Session\Handlers\FileHandler' driver.
INFO - 2023-12-13 16:33:19 --> Session: Class initialized using 'CodeIgniter\Session\Handlers\FileHandler' driver.
INFO - 2023-12-13 16:35:27 --> Session: Class initialized using 'CodeIgniter\Session\Handlers\FileHandler' driver.
ERROR - 2023-12-13 16:35:30 --> mysqli_sql_exception: Unknown column 'products.category_id' in 'on clause' in E:\PHP\htdocs\wdpf_codeigniter\ci_app1\system\Database\MySQLi\Connection.php:306
Stack trace:
#0 E:\PHP\htdocs\wdpf_codeigniter\ci_app1\system\Database\MySQLi\Connection.php(306): mysqli->query('SELECT *\nFROM `...', 0)
#1 E:\PHP\htdocs\wdpf_codeigniter\ci_app1\system\Database\BaseConnection.php(693): CodeIgniter\Database\MySQLi\Connection->execute('SELECT *\nFROM `...')
#2 E:\PHP\htdocs\wdpf_codeigniter\ci_app1\system\Database\BaseConnection.php(607): CodeIgniter\Database\BaseConnection->simpleQuery('SELECT *\nFROM `...')
#3 E:\PHP\htdocs\wdpf_codeigniter\ci_app1\system\Database\BaseBuilder.php(1615): CodeIgniter\Database\BaseConnection->query('SELECT *\nFROM `...', Array, false)
#4 E:\PHP\htdocs\wdpf_codeigniter\ci_app1\system\Model.php(237): CodeIgniter\Database\BaseBuilder->get()
#5 E:\PHP\htdocs\wdpf_codeigniter\ci_app1\system\BaseModel.php(624): CodeIgniter\Model->doFindAll(0, 0)
#6 E:\PHP\htdocs\wdpf_codeigniter\ci_app1\app\Controllers\PropertyController.php(32): CodeIgniter\BaseModel->findAll()
#7 E:\PHP\htdocs\wdpf_codeigniter\ci_app1\system\CodeIgniter.php(942): App\Controllers\PropertyController->index()
#8 E:\PHP\htdocs\wdpf_codeigniter\ci_app1\system\CodeIgniter.php(502): CodeIgniter\CodeIgniter->runController(Object(App\Controllers\PropertyController))
#9 E:\PHP\htdocs\wdpf_codeigniter\ci_app1\system\CodeIgniter.php(361): CodeIgniter\CodeIgniter->handleRequest(NULL, Object(Config\Cache), false)
#10 E:\PHP\htdocs\wdpf_codeigniter\ci_app1\public\index.php(79): CodeIgniter\CodeIgniter->run()
#11 E:\PHP\htdocs\wdpf_codeigniter\ci_app1\system\Commands\Server\rewrite.php(47): require_once('E:\\PHP\\htdocs\\w...')
#12 {main}
CRITICAL - 2023-12-13 16:35:30 --> Unknown column 'products.category_id' in 'on clause'
in SYSTEMPATH\Database\BaseConnection.php on line 647.
 1 SYSTEMPATH\Database\BaseBuilder.php(1615): CodeIgniter\Database\BaseConnection->query('SELECT *
FROM `property`
JOIN `categories` ON `categories`.`c_id`= `products`.`category_id`
JOIN `types` ON `types`.`t_id`= `products`.`type_id`
JOIN `statuses` ON `statuses`.`s_id`= `products`.`status_id`', [], false)
 2 SYSTEMPATH\Model.php(237): CodeIgniter\Database\BaseBuilder->get()
 3 SYSTEMPATH\BaseModel.php(624): CodeIgniter\Model->doFindAll(0, 0)
 4 APPPATH\Controllers\PropertyController.php(32): CodeIgniter\BaseModel->findAll()
 5 SYSTEMPATH\CodeIgniter.php(942): App\Controllers\PropertyController->index()
 6 SYSTEMPATH\CodeIgniter.php(502): CodeIgniter\CodeIgniter->runController(Object(App\Controllers\PropertyController))
 7 SYSTEMPATH\CodeIgniter.php(361): CodeIgniter\CodeIgniter->handleRequest(null, Object(Config\Cache), false)
 8 FCPATH\index.php(79): CodeIgniter\CodeIgniter->run()
 9 SYSTEMPATH\Commands\Server\rewrite.php(47): require_once('E:\\PHP\\htdocs\\wdpf_codeigniter\\ci_app1\\public\\index.php')
ERROR - 2023-12-13 16:36:39 --> mysqli_sql_exception: Unknown column 'products.category_id' in 'on clause' in E:\PHP\htdocs\wdpf_codeigniter\ci_app1\system\Database\MySQLi\Connection.php:306
Stack trace:
#0 E:\PHP\htdocs\wdpf_codeigniter\ci_app1\system\Database\MySQLi\Connection.php(306): mysqli->query('SELECT *\nFROM `...', 0)
#1 E:\PHP\htdocs\wdpf_codeigniter\ci_app1\system\Database\BaseConnection.php(693): CodeIgniter\Database\MySQLi\Connection->execute('SELECT *\nFROM `...')
#2 E:\PHP\htdocs\wdpf_codeigniter\ci_app1\system\Database\BaseConnection.php(607): CodeIgniter\Database\BaseConnection->simpleQuery('SELECT *\nFROM `...')
#3 E:\PHP\htdocs\wdpf_codeigniter\ci_app1\system\Database\BaseBuilder.php(1615): CodeIgniter\Database\BaseConnection->query('SELECT *\nFROM `...', Array, false)
#4 E:\PHP\htdocs\wdpf_codeigniter\ci_app1\system\Model.php(237): CodeIgniter\Database\BaseBuilder->get()
#5 E:\PHP\htdocs\wdpf_codeigniter\ci_app1\system\BaseModel.php(624): CodeIgniter\Model->doFindAll(0, 0)
#6 E:\PHP\htdocs\wdpf_codeigniter\ci_app1\app\Controllers\PropertyController.php(32): CodeIgniter\BaseModel->findAll()
#7 E:\PHP\htdocs\wdpf_codeigniter\ci_app1\system\CodeIgniter.php(942): App\Controllers\PropertyController->index()
#8 E:\PHP\htdocs\wdpf_codeigniter\ci_app1\system\CodeIgniter.php(502): CodeIgniter\CodeIgniter->runController(Object(App\Controllers\PropertyController))
#9 E:\PHP\htdocs\wdpf_codeigniter\ci_app1\system\CodeIgniter.php(361): CodeIgniter\CodeIgniter->handleRequest(NULL, Object(Config\Cache), false)
#10 E:\PHP\htdocs\wdpf_codeigniter\ci_app1\public\index.php(79): CodeIgniter\CodeIgniter->run()
#11 E:\PHP\htdocs\wdpf_codeigniter\ci_app1\system\Commands\Server\rewrite.php(47): require_once('E:\\PHP\\htdocs\\w...')
#12 {main}
CRITICAL - 2023-12-13 16:36:39 --> Unknown column 'products.category_id' in 'on clause'
in SYSTEMPATH\Database\BaseConnection.php on line 647.
 1 SYSTEMPATH\Database\BaseBuilder.php(1615): CodeIgniter\Database\BaseConnection->query('SELECT *
FROM `property`
JOIN `categories` ON `categories`.`c_id`= `products`.`category_id`
JOIN `types` ON `types`.`t_id`= `products`.`type_id`
JOIN `statuses` ON `statuses`.`s_id`= `products`.`status_id`', [], false)
 2 SYSTEMPATH\Model.php(237): CodeIgniter\Database\BaseBuilder->get()
 3 SYSTEMPATH\BaseModel.php(624): CodeIgniter\Model->doFindAll(0, 0)
 4 APPPATH\Controllers\PropertyController.php(32): CodeIgniter\BaseModel->findAll()
 5 SYSTEMPATH\CodeIgniter.php(942): App\Controllers\PropertyController->index()
 6 SYSTEMPATH\CodeIgniter.php(502): CodeIgniter\CodeIgniter->runController(Object(App\Controllers\PropertyController))
 7 SYSTEMPATH\CodeIgniter.php(361): CodeIgniter\CodeIgniter->handleRequest(null, Object(Config\Cache), false)
 8 FCPATH\index.php(79): CodeIgniter\CodeIgniter->run()
 9 SYSTEMPATH\Commands\Server\rewrite.php(47): require_once('E:\\PHP\\htdocs\\wdpf_codeigniter\\ci_app1\\public\\index.php')
ERROR - 2023-12-13 16:36:43 --> mysqli_sql_exception: Unknown column 'products.category_id' in 'on clause' in E:\PHP\htdocs\wdpf_codeigniter\ci_app1\system\Database\MySQLi\Connection.php:306
Stack trace:
#0 E:\PHP\htdocs\wdpf_codeigniter\ci_app1\system\Database\MySQLi\Connection.php(306): mysqli->query('SELECT *\nFROM `...', 0)
#1 E:\PHP\htdocs\wdpf_codeigniter\ci_app1\system\Database\BaseConnection.php(693): CodeIgniter\Database\MySQLi\Connection->execute('SELECT *\nFROM `...')
#2 E:\PHP\htdocs\wdpf_codeigniter\ci_app1\system\Database\BaseConnection.php(607): CodeIgniter\Database\BaseConnection->simpleQuery('SELECT *\nFROM `...')
#3 E:\PHP\htdocs\wdpf_codeigniter\ci_app1\system\Database\BaseBuilder.php(1615): CodeIgniter\Database\BaseConnection->query('SELECT *\nFROM `...', Array, false)
#4 E:\PHP\htdocs\wdpf_codeigniter\ci_app1\system\Model.php(237): CodeIgniter\Database\BaseBuilder->get()
#5 E:\PHP\htdocs\wdpf_codeigniter\ci_app1\system\BaseModel.php(624): CodeIgniter\Model->doFindAll(0, 0)
#6 E:\PHP\htdocs\wdpf_codeigniter\ci_app1\app\Controllers\PropertyController.php(32): CodeIgniter\BaseModel->findAll()
#7 E:\PHP\htdocs\wdpf_codeigniter\ci_app1\system\CodeIgniter.php(942): App\Controllers\PropertyController->index()
#8 E:\PHP\htdocs\wdpf_codeigniter\ci_app1\system\CodeIgniter.php(502): CodeIgniter\CodeIgniter->runController(Object(App\Controllers\PropertyController))
#9 E:\PHP\htdocs\wdpf_codeigniter\ci_app1\system\CodeIgniter.php(361): CodeIgniter\CodeIgniter->handleRequest(NULL, Object(Config\Cache), false)
#10 E:\PHP\htdocs\wdpf_codeigniter\ci_app1\public\index.php(79): CodeIgniter\CodeIgniter->run()
#11 E:\PHP\htdocs\wdpf_codeigniter\ci_app1\system\Commands\Server\rewrite.php(47): require_once('E:\\PHP\\htdocs\\w...')
#12 {main}
CRITICAL - 2023-12-13 16:36:43 --> Unknown column 'products.category_id' in 'on clause'
in SYSTEMPATH\Database\BaseConnection.php on line 647.
 1 SYSTEMPATH\Database\BaseBuilder.php(1615): CodeIgniter\Database\BaseConnection->query('SELECT *
FROM `property`
JOIN `categories` ON `categories`.`c_id`= `products`.`category_id`
JOIN `types` ON `types`.`t_id`= `products`.`type_id`
JOIN `statuses` ON `statuses`.`s_id`= `products`.`status_id`', [], false)
 2 SYSTEMPATH\Model.php(237): CodeIgniter\Database\BaseBuilder->get()
 3 SYSTEMPATH\BaseModel.php(624): CodeIgniter\Model->doFindAll(0, 0)
 4 APPPATH\Controllers\PropertyController.php(32): CodeIgniter\BaseModel->findAll()
 5 SYSTEMPATH\CodeIgniter.php(942): App\Controllers\PropertyController->index()
 6 SYSTEMPATH\CodeIgniter.php(502): CodeIgniter\CodeIgniter->runController(Object(App\Controllers\PropertyController))
 7 SYSTEMPATH\CodeIgniter.php(361): CodeIgniter\CodeIgniter->handleRequest(null, Object(Config\Cache), false)
 8 FCPATH\index.php(79): CodeIgniter\CodeIgniter->run()
 9 SYSTEMPATH\Commands\Server\rewrite.php(47): require_once('E:\\PHP\\htdocs\\wdpf_codeigniter\\ci_app1\\public\\index.php')
ERROR - 2023-12-13 16:37:20 --> mysqli_sql_exception: Unknown column 'products.category_id' in 'on clause' in E:\PHP\htdocs\wdpf_codeigniter\ci_app1\system\Database\MySQLi\Connection.php:306
Stack trace:
#0 E:\PHP\htdocs\wdpf_codeigniter\ci_app1\system\Database\MySQLi\Connection.php(306): mysqli->query('SELECT *\nFROM `...', 0)
#1 E:\PHP\htdocs\wdpf_codeigniter\ci_app1\system\Database\BaseConnection.php(693): CodeIgniter\Database\MySQLi\Connection->execute('SELECT *\nFROM `...')
#2 E:\PHP\htdocs\wdpf_codeigniter\ci_app1\system\Database\BaseConnection.php(607): CodeIgniter\Database\BaseConnection->simpleQuery('SELECT *\nFROM `...')
#3 E:\PHP\htdocs\wdpf_codeigniter\ci_app1\system\Database\BaseBuilder.php(1615): CodeIgniter\Database\BaseConnection->query('SELECT *\nFROM `...', Array, false)
#4 E:\PHP\htdocs\wdpf_codeigniter\ci_app1\system\Model.php(237): CodeIgniter\Database\BaseBuilder->get()
#5 E:\PHP\htdocs\wdpf_codeigniter\ci_app1\system\BaseModel.php(624): CodeIgniter\Model->doFindAll(0, 0)
#6 E:\PHP\htdocs\wdpf_codeigniter\ci_app1\app\Controllers\PropertyController.php(32): CodeIgniter\BaseModel->findAll()
#7 E:\PHP\htdocs\wdpf_codeigniter\ci_app1\system\CodeIgniter.php(942): App\Controllers\PropertyController->index()
#8 E:\PHP\htdocs\wdpf_codeigniter\ci_app1\system\CodeIgniter.php(502): CodeIgniter\CodeIgniter->runController(Object(App\Controllers\PropertyController))
#9 E:\PHP\htdocs\wdpf_codeigniter\ci_app1\system\CodeIgniter.php(361): CodeIgniter\CodeIgniter->handleRequest(NULL, Object(Config\Cache), false)
#10 E:\PHP\htdocs\wdpf_codeigniter\ci_app1\public\index.php(79): CodeIgniter\CodeIgniter->run()
#11 E:\PHP\htdocs\wdpf_codeigniter\ci_app1\system\Commands\Server\rewrite.php(47): require_once('E:\\PHP\\htdocs\\w...')
#12 {main}
CRITICAL - 2023-12-13 16:37:20 --> Unknown column 'products.category_id' in 'on clause'
in SYSTEMPATH\Database\BaseConnection.php on line 647.
 1 SYSTEMPATH\Database\BaseBuilder.php(1615): CodeIgniter\Database\BaseConnection->query('SELECT *
FROM `property`
JOIN `categories` ON `categories`.`c_id`= `products`.`category_id`
JOIN `types` ON `types`.`t_id`= `products`.`type_id`
JOIN `statuses` ON `statuses`.`s_id`= `products`.`status_id`', [], false)
 2 SYSTEMPATH\Model.php(237): CodeIgniter\Database\BaseBuilder->get()
 3 SYSTEMPATH\BaseModel.php(624): CodeIgniter\Model->doFindAll(0, 0)
 4 APPPATH\Controllers\PropertyController.php(32): CodeIgniter\BaseModel->findAll()
 5 SYSTEMPATH\CodeIgniter.php(942): App\Controllers\PropertyController->index()
 6 SYSTEMPATH\CodeIgniter.php(502): CodeIgniter\CodeIgniter->runController(Object(App\Controllers\PropertyController))
 7 SYSTEMPATH\CodeIgniter.php(361): CodeIgniter\CodeIgniter->handleRequest(null, Object(Config\Cache), false)
 8 FCPATH\index.php(79): CodeIgniter\CodeIgniter->run()
 9 SYSTEMPATH\Commands\Server\rewrite.php(47): require_once('E:\\PHP\\htdocs\\wdpf_codeigniter\\ci_app1\\public\\index.php')
ERROR - 2023-12-13 16:38:38 --> mysqli_sql_exception: Unknown column 'products.type_id' in 'on clause' in E:\PHP\htdocs\wdpf_codeigniter\ci_app1\system\Database\MySQLi\Connection.php:306
Stack trace:
#0 E:\PHP\htdocs\wdpf_codeigniter\ci_app1\system\Database\MySQLi\Connection.php(306): mysqli->query('SELECT *\nFROM `...', 0)
#1 E:\PHP\htdocs\wdpf_codeigniter\ci_app1\system\Database\BaseConnection.php(693): CodeIgniter\Database\MySQLi\Connection->execute('SELECT *\nFROM `...')
#2 E:\PHP\htdocs\wdpf_codeigniter\ci_app1\system\Database\BaseConnection.php(607): CodeIgniter\Database\BaseConnection->simpleQuery('SELECT *\nFROM `...')
#3 E:\PHP\htdocs\wdpf_codeigniter\ci_app1\system\Database\BaseBuilder.php(1615): CodeIgniter\Database\BaseConnection->query('SELECT *\nFROM `...', Array, false)
#4 E:\PHP\htdocs\wdpf_codeigniter\ci_app1\system\Model.php(237): CodeIgniter\Database\BaseBuilder->get()
#5 E:\PHP\htdocs\wdpf_codeigniter\ci_app1\system\BaseModel.php(624): CodeIgniter\Model->doFindAll(0, 0)
#6 E:\PHP\htdocs\wdpf_codeigniter\ci_app1\app\Controllers\PropertyController.php(32): CodeIgniter\BaseModel->findAll()
#7 E:\PHP\htdocs\wdpf_codeigniter\ci_app1\system\CodeIgniter.php(942): App\Controllers\PropertyController->index()
#8 E:\PHP\htdocs\wdpf_codeigniter\ci_app1\system\CodeIgniter.php(502): CodeIgniter\CodeIgniter->runController(Object(App\Controllers\PropertyController))
#9 E:\PHP\htdocs\wdpf_codeigniter\ci_app1\system\CodeIgniter.php(361): CodeIgniter\CodeIgniter->handleRequest(NULL, Object(Config\Cache), false)
#10 E:\PHP\htdocs\wdpf_codeigniter\ci_app1\public\index.php(79): CodeIgniter\CodeIgniter->run()
#11 E:\PHP\htdocs\wdpf_codeigniter\ci_app1\system\Commands\Server\rewrite.php(47): require_once('E:\\PHP\\htdocs\\w...')
#12 {main}
CRITICAL - 2023-12-13 16:38:38 --> Unknown column 'products.type_id' in 'on clause'
in SYSTEMPATH\Database\BaseConnection.php on line 647.
 1 SYSTEMPATH\Database\BaseBuilder.php(1615): CodeIgniter\Database\BaseConnection->query('SELECT *
FROM `property`
JOIN `types` ON `types`.`t_id`= `products`.`type_id`
JOIN `statuses` ON `statuses`.`s_id`= `products`.`status_id`', [], false)
 2 SYSTEMPATH\Model.php(237): CodeIgniter\Database\BaseBuilder->get()
 3 SYSTEMPATH\BaseModel.php(624): CodeIgniter\Model->doFindAll(0, 0)
 4 APPPATH\Controllers\PropertyController.php(32): CodeIgniter\BaseModel->findAll()
 5 SYSTEMPATH\CodeIgniter.php(942): App\Controllers\PropertyController->index()
 6 SYSTEMPATH\CodeIgniter.php(502): CodeIgniter\CodeIgniter->runController(Object(App\Controllers\PropertyController))
 7 SYSTEMPATH\CodeIgniter.php(361): CodeIgniter\CodeIgniter->handleRequest(null, Object(Config\Cache), false)
 8 FCPATH\index.php(79): CodeIgniter\CodeIgniter->run()
 9 SYSTEMPATH\Commands\Server\rewrite.php(47): require_once('E:\\PHP\\htdocs\\wdpf_codeigniter\\ci_app1\\public\\index.php')
ERROR - 2023-12-13 16:39:00 --> mysqli_sql_exception: Unknown column 'products.status_id' in 'on clause' in E:\PHP\htdocs\wdpf_codeigniter\ci_app1\system\Database\MySQLi\Connection.php:306
Stack trace:
#0 E:\PHP\htdocs\wdpf_codeigniter\ci_app1\system\Database\MySQLi\Connection.php(306): mysqli->query('SELECT *\nFROM `...', 0)
#1 E:\PHP\htdocs\wdpf_codeigniter\ci_app1\system\Database\BaseConnection.php(693): CodeIgniter\Database\MySQLi\Connection->execute('SELECT *\nFROM `...')
#2 E:\PHP\htdocs\wdpf_codeigniter\ci_app1\system\Database\BaseConnection.php(607): CodeIgniter\Database\BaseConnection->simpleQuery('SELECT *\nFROM `...')
#3 E:\PHP\htdocs\wdpf_codeigniter\ci_app1\system\Database\BaseBuilder.php(1615): CodeIgniter\Database\BaseConnection->query('SELECT *\nFROM `...', Array, false)
#4 E:\PHP\htdocs\wdpf_codeigniter\ci_app1\system\Model.php(237): CodeIgniter\Database\BaseBuilder->get()
#5 E:\PHP\htdocs\wdpf_codeigniter\ci_app1\system\BaseModel.php(624): CodeIgniter\Model->doFindAll(0, 0)
#6 E:\PHP\htdocs\wdpf_codeigniter\ci_app1\app\Controllers\PropertyController.php(32): CodeIgniter\BaseModel->findAll()
#7 E:\PHP\htdocs\wdpf_codeigniter\ci_app1\system\CodeIgniter.php(942): App\Controllers\PropertyController->index()
#8 E:\PHP\htdocs\wdpf_codeigniter\ci_app1\system\CodeIgniter.php(502): CodeIgniter\CodeIgniter->runController(Object(App\Controllers\PropertyController))
#9 E:\PHP\htdocs\wdpf_codeigniter\ci_app1\system\CodeIgniter.php(361): CodeIgniter\CodeIgniter->handleRequest(NULL, Object(Config\Cache), false)
#10 E:\PHP\htdocs\wdpf_codeigniter\ci_app1\public\index.php(79): CodeIgniter\CodeIgniter->run()
#11 E:\PHP\htdocs\wdpf_codeigniter\ci_app1\system\Commands\Server\rewrite.php(47): require_once('E:\\PHP\\htdocs\\w...')
#12 {main}
CRITICAL - 2023-12-13 16:39:00 --> Unknown column 'products.status_id' in 'on clause'
in SYSTEMPATH\Database\BaseConnection.php on line 647.
 1 SYSTEMPATH\Database\BaseBuilder.php(1615): CodeIgniter\Database\BaseConnection->query('SELECT *
FROM `property`
JOIN `statuses` ON `statuses`.`s_id`= `products`.`status_id`', [], false)
 2 SYSTEMPATH\Model.php(237): CodeIgniter\Database\BaseBuilder->get()
 3 SYSTEMPATH\BaseModel.php(624): CodeIgniter\Model->doFindAll(0, 0)
 4 APPPATH\Controllers\PropertyController.php(32): CodeIgniter\BaseModel->findAll()
 5 SYSTEMPATH\CodeIgniter.php(942): App\Controllers\PropertyController->index()
 6 SYSTEMPATH\CodeIgniter.php(502): CodeIgniter\CodeIgniter->runController(Object(App\Controllers\PropertyController))
 7 SYSTEMPATH\CodeIgniter.php(361): CodeIgniter\CodeIgniter->handleRequest(null, Object(Config\Cache), false)
 8 FCPATH\index.php(79): CodeIgniter\CodeIgniter->run()
 9 SYSTEMPATH\Commands\Server\rewrite.php(47): require_once('E:\\PHP\\htdocs\\wdpf_codeigniter\\ci_app1\\public\\index.php')
INFO - 2023-12-13 16:39:48 --> Session: Class initialized using 'CodeIgniter\Session\Handlers\FileHandler' driver.
INFO - 2023-12-13 16:42:35 --> Session: Class initialized using 'CodeIgniter\Session\Handlers\FileHandler' driver.
CRITICAL - 2023-12-13 16:42:36 --> Undefined variable: tem
in APPPATH\Views\properties\index.php on line 36.
 1 APPPATH\Views\properties\index.php(36): CodeIgniter\Debug\Exceptions->errorHandler(8, 'Undefined variable: tem', 'E:\\PHP\\htdocs\\wdpf_codeigniter\\ci_app1\\app\\Views\\properties\\index.php', 36, [...])
 2 SYSTEMPATH\View\View.php(228): include('E:\\PHP\\htdocs\\wdpf_codeigniter\\ci_app1\\app\\Views\\properties\\index.php')
 3 SYSTEMPATH\View\View.php(231): CodeIgniter\View\View->CodeIgniter\View\{closure}()
 4 SYSTEMPATH\Common.php(1190): CodeIgniter\View\View->render('properties/index', [], true)
 5 APPPATH\Controllers\PropertyController.php(34): view('properties/index', [...])
 6 SYSTEMPATH\CodeIgniter.php(942): App\Controllers\PropertyController->index()
 7 SYSTEMPATH\CodeIgniter.php(502): CodeIgniter\CodeIgniter->runController(Object(App\Controllers\PropertyController))
 8 SYSTEMPATH\CodeIgniter.php(361): CodeIgniter\CodeIgniter->handleRequest(null, Object(Config\Cache), false)
 9 FCPATH\index.php(79): CodeIgniter\CodeIgniter->run()
10 SYSTEMPATH\Commands\Server\rewrite.php(47): require_once('E:\\PHP\\htdocs\\wdpf_codeigniter\\ci_app1\\public\\index.php')
INFO - 2023-12-13 16:43:06 --> Session: Class initialized using 'CodeIgniter\Session\Handlers\FileHandler' driver.
INFO - 2023-12-13 16:44:36 --> Session: Class initialized using 'CodeIgniter\Session\Handlers\FileHandler' driver.
INFO - 2023-12-13 16:45:45 --> Session: Class initialized using 'CodeIgniter\Session\Handlers\FileHandler' driver.
INFO - 2023-12-13 16:50:10 --> Session: Class initialized using 'CodeIgniter\Session\Handlers\FileHandler' driver.
INFO - 2023-12-13 16:50:14 --> Session: Class initialized using 'CodeIgniter\Session\Handlers\FileHandler' driver.
INFO - 2023-12-13 16:50:14 --> Session: Class initialized using 'CodeIgniter\Session\Handlers\FileHandler' driver.
INFO - 2023-12-13 16:50:17 --> Session: Class initialized using 'CodeIgniter\Session\Handlers\FileHandler' driver.
INFO - 2023-12-13 16:50:18 --> Session: Class initialized using 'CodeIgniter\Session\Handlers\FileHandler' driver.
INFO - 2023-12-13 16:52:07 --> Session: Class initialized using 'CodeIgniter\Session\Handlers\FileHandler' driver.
CRITICAL - 2023-12-13 16:52:07 --> Undefined index: id
in APPPATH\Views\products\add.php on line 75.
 1 APPPATH\Views\products\add.php(75): CodeIgniter\Debug\Exceptions->errorHandler(8, 'Undefined index: id', 'E:\\PHP\\htdocs\\wdpf_codeigniter\\ci_app1\\app\\Views\\products\\add.php', 75, [...])
 2 SYSTEMPATH\View\View.php(228): include('E:\\PHP\\htdocs\\wdpf_codeigniter\\ci_app1\\app\\Views\\products\\add.php')
 3 SYSTEMPATH\View\View.php(231): CodeIgniter\View\View->CodeIgniter\View\{closure}()
 4 SYSTEMPATH\Common.php(1190): CodeIgniter\View\View->render('products/add', [], true)
 5 APPPATH\Controllers\ProductController.php(29): view('products/add', [...])
 6 SYSTEMPATH\CodeIgniter.php(942): App\Controllers\ProductController->add()
 7 SYSTEMPATH\CodeIgniter.php(502): CodeIgniter\CodeIgniter->runController(Object(App\Controllers\ProductController))
 8 SYSTEMPATH\CodeIgniter.php(361): CodeIgniter\CodeIgniter->handleRequest(null, Object(Config\Cache), false)
 9 FCPATH\index.php(79): CodeIgniter\CodeIgniter->run()
10 SYSTEMPATH\Commands\Server\rewrite.php(47): require_once('E:\\PHP\\htdocs\\wdpf_codeigniter\\ci_app1\\public\\index.php')
INFO - 2023-12-13 16:52:17 --> Session: Class initialized using 'CodeIgniter\Session\Handlers\FileHandler' driver.
INFO - 2023-12-13 16:52:17 --> Session: Class initialized using 'CodeIgniter\Session\Handlers\FileHandler' driver.
INFO - 2023-12-13 16:52:22 --> Session: Class initialized using 'CodeIgniter\Session\Handlers\FileHandler' driver.
INFO - 2023-12-13 16:53:25 --> Session: Class initialized using 'CodeIgniter\Session\Handlers\FileHandler' driver.
INFO - 2023-12-13 16:53:25 --> Session: Class initialized using 'CodeIgniter\Session\Handlers\FileHandler' driver.
INFO - 2023-12-13 16:53:32 --> Session: Class initialized using 'CodeIgniter\Session\Handlers\FileHandler' driver.
INFO - 2023-12-13 17:00:07 --> Session: Class initialized using 'CodeIgniter\Session\Handlers\FileHandler' driver.
INFO - 2023-12-13 17:10:46 --> Session: Class initialized using 'CodeIgniter\Session\Handlers\FileHandler' driver.
