<<<<<<< HEAD
CRITICAL - 2023-12-02 03:51:06 --> include_once(header.php): failed to open stream: No such file or directory
in APPPATH\Views\welcome_message.php on line 36.
 1 APPPATH\Views\welcome_message.php(36): CodeIgniter\Debug\Exceptions->errorHandler(2, 'include_once(header.php): failed to open stream: No such file or directory', 'D:\\WDPF_55_WDPF\\PHP\\htdocs\\wdpf_codeigniter\\ci_app1\\app\\Views\\welcome_message.php', 36, [])
 2 APPPATH\Views\welcome_message.php(36): include_once()
 3 SYSTEMPATH\View\View.php(228): include('D:\\WDPF_55_WDPF\\PHP\\htdocs\\wdpf_codeigniter\\ci_app1\\app\\Views\\welcome_message.php')
 4 SYSTEMPATH\View\View.php(231): CodeIgniter\View\View->CodeIgniter\View\{closure}()
 5 SYSTEMPATH\Common.php(1190): CodeIgniter\View\View->render('welcome_message', [], true)
 6 APPPATH\Controllers\Home.php(9): view('welcome_message')
 7 SYSTEMPATH\CodeIgniter.php(942): App\Controllers\Home->index()
 8 SYSTEMPATH\CodeIgniter.php(502): CodeIgniter\CodeIgniter->runController(Object(App\Controllers\Home))
 9 SYSTEMPATH\CodeIgniter.php(361): CodeIgniter\CodeIgniter->handleRequest(null, Object(Config\Cache), false)
10 FCPATH\index.php(79): CodeIgniter\CodeIgniter->run()
11 SYSTEMPATH\Commands\Server\rewrite.php(47): require_once('D:\\WDPF_55_WDPF\\PHP\\htdocs\\wdpf_codeigniter\\ci_app1\\public\\index.php')
CRITICAL - 2023-12-02 03:51:29 --> include_once(./include/header.php): failed to open stream: No such file or directory
in APPPATH\Views\welcome_message.php on line 36.
 1 APPPATH\Views\welcome_message.php(36): CodeIgniter\Debug\Exceptions->errorHandler(2, 'include_once(./include/header.php): failed to open stream: No such file or directory', 'D:\\WDPF_55_WDPF\\PHP\\htdocs\\wdpf_codeigniter\\ci_app1\\app\\Views\\welcome_message.php', 36, [])
 2 APPPATH\Views\welcome_message.php(36): include_once()
 3 SYSTEMPATH\View\View.php(228): include('D:\\WDPF_55_WDPF\\PHP\\htdocs\\wdpf_codeigniter\\ci_app1\\app\\Views\\welcome_message.php')
 4 SYSTEMPATH\View\View.php(231): CodeIgniter\View\View->CodeIgniter\View\{closure}()
 5 SYSTEMPATH\Common.php(1190): CodeIgniter\View\View->render('welcome_message', [], true)
 6 APPPATH\Controllers\Home.php(9): view('welcome_message')
 7 SYSTEMPATH\CodeIgniter.php(942): App\Controllers\Home->index()
 8 SYSTEMPATH\CodeIgniter.php(502): CodeIgniter\CodeIgniter->runController(Object(App\Controllers\Home))
 9 SYSTEMPATH\CodeIgniter.php(361): CodeIgniter\CodeIgniter->handleRequest(null, Object(Config\Cache), false)
10 FCPATH\index.php(79): CodeIgniter\CodeIgniter->run()
11 SYSTEMPATH\Commands\Server\rewrite.php(47): require_once('D:\\WDPF_55_WDPF\\PHP\\htdocs\\wdpf_codeigniter\\ci_app1\\public\\index.php')
CRITICAL - 2023-12-02 03:51:30 --> include_once(./include/header.php): failed to open stream: No such file or directory
in APPPATH\Views\welcome_message.php on line 36.
 1 APPPATH\Views\welcome_message.php(36): CodeIgniter\Debug\Exceptions->errorHandler(2, 'include_once(./include/header.php): failed to open stream: No such file or directory', 'D:\\WDPF_55_WDPF\\PHP\\htdocs\\wdpf_codeigniter\\ci_app1\\app\\Views\\welcome_message.php', 36, [])
 2 APPPATH\Views\welcome_message.php(36): include_once()
 3 SYSTEMPATH\View\View.php(228): include('D:\\WDPF_55_WDPF\\PHP\\htdocs\\wdpf_codeigniter\\ci_app1\\app\\Views\\welcome_message.php')
 4 SYSTEMPATH\View\View.php(231): CodeIgniter\View\View->CodeIgniter\View\{closure}()
 5 SYSTEMPATH\Common.php(1190): CodeIgniter\View\View->render('welcome_message', [], true)
 6 APPPATH\Controllers\Home.php(9): view('welcome_message')
 7 SYSTEMPATH\CodeIgniter.php(942): App\Controllers\Home->index()
 8 SYSTEMPATH\CodeIgniter.php(502): CodeIgniter\CodeIgniter->runController(Object(App\Controllers\Home))
 9 SYSTEMPATH\CodeIgniter.php(361): CodeIgniter\CodeIgniter->handleRequest(null, Object(Config\Cache), false)
10 FCPATH\index.php(79): CodeIgniter\CodeIgniter->run()
11 SYSTEMPATH\Commands\Server\rewrite.php(47): require_once('D:\\WDPF_55_WDPF\\PHP\\htdocs\\wdpf_codeigniter\\ci_app1\\public\\index.php')
CRITICAL - 2023-12-02 03:51:30 --> include_once(./include/header.php): failed to open stream: No such file or directory
in APPPATH\Views\welcome_message.php on line 36.
 1 APPPATH\Views\welcome_message.php(36): CodeIgniter\Debug\Exceptions->errorHandler(2, 'include_once(./include/header.php): failed to open stream: No such file or directory', 'D:\\WDPF_55_WDPF\\PHP\\htdocs\\wdpf_codeigniter\\ci_app1\\app\\Views\\welcome_message.php', 36, [])
 2 APPPATH\Views\welcome_message.php(36): include_once()
 3 SYSTEMPATH\View\View.php(228): include('D:\\WDPF_55_WDPF\\PHP\\htdocs\\wdpf_codeigniter\\ci_app1\\app\\Views\\welcome_message.php')
 4 SYSTEMPATH\View\View.php(231): CodeIgniter\View\View->CodeIgniter\View\{closure}()
 5 SYSTEMPATH\Common.php(1190): CodeIgniter\View\View->render('welcome_message', [], true)
 6 APPPATH\Controllers\Home.php(9): view('welcome_message')
 7 SYSTEMPATH\CodeIgniter.php(942): App\Controllers\Home->index()
 8 SYSTEMPATH\CodeIgniter.php(502): CodeIgniter\CodeIgniter->runController(Object(App\Controllers\Home))
 9 SYSTEMPATH\CodeIgniter.php(361): CodeIgniter\CodeIgniter->handleRequest(null, Object(Config\Cache), false)
10 FCPATH\index.php(79): CodeIgniter\CodeIgniter->run()
11 SYSTEMPATH\Commands\Server\rewrite.php(47): require_once('D:\\WDPF_55_WDPF\\PHP\\htdocs\\wdpf_codeigniter\\ci_app1\\public\\index.php')
CRITICAL - 2023-12-02 03:51:31 --> include_once(./include/header.php): failed to open stream: No such file or directory
in APPPATH\Views\welcome_message.php on line 36.
 1 APPPATH\Views\welcome_message.php(36): CodeIgniter\Debug\Exceptions->errorHandler(2, 'include_once(./include/header.php): failed to open stream: No such file or directory', 'D:\\WDPF_55_WDPF\\PHP\\htdocs\\wdpf_codeigniter\\ci_app1\\app\\Views\\welcome_message.php', 36, [])
 2 APPPATH\Views\welcome_message.php(36): include_once()
 3 SYSTEMPATH\View\View.php(228): include('D:\\WDPF_55_WDPF\\PHP\\htdocs\\wdpf_codeigniter\\ci_app1\\app\\Views\\welcome_message.php')
 4 SYSTEMPATH\View\View.php(231): CodeIgniter\View\View->CodeIgniter\View\{closure}()
 5 SYSTEMPATH\Common.php(1190): CodeIgniter\View\View->render('welcome_message', [], true)
 6 APPPATH\Controllers\Home.php(9): view('welcome_message')
 7 SYSTEMPATH\CodeIgniter.php(942): App\Controllers\Home->index()
 8 SYSTEMPATH\CodeIgniter.php(502): CodeIgniter\CodeIgniter->runController(Object(App\Controllers\Home))
 9 SYSTEMPATH\CodeIgniter.php(361): CodeIgniter\CodeIgniter->handleRequest(null, Object(Config\Cache), false)
10 FCPATH\index.php(79): CodeIgniter\CodeIgniter->run()
11 SYSTEMPATH\Commands\Server\rewrite.php(47): require_once('D:\\WDPF_55_WDPF\\PHP\\htdocs\\wdpf_codeigniter\\ci_app1\\public\\index.php')
CRITICAL - 2023-12-02 03:51:31 --> include_once(./include/header.php): failed to open stream: No such file or directory
in APPPATH\Views\welcome_message.php on line 36.
 1 APPPATH\Views\welcome_message.php(36): CodeIgniter\Debug\Exceptions->errorHandler(2, 'include_once(./include/header.php): failed to open stream: No such file or directory', 'D:\\WDPF_55_WDPF\\PHP\\htdocs\\wdpf_codeigniter\\ci_app1\\app\\Views\\welcome_message.php', 36, [])
 2 APPPATH\Views\welcome_message.php(36): include_once()
 3 SYSTEMPATH\View\View.php(228): include('D:\\WDPF_55_WDPF\\PHP\\htdocs\\wdpf_codeigniter\\ci_app1\\app\\Views\\welcome_message.php')
 4 SYSTEMPATH\View\View.php(231): CodeIgniter\View\View->CodeIgniter\View\{closure}()
 5 SYSTEMPATH\Common.php(1190): CodeIgniter\View\View->render('welcome_message', [], true)
 6 APPPATH\Controllers\Home.php(9): view('welcome_message')
 7 SYSTEMPATH\CodeIgniter.php(942): App\Controllers\Home->index()
 8 SYSTEMPATH\CodeIgniter.php(502): CodeIgniter\CodeIgniter->runController(Object(App\Controllers\Home))
 9 SYSTEMPATH\CodeIgniter.php(361): CodeIgniter\CodeIgniter->handleRequest(null, Object(Config\Cache), false)
10 FCPATH\index.php(79): CodeIgniter\CodeIgniter->run()
11 SYSTEMPATH\Commands\Server\rewrite.php(47): require_once('D:\\WDPF_55_WDPF\\PHP\\htdocs\\wdpf_codeigniter\\ci_app1\\public\\index.php')
CRITICAL - 2023-12-02 03:51:32 --> include_once(./include/header.php): failed to open stream: No such file or directory
in APPPATH\Views\welcome_message.php on line 36.
 1 APPPATH\Views\welcome_message.php(36): CodeIgniter\Debug\Exceptions->errorHandler(2, 'include_once(./include/header.php): failed to open stream: No such file or directory', 'D:\\WDPF_55_WDPF\\PHP\\htdocs\\wdpf_codeigniter\\ci_app1\\app\\Views\\welcome_message.php', 36, [])
 2 APPPATH\Views\welcome_message.php(36): include_once()
 3 SYSTEMPATH\View\View.php(228): include('D:\\WDPF_55_WDPF\\PHP\\htdocs\\wdpf_codeigniter\\ci_app1\\app\\Views\\welcome_message.php')
 4 SYSTEMPATH\View\View.php(231): CodeIgniter\View\View->CodeIgniter\View\{closure}()
 5 SYSTEMPATH\Common.php(1190): CodeIgniter\View\View->render('welcome_message', [], true)
 6 APPPATH\Controllers\Home.php(9): view('welcome_message')
 7 SYSTEMPATH\CodeIgniter.php(942): App\Controllers\Home->index()
 8 SYSTEMPATH\CodeIgniter.php(502): CodeIgniter\CodeIgniter->runController(Object(App\Controllers\Home))
 9 SYSTEMPATH\CodeIgniter.php(361): CodeIgniter\CodeIgniter->handleRequest(null, Object(Config\Cache), false)
10 FCPATH\index.php(79): CodeIgniter\CodeIgniter->run()
11 SYSTEMPATH\Commands\Server\rewrite.php(47): require_once('D:\\WDPF_55_WDPF\\PHP\\htdocs\\wdpf_codeigniter\\ci_app1\\public\\index.php')
CRITICAL - 2023-12-02 03:51:38 --> include_once(./include/header.php): failed to open stream: No such file or directory
in APPPATH\Views\welcome_message.php on line 36.
 1 APPPATH\Views\welcome_message.php(36): CodeIgniter\Debug\Exceptions->errorHandler(2, 'include_once(./include/header.php): failed to open stream: No such file or directory', 'D:\\WDPF_55_WDPF\\PHP\\htdocs\\wdpf_codeigniter\\ci_app1\\app\\Views\\welcome_message.php', 36, [])
 2 APPPATH\Views\welcome_message.php(36): include_once()
 3 SYSTEMPATH\View\View.php(228): include('D:\\WDPF_55_WDPF\\PHP\\htdocs\\wdpf_codeigniter\\ci_app1\\app\\Views\\welcome_message.php')
 4 SYSTEMPATH\View\View.php(231): CodeIgniter\View\View->CodeIgniter\View\{closure}()
 5 SYSTEMPATH\Common.php(1190): CodeIgniter\View\View->render('welcome_message', [], true)
 6 APPPATH\Controllers\Home.php(9): view('welcome_message')
 7 SYSTEMPATH\CodeIgniter.php(942): App\Controllers\Home->index()
 8 SYSTEMPATH\CodeIgniter.php(502): CodeIgniter\CodeIgniter->runController(Object(App\Controllers\Home))
 9 SYSTEMPATH\CodeIgniter.php(361): CodeIgniter\CodeIgniter->handleRequest(null, Object(Config\Cache), false)
10 FCPATH\index.php(79): CodeIgniter\CodeIgniter->run()
11 SYSTEMPATH\Commands\Server\rewrite.php(47): require_once('D:\\WDPF_55_WDPF\\PHP\\htdocs\\wdpf_codeigniter\\ci_app1\\public\\index.php')
CRITICAL - 2023-12-02 03:53:01 --> include_once(./include/header.php): failed to open stream: No such file or directory
in APPPATH\Views\welcome_message.php on line 36.
 1 APPPATH\Views\welcome_message.php(36): CodeIgniter\Debug\Exceptions->errorHandler(2, 'include_once(./include/header.php): failed to open stream: No such file or directory', 'D:\\WDPF_55_WDPF\\PHP\\htdocs\\wdpf_codeigniter\\ci_app1\\app\\Views\\welcome_message.php', 36, [])
 2 APPPATH\Views\welcome_message.php(36): include_once()
 3 SYSTEMPATH\View\View.php(228): include('D:\\WDPF_55_WDPF\\PHP\\htdocs\\wdpf_codeigniter\\ci_app1\\app\\Views\\welcome_message.php')
 4 SYSTEMPATH\View\View.php(231): CodeIgniter\View\View->CodeIgniter\View\{closure}()
 5 SYSTEMPATH\Common.php(1190): CodeIgniter\View\View->render('welcome_message', [], true)
 6 APPPATH\Controllers\Home.php(9): view('welcome_message')
 7 SYSTEMPATH\CodeIgniter.php(942): App\Controllers\Home->index()
 8 SYSTEMPATH\CodeIgniter.php(502): CodeIgniter\CodeIgniter->runController(Object(App\Controllers\Home))
 9 SYSTEMPATH\CodeIgniter.php(361): CodeIgniter\CodeIgniter->handleRequest(null, Object(Config\Cache), false)
10 FCPATH\index.php(79): CodeIgniter\CodeIgniter->run()
11 SYSTEMPATH\Commands\Server\rewrite.php(47): require_once('D:\\WDPF_55_WDPF\\PHP\\htdocs\\wdpf_codeigniter\\ci_app1\\public\\index.php')
CRITICAL - 2023-12-02 03:53:03 --> include_once(./include/header.php): failed to open stream: No such file or directory
in APPPATH\Views\welcome_message.php on line 36.
 1 APPPATH\Views\welcome_message.php(36): CodeIgniter\Debug\Exceptions->errorHandler(2, 'include_once(./include/header.php): failed to open stream: No such file or directory', 'D:\\WDPF_55_WDPF\\PHP\\htdocs\\wdpf_codeigniter\\ci_app1\\app\\Views\\welcome_message.php', 36, [])
 2 APPPATH\Views\welcome_message.php(36): include_once()
 3 SYSTEMPATH\View\View.php(228): include('D:\\WDPF_55_WDPF\\PHP\\htdocs\\wdpf_codeigniter\\ci_app1\\app\\Views\\welcome_message.php')
 4 SYSTEMPATH\View\View.php(231): CodeIgniter\View\View->CodeIgniter\View\{closure}()
 5 SYSTEMPATH\Common.php(1190): CodeIgniter\View\View->render('welcome_message', [], true)
 6 APPPATH\Controllers\Home.php(9): view('welcome_message')
 7 SYSTEMPATH\CodeIgniter.php(942): App\Controllers\Home->index()
 8 SYSTEMPATH\CodeIgniter.php(502): CodeIgniter\CodeIgniter->runController(Object(App\Controllers\Home))
 9 SYSTEMPATH\CodeIgniter.php(361): CodeIgniter\CodeIgniter->handleRequest(null, Object(Config\Cache), false)
10 FCPATH\index.php(79): CodeIgniter\CodeIgniter->run()
11 SYSTEMPATH\Commands\Server\rewrite.php(47): require_once('D:\\WDPF_55_WDPF\\PHP\\htdocs\\wdpf_codeigniter\\ci_app1\\public\\index.php')
CRITICAL - 2023-12-02 03:53:33 --> include_once(./include/header.php): failed to open stream: No such file or directory
in APPPATH\Views\welcome_message.php on line 36.
 1 APPPATH\Views\welcome_message.php(36): CodeIgniter\Debug\Exceptions->errorHandler(2, 'include_once(./include/header.php): failed to open stream: No such file or directory', 'D:\\WDPF_55_WDPF\\PHP\\htdocs\\wdpf_codeigniter\\ci_app1\\app\\Views\\welcome_message.php', 36, [])
 2 APPPATH\Views\welcome_message.php(36): include_once()
 3 SYSTEMPATH\View\View.php(228): include('D:\\WDPF_55_WDPF\\PHP\\htdocs\\wdpf_codeigniter\\ci_app1\\app\\Views\\welcome_message.php')
 4 SYSTEMPATH\View\View.php(231): CodeIgniter\View\View->CodeIgniter\View\{closure}()
 5 SYSTEMPATH\Common.php(1190): CodeIgniter\View\View->render('welcome_message', [], true)
 6 APPPATH\Controllers\Home.php(9): view('welcome_message')
 7 SYSTEMPATH\CodeIgniter.php(942): App\Controllers\Home->index()
 8 SYSTEMPATH\CodeIgniter.php(502): CodeIgniter\CodeIgniter->runController(Object(App\Controllers\Home))
 9 SYSTEMPATH\CodeIgniter.php(361): CodeIgniter\CodeIgniter->handleRequest(null, Object(Config\Cache), false)
10 FCPATH\index.php(79): CodeIgniter\CodeIgniter->run()
11 SYSTEMPATH\Commands\Server\rewrite.php(47): require_once('D:\\WDPF_55_WDPF\\PHP\\htdocs\\wdpf_codeigniter\\ci_app1\\public\\index.php')
CRITICAL - 2023-12-02 03:53:37 --> include_once(./include/header.php): failed to open stream: No such file or directory
in APPPATH\Views\welcome_message.php on line 36.
 1 APPPATH\Views\welcome_message.php(36): CodeIgniter\Debug\Exceptions->errorHandler(2, 'include_once(./include/header.php): failed to open stream: No such file or directory', 'D:\\WDPF_55_WDPF\\PHP\\htdocs\\wdpf_codeigniter\\ci_app1\\app\\Views\\welcome_message.php', 36, [])
 2 APPPATH\Views\welcome_message.php(36): include_once()
 3 SYSTEMPATH\View\View.php(228): include('D:\\WDPF_55_WDPF\\PHP\\htdocs\\wdpf_codeigniter\\ci_app1\\app\\Views\\welcome_message.php')
 4 SYSTEMPATH\View\View.php(231): CodeIgniter\View\View->CodeIgniter\View\{closure}()
 5 SYSTEMPATH\Common.php(1190): CodeIgniter\View\View->render('welcome_message', [], true)
 6 APPPATH\Controllers\Home.php(9): view('welcome_message')
 7 SYSTEMPATH\CodeIgniter.php(942): App\Controllers\Home->index()
 8 SYSTEMPATH\CodeIgniter.php(502): CodeIgniter\CodeIgniter->runController(Object(App\Controllers\Home))
 9 SYSTEMPATH\CodeIgniter.php(361): CodeIgniter\CodeIgniter->handleRequest(null, Object(Config\Cache), false)
10 FCPATH\index.php(79): CodeIgniter\CodeIgniter->run()
11 SYSTEMPATH\Commands\Server\rewrite.php(47): require_once('D:\\WDPF_55_WDPF\\PHP\\htdocs\\wdpf_codeigniter\\ci_app1\\public\\index.php')
CRITICAL - 2023-12-02 04:14:27 --> include_once(header.php): failed to open stream: No such file or directory
in APPPATH\Views\welcome_message.php on line 36.
 1 APPPATH\Views\welcome_message.php(36): CodeIgniter\Debug\Exceptions->errorHandler(2, 'include_once(header.php): failed to open stream: No such file or directory', 'D:\\WDPF_55_WDPF\\PHP\\htdocs\\wdpf_codeigniter\\ci_app1\\app\\Views\\welcome_message.php', 36, [])
 2 APPPATH\Views\welcome_message.php(36): include_once()
 3 SYSTEMPATH\View\View.php(228): include('D:\\WDPF_55_WDPF\\PHP\\htdocs\\wdpf_codeigniter\\ci_app1\\app\\Views\\welcome_message.php')
 4 SYSTEMPATH\View\View.php(231): CodeIgniter\View\View->CodeIgniter\View\{closure}()
 5 SYSTEMPATH\Common.php(1190): CodeIgniter\View\View->render('welcome_message', [], true)
 6 APPPATH\Controllers\Home.php(9): view('welcome_message')
 7 SYSTEMPATH\CodeIgniter.php(942): App\Controllers\Home->index()
 8 SYSTEMPATH\CodeIgniter.php(502): CodeIgniter\CodeIgniter->runController(Object(App\Controllers\Home))
 9 SYSTEMPATH\CodeIgniter.php(361): CodeIgniter\CodeIgniter->handleRequest(null, Object(Config\Cache), false)
10 FCPATH\index.php(79): CodeIgniter\CodeIgniter->run()
11 SYSTEMPATH\Commands\Server\rewrite.php(47): require_once('D:\\WDPF_55_WDPF\\PHP\\htdocs\\wdpf_codeigniter\\ci_app1\\public\\index.php')
CRITICAL - 2023-12-02 04:16:02 --> Call to undefined method CodeIgniter\View\View::include_once()
in APPPATH\Views\welcome_message.php on line 36.
 1 SYSTEMPATH\View\View.php(228): include()
 2 SYSTEMPATH\View\View.php(231): CodeIgniter\View\View->CodeIgniter\View\{closure}()
 3 SYSTEMPATH\Common.php(1190): CodeIgniter\View\View->render('welcome_message', [], true)
 4 APPPATH\Controllers\Home.php(9): view('welcome_message')
 5 SYSTEMPATH\CodeIgniter.php(942): App\Controllers\Home->index()
 6 SYSTEMPATH\CodeIgniter.php(502): CodeIgniter\CodeIgniter->runController(Object(App\Controllers\Home))
 7 SYSTEMPATH\CodeIgniter.php(361): CodeIgniter\CodeIgniter->handleRequest(null, Object(Config\Cache), false)
 8 FCPATH\index.php(79): CodeIgniter\CodeIgniter->run()
 9 SYSTEMPATH\Commands\Server\rewrite.php(47): require_once('D:\\WDPF_55_WDPF\\PHP\\htdocs\\wdpf_codeigniter\\ci_app1\\public\\index.php')
CRITICAL - 2023-12-02 04:16:17 --> include_once(sidebar.php): failed to open stream: No such file or directory
in APPPATH\Views\welcome_message.php on line 37.
 1 APPPATH\Views\welcome_message.php(37): CodeIgniter\Debug\Exceptions->errorHandler(2, 'include_once(sidebar.php): failed to open stream: No such file or directory', 'D:\\WDPF_55_WDPF\\PHP\\htdocs\\wdpf_codeigniter\\ci_app1\\app\\Views\\welcome_message.php', 37, [])
 2 APPPATH\Views\welcome_message.php(37): include_once()
 3 SYSTEMPATH\View\View.php(228): include('D:\\WDPF_55_WDPF\\PHP\\htdocs\\wdpf_codeigniter\\ci_app1\\app\\Views\\welcome_message.php')
 4 SYSTEMPATH\View\View.php(231): CodeIgniter\View\View->CodeIgniter\View\{closure}()
 5 SYSTEMPATH\Common.php(1190): CodeIgniter\View\View->render('welcome_message', [], true)
 6 APPPATH\Controllers\Home.php(9): view('welcome_message')
 7 SYSTEMPATH\CodeIgniter.php(942): App\Controllers\Home->index()
 8 SYSTEMPATH\CodeIgniter.php(502): CodeIgniter\CodeIgniter->runController(Object(App\Controllers\Home))
 9 SYSTEMPATH\CodeIgniter.php(361): CodeIgniter\CodeIgniter->handleRequest(null, Object(Config\Cache), false)
10 FCPATH\index.php(79): CodeIgniter\CodeIgniter->run()
11 SYSTEMPATH\Commands\Server\rewrite.php(47): require_once('D:\\WDPF_55_WDPF\\PHP\\htdocs\\wdpf_codeigniter\\ci_app1\\public\\index.php')
CRITICAL - 2023-12-02 04:17:13 --> include_once(header.php): failed to open stream: No such file or directory
in APPPATH\Views\profile.php on line 43.
 1 APPPATH\Views\profile.php(43): CodeIgniter\Debug\Exceptions->errorHandler(2, 'include_once(header.php): failed to open stream: No such file or directory', 'D:\\WDPF_55_WDPF\\PHP\\htdocs\\wdpf_codeigniter\\ci_app1\\app\\Views\\profile.php', 43, [])
 2 APPPATH\Views\profile.php(43): include_once()
 3 SYSTEMPATH\View\View.php(228): include('D:\\WDPF_55_WDPF\\PHP\\htdocs\\wdpf_codeigniter\\ci_app1\\app\\Views\\profile.php')
 4 SYSTEMPATH\View\View.php(231): CodeIgniter\View\View->CodeIgniter\View\{closure}()
 5 SYSTEMPATH\Common.php(1190): CodeIgniter\View\View->render('profile', [], true)
 6 APPPATH\Controllers\Profile.php(11): view('profile')
 7 SYSTEMPATH\CodeIgniter.php(942): App\Controllers\Profile->index()
 8 SYSTEMPATH\CodeIgniter.php(502): CodeIgniter\CodeIgniter->runController(Object(App\Controllers\Profile))
 9 SYSTEMPATH\CodeIgniter.php(361): CodeIgniter\CodeIgniter->handleRequest(null, Object(Config\Cache), false)
10 FCPATH\index.php(79): CodeIgniter\CodeIgniter->run()
11 SYSTEMPATH\Commands\Server\rewrite.php(47): require_once('D:\\WDPF_55_WDPF\\PHP\\htdocs\\wdpf_codeigniter\\ci_app1\\public\\index.php')
CRITICAL - 2023-12-02 04:17:15 --> include_once(header.php): failed to open stream: No such file or directory
in APPPATH\Views\profile.php on line 43.
 1 APPPATH\Views\profile.php(43): CodeIgniter\Debug\Exceptions->errorHandler(2, 'include_once(header.php): failed to open stream: No such file or directory', 'D:\\WDPF_55_WDPF\\PHP\\htdocs\\wdpf_codeigniter\\ci_app1\\app\\Views\\profile.php', 43, [])
 2 APPPATH\Views\profile.php(43): include_once()
 3 SYSTEMPATH\View\View.php(228): include('D:\\WDPF_55_WDPF\\PHP\\htdocs\\wdpf_codeigniter\\ci_app1\\app\\Views\\profile.php')
 4 SYSTEMPATH\View\View.php(231): CodeIgniter\View\View->CodeIgniter\View\{closure}()
 5 SYSTEMPATH\Common.php(1190): CodeIgniter\View\View->render('profile', [], true)
 6 APPPATH\Controllers\Profile.php(11): view('profile')
 7 SYSTEMPATH\CodeIgniter.php(942): App\Controllers\Profile->index()
 8 SYSTEMPATH\CodeIgniter.php(502): CodeIgniter\CodeIgniter->runController(Object(App\Controllers\Profile))
 9 SYSTEMPATH\CodeIgniter.php(361): CodeIgniter\CodeIgniter->handleRequest(null, Object(Config\Cache), false)
10 FCPATH\index.php(79): CodeIgniter\CodeIgniter->run()
11 SYSTEMPATH\Commands\Server\rewrite.php(47): require_once('D:\\WDPF_55_WDPF\\PHP\\htdocs\\wdpf_codeigniter\\ci_app1\\public\\index.php')
CRITICAL - 2023-12-02 04:17:39 --> include_once(header.php): failed to open stream: No such file or directory
in APPPATH\Views\profile.php on line 43.
 1 APPPATH\Views\profile.php(43): CodeIgniter\Debug\Exceptions->errorHandler(2, 'include_once(header.php): failed to open stream: No such file or directory', 'D:\\WDPF_55_WDPF\\PHP\\htdocs\\wdpf_codeigniter\\ci_app1\\app\\Views\\profile.php', 43, [])
 2 APPPATH\Views\profile.php(43): include_once()
 3 SYSTEMPATH\View\View.php(228): include('D:\\WDPF_55_WDPF\\PHP\\htdocs\\wdpf_codeigniter\\ci_app1\\app\\Views\\profile.php')
 4 SYSTEMPATH\View\View.php(231): CodeIgniter\View\View->CodeIgniter\View\{closure}()
 5 SYSTEMPATH\Common.php(1190): CodeIgniter\View\View->render('profile', [], true)
 6 APPPATH\Controllers\Profile.php(11): view('profile')
 7 SYSTEMPATH\CodeIgniter.php(942): App\Controllers\Profile->index()
 8 SYSTEMPATH\CodeIgniter.php(502): CodeIgniter\CodeIgniter->runController(Object(App\Controllers\Profile))
 9 SYSTEMPATH\CodeIgniter.php(361): CodeIgniter\CodeIgniter->handleRequest(null, Object(Config\Cache), false)
10 FCPATH\index.php(79): CodeIgniter\CodeIgniter->run()
11 SYSTEMPATH\Commands\Server\rewrite.php(47): require_once('D:\\WDPF_55_WDPF\\PHP\\htdocs\\wdpf_codeigniter\\ci_app1\\public\\index.php')
CRITICAL - 2023-12-02 04:18:01 --> include_once(header.php): failed to open stream: No such file or directory
in APPPATH\Views\profile.php on line 43.
 1 APPPATH\Views\profile.php(43): CodeIgniter\Debug\Exceptions->errorHandler(2, 'include_once(header.php): failed to open stream: No such file or directory', 'D:\\WDPF_55_WDPF\\PHP\\htdocs\\wdpf_codeigniter\\ci_app1\\app\\Views\\profile.php', 43, [])
 2 APPPATH\Views\profile.php(43): include_once()
 3 SYSTEMPATH\View\View.php(228): include('D:\\WDPF_55_WDPF\\PHP\\htdocs\\wdpf_codeigniter\\ci_app1\\app\\Views\\profile.php')
 4 SYSTEMPATH\View\View.php(231): CodeIgniter\View\View->CodeIgniter\View\{closure}()
 5 SYSTEMPATH\Common.php(1190): CodeIgniter\View\View->render('profile', [], true)
 6 APPPATH\Controllers\Profile.php(11): view('profile')
 7 SYSTEMPATH\CodeIgniter.php(942): App\Controllers\Profile->index()
 8 SYSTEMPATH\CodeIgniter.php(502): CodeIgniter\CodeIgniter->runController(Object(App\Controllers\Profile))
 9 SYSTEMPATH\CodeIgniter.php(361): CodeIgniter\CodeIgniter->handleRequest(null, Object(Config\Cache), false)
10 FCPATH\index.php(79): CodeIgniter\CodeIgniter->run()
11 SYSTEMPATH\Commands\Server\rewrite.php(47): require_once('D:\\WDPF_55_WDPF\\PHP\\htdocs\\wdpf_codeigniter\\ci_app1\\public\\index.php')
CRITICAL - 2023-12-02 04:19:03 --> include_once(header.php): failed to open stream: No such file or directory
in APPPATH\Views\profile.php on line 43.
 1 APPPATH\Views\profile.php(43): CodeIgniter\Debug\Exceptions->errorHandler(2, 'include_once(header.php): failed to open stream: No such file or directory', 'D:\\WDPF_55_WDPF\\PHP\\htdocs\\wdpf_codeigniter\\ci_app1\\app\\Views\\profile.php', 43, [])
 2 APPPATH\Views\profile.php(43): include_once()
 3 SYSTEMPATH\View\View.php(228): include('D:\\WDPF_55_WDPF\\PHP\\htdocs\\wdpf_codeigniter\\ci_app1\\app\\Views\\profile.php')
 4 SYSTEMPATH\View\View.php(231): CodeIgniter\View\View->CodeIgniter\View\{closure}()
 5 SYSTEMPATH\Common.php(1190): CodeIgniter\View\View->render('profile', [], true)
 6 APPPATH\Controllers\Profile.php(11): view('profile')
 7 SYSTEMPATH\CodeIgniter.php(942): App\Controllers\Profile->index()
 8 SYSTEMPATH\CodeIgniter.php(502): CodeIgniter\CodeIgniter->runController(Object(App\Controllers\Profile))
 9 SYSTEMPATH\CodeIgniter.php(361): CodeIgniter\CodeIgniter->handleRequest(null, Object(Config\Cache), false)
10 FCPATH\index.php(79): CodeIgniter\CodeIgniter->run()
11 SYSTEMPATH\Commands\Server\rewrite.php(47): require_once('D:\\WDPF_55_WDPF\\PHP\\htdocs\\wdpf_codeigniter\\ci_app1\\public\\index.php')
CRITICAL - 2023-12-02 04:19:31 --> include_once(header.php): failed to open stream: No such file or directory
in APPPATH\Views\profile.php on line 43.
 1 APPPATH\Views\profile.php(43): CodeIgniter\Debug\Exceptions->errorHandler(2, 'include_once(header.php): failed to open stream: No such file or directory', 'D:\\WDPF_55_WDPF\\PHP\\htdocs\\wdpf_codeigniter\\ci_app1\\app\\Views\\profile.php', 43, [])
 2 APPPATH\Views\profile.php(43): include_once()
 3 SYSTEMPATH\View\View.php(228): include('D:\\WDPF_55_WDPF\\PHP\\htdocs\\wdpf_codeigniter\\ci_app1\\app\\Views\\profile.php')
 4 SYSTEMPATH\View\View.php(231): CodeIgniter\View\View->CodeIgniter\View\{closure}()
 5 SYSTEMPATH\Common.php(1190): CodeIgniter\View\View->render('profile', [], true)
 6 APPPATH\Controllers\Profile.php(11): view('profile')
 7 SYSTEMPATH\CodeIgniter.php(942): App\Controllers\Profile->index()
 8 SYSTEMPATH\CodeIgniter.php(502): CodeIgniter\CodeIgniter->runController(Object(App\Controllers\Profile))
 9 SYSTEMPATH\CodeIgniter.php(361): CodeIgniter\CodeIgniter->handleRequest(null, Object(Config\Cache), false)
10 FCPATH\index.php(79): CodeIgniter\CodeIgniter->run()
11 SYSTEMPATH\Commands\Server\rewrite.php(47): require_once('D:\\WDPF_55_WDPF\\PHP\\htdocs\\wdpf_codeigniter\\ci_app1\\public\\index.php')
CRITICAL - 2023-12-02 04:20:06 --> include_once(header.php): failed to open stream: No such file or directory
in APPPATH\Views\profile.php on line 43.
 1 APPPATH\Views\profile.php(43): CodeIgniter\Debug\Exceptions->errorHandler(2, 'include_once(header.php): failed to open stream: No such file or directory', 'D:\\WDPF_55_WDPF\\PHP\\htdocs\\wdpf_codeigniter\\ci_app1\\app\\Views\\profile.php', 43, [])
 2 APPPATH\Views\profile.php(43): include_once()
 3 SYSTEMPATH\View\View.php(228): include('D:\\WDPF_55_WDPF\\PHP\\htdocs\\wdpf_codeigniter\\ci_app1\\app\\Views\\profile.php')
 4 SYSTEMPATH\View\View.php(231): CodeIgniter\View\View->CodeIgniter\View\{closure}()
 5 SYSTEMPATH\Common.php(1190): CodeIgniter\View\View->render('profile', [], true)
 6 APPPATH\Controllers\Profile.php(11): view('profile')
 7 SYSTEMPATH\CodeIgniter.php(942): App\Controllers\Profile->index()
 8 SYSTEMPATH\CodeIgniter.php(502): CodeIgniter\CodeIgniter->runController(Object(App\Controllers\Profile))
 9 SYSTEMPATH\CodeIgniter.php(361): CodeIgniter\CodeIgniter->handleRequest(null, Object(Config\Cache), false)
10 FCPATH\index.php(79): CodeIgniter\CodeIgniter->run()
11 SYSTEMPATH\Commands\Server\rewrite.php(47): require_once('D:\\WDPF_55_WDPF\\PHP\\htdocs\\wdpf_codeigniter\\ci_app1\\public\\index.php')
CRITICAL - 2023-12-02 04:38:53 --> include_once(header.php): failed to open stream: No such file or directory
in APPPATH\Views\profile.php on line 43.
 1 APPPATH\Views\profile.php(43): CodeIgniter\Debug\Exceptions->errorHandler(2, 'include_once(header.php): failed to open stream: No such file or directory', 'D:\\WDPF_55_WDPF\\PHP\\htdocs\\wdpf_codeigniter\\ci_app1\\app\\Views\\profile.php', 43, [])
 2 APPPATH\Views\profile.php(43): include_once()
 3 SYSTEMPATH\View\View.php(228): include('D:\\WDPF_55_WDPF\\PHP\\htdocs\\wdpf_codeigniter\\ci_app1\\app\\Views\\profile.php')
 4 SYSTEMPATH\View\View.php(231): CodeIgniter\View\View->CodeIgniter\View\{closure}()
 5 SYSTEMPATH\Common.php(1190): CodeIgniter\View\View->render('profile', [], true)
 6 APPPATH\Controllers\Profile.php(11): view('profile')
 7 SYSTEMPATH\CodeIgniter.php(942): App\Controllers\Profile->index()
 8 SYSTEMPATH\CodeIgniter.php(502): CodeIgniter\CodeIgniter->runController(Object(App\Controllers\Profile))
 9 SYSTEMPATH\CodeIgniter.php(361): CodeIgniter\CodeIgniter->handleRequest(null, Object(Config\Cache), false)
10 FCPATH\index.php(79): CodeIgniter\CodeIgniter->run()
11 SYSTEMPATH\Commands\Server\rewrite.php(47): require_once('D:\\WDPF_55_WDPF\\PHP\\htdocs\\wdpf_codeigniter\\ci_app1\\public\\index.php')
CRITICAL - 2023-12-02 04:39:17 --> include_once(header.php): failed to open stream: No such file or directory
in APPPATH\Views\profile.php on line 43.
 1 APPPATH\Views\profile.php(43): CodeIgniter\Debug\Exceptions->errorHandler(2, 'include_once(header.php): failed to open stream: No such file or directory', 'D:\\WDPF_55_WDPF\\PHP\\htdocs\\wdpf_codeigniter\\ci_app1\\app\\Views\\profile.php', 43, [])
 2 APPPATH\Views\profile.php(43): include_once()
 3 SYSTEMPATH\View\View.php(228): include('D:\\WDPF_55_WDPF\\PHP\\htdocs\\wdpf_codeigniter\\ci_app1\\app\\Views\\profile.php')
 4 SYSTEMPATH\View\View.php(231): CodeIgniter\View\View->CodeIgniter\View\{closure}()
 5 SYSTEMPATH\Common.php(1190): CodeIgniter\View\View->render('profile', [], true)
 6 APPPATH\Controllers\Profile.php(11): view('profile')
 7 SYSTEMPATH\CodeIgniter.php(942): App\Controllers\Profile->index()
 8 SYSTEMPATH\CodeIgniter.php(502): CodeIgniter\CodeIgniter->runController(Object(App\Controllers\Profile))
 9 SYSTEMPATH\CodeIgniter.php(361): CodeIgniter\CodeIgniter->handleRequest(null, Object(Config\Cache), false)
10 FCPATH\index.php(79): CodeIgniter\CodeIgniter->run()
11 SYSTEMPATH\Commands\Server\rewrite.php(47): require_once('D:\\WDPF_55_WDPF\\PHP\\htdocs\\wdpf_codeigniter\\ci_app1\\public\\index.php')
CRITICAL - 2023-12-02 04:39:18 --> include_once(header.php): failed to open stream: No such file or directory
in APPPATH\Views\profile.php on line 43.
 1 APPPATH\Views\profile.php(43): CodeIgniter\Debug\Exceptions->errorHandler(2, 'include_once(header.php): failed to open stream: No such file or directory', 'D:\\WDPF_55_WDPF\\PHP\\htdocs\\wdpf_codeigniter\\ci_app1\\app\\Views\\profile.php', 43, [])
 2 APPPATH\Views\profile.php(43): include_once()
 3 SYSTEMPATH\View\View.php(228): include('D:\\WDPF_55_WDPF\\PHP\\htdocs\\wdpf_codeigniter\\ci_app1\\app\\Views\\profile.php')
 4 SYSTEMPATH\View\View.php(231): CodeIgniter\View\View->CodeIgniter\View\{closure}()
 5 SYSTEMPATH\Common.php(1190): CodeIgniter\View\View->render('profile', [], true)
 6 APPPATH\Controllers\Profile.php(11): view('profile')
 7 SYSTEMPATH\CodeIgniter.php(942): App\Controllers\Profile->index()
 8 SYSTEMPATH\CodeIgniter.php(502): CodeIgniter\CodeIgniter->runController(Object(App\Controllers\Profile))
 9 SYSTEMPATH\CodeIgniter.php(361): CodeIgniter\CodeIgniter->handleRequest(null, Object(Config\Cache), false)
10 FCPATH\index.php(79): CodeIgniter\CodeIgniter->run()
11 SYSTEMPATH\Commands\Server\rewrite.php(47): require_once('D:\\WDPF_55_WDPF\\PHP\\htdocs\\wdpf_codeigniter\\ci_app1\\public\\index.php')
CRITICAL - 2023-12-02 04:39:18 --> include_once(header.php): failed to open stream: No such file or directory
in APPPATH\Views\profile.php on line 43.
 1 APPPATH\Views\profile.php(43): CodeIgniter\Debug\Exceptions->errorHandler(2, 'include_once(header.php): failed to open stream: No such file or directory', 'D:\\WDPF_55_WDPF\\PHP\\htdocs\\wdpf_codeigniter\\ci_app1\\app\\Views\\profile.php', 43, [])
 2 APPPATH\Views\profile.php(43): include_once()
 3 SYSTEMPATH\View\View.php(228): include('D:\\WDPF_55_WDPF\\PHP\\htdocs\\wdpf_codeigniter\\ci_app1\\app\\Views\\profile.php')
 4 SYSTEMPATH\View\View.php(231): CodeIgniter\View\View->CodeIgniter\View\{closure}()
 5 SYSTEMPATH\Common.php(1190): CodeIgniter\View\View->render('profile', [], true)
 6 APPPATH\Controllers\Profile.php(11): view('profile')
 7 SYSTEMPATH\CodeIgniter.php(942): App\Controllers\Profile->index()
 8 SYSTEMPATH\CodeIgniter.php(502): CodeIgniter\CodeIgniter->runController(Object(App\Controllers\Profile))
 9 SYSTEMPATH\CodeIgniter.php(361): CodeIgniter\CodeIgniter->handleRequest(null, Object(Config\Cache), false)
10 FCPATH\index.php(79): CodeIgniter\CodeIgniter->run()
11 SYSTEMPATH\Commands\Server\rewrite.php(47): require_once('D:\\WDPF_55_WDPF\\PHP\\htdocs\\wdpf_codeigniter\\ci_app1\\public\\index.php')
CRITICAL - 2023-12-02 04:39:18 --> include_once(header.php): failed to open stream: No such file or directory
in APPPATH\Views\profile.php on line 43.
 1 APPPATH\Views\profile.php(43): CodeIgniter\Debug\Exceptions->errorHandler(2, 'include_once(header.php): failed to open stream: No such file or directory', 'D:\\WDPF_55_WDPF\\PHP\\htdocs\\wdpf_codeigniter\\ci_app1\\app\\Views\\profile.php', 43, [])
 2 APPPATH\Views\profile.php(43): include_once()
 3 SYSTEMPATH\View\View.php(228): include('D:\\WDPF_55_WDPF\\PHP\\htdocs\\wdpf_codeigniter\\ci_app1\\app\\Views\\profile.php')
 4 SYSTEMPATH\View\View.php(231): CodeIgniter\View\View->CodeIgniter\View\{closure}()
 5 SYSTEMPATH\Common.php(1190): CodeIgniter\View\View->render('profile', [], true)
 6 APPPATH\Controllers\Profile.php(11): view('profile')
 7 SYSTEMPATH\CodeIgniter.php(942): App\Controllers\Profile->index()
 8 SYSTEMPATH\CodeIgniter.php(502): CodeIgniter\CodeIgniter->runController(Object(App\Controllers\Profile))
 9 SYSTEMPATH\CodeIgniter.php(361): CodeIgniter\CodeIgniter->handleRequest(null, Object(Config\Cache), false)
10 FCPATH\index.php(79): CodeIgniter\CodeIgniter->run()
11 SYSTEMPATH\Commands\Server\rewrite.php(47): require_once('D:\\WDPF_55_WDPF\\PHP\\htdocs\\wdpf_codeigniter\\ci_app1\\public\\index.php')
CRITICAL - 2023-12-02 04:39:18 --> include_once(header.php): failed to open stream: No such file or directory
in APPPATH\Views\profile.php on line 43.
 1 APPPATH\Views\profile.php(43): CodeIgniter\Debug\Exceptions->errorHandler(2, 'include_once(header.php): failed to open stream: No such file or directory', 'D:\\WDPF_55_WDPF\\PHP\\htdocs\\wdpf_codeigniter\\ci_app1\\app\\Views\\profile.php', 43, [])
 2 APPPATH\Views\profile.php(43): include_once()
 3 SYSTEMPATH\View\View.php(228): include('D:\\WDPF_55_WDPF\\PHP\\htdocs\\wdpf_codeigniter\\ci_app1\\app\\Views\\profile.php')
 4 SYSTEMPATH\View\View.php(231): CodeIgniter\View\View->CodeIgniter\View\{closure}()
 5 SYSTEMPATH\Common.php(1190): CodeIgniter\View\View->render('profile', [], true)
 6 APPPATH\Controllers\Profile.php(11): view('profile')
 7 SYSTEMPATH\CodeIgniter.php(942): App\Controllers\Profile->index()
 8 SYSTEMPATH\CodeIgniter.php(502): CodeIgniter\CodeIgniter->runController(Object(App\Controllers\Profile))
 9 SYSTEMPATH\CodeIgniter.php(361): CodeIgniter\CodeIgniter->handleRequest(null, Object(Config\Cache), false)
10 FCPATH\index.php(79): CodeIgniter\CodeIgniter->run()
11 SYSTEMPATH\Commands\Server\rewrite.php(47): require_once('D:\\WDPF_55_WDPF\\PHP\\htdocs\\wdpf_codeigniter\\ci_app1\\public\\index.php')
CRITICAL - 2023-12-02 04:39:24 --> include_once(header.php): failed to open stream: No such file or directory
in APPPATH\Views\profile.php on line 43.
 1 APPPATH\Views\profile.php(43): CodeIgniter\Debug\Exceptions->errorHandler(2, 'include_once(header.php): failed to open stream: No such file or directory', 'D:\\WDPF_55_WDPF\\PHP\\htdocs\\wdpf_codeigniter\\ci_app1\\app\\Views\\profile.php', 43, [])
 2 APPPATH\Views\profile.php(43): include_once()
 3 SYSTEMPATH\View\View.php(228): include('D:\\WDPF_55_WDPF\\PHP\\htdocs\\wdpf_codeigniter\\ci_app1\\app\\Views\\profile.php')
 4 SYSTEMPATH\View\View.php(231): CodeIgniter\View\View->CodeIgniter\View\{closure}()
 5 SYSTEMPATH\Common.php(1190): CodeIgniter\View\View->render('profile', [], true)
 6 APPPATH\Controllers\Profile.php(11): view('profile')
 7 SYSTEMPATH\CodeIgniter.php(942): App\Controllers\Profile->index()
 8 SYSTEMPATH\CodeIgniter.php(502): CodeIgniter\CodeIgniter->runController(Object(App\Controllers\Profile))
 9 SYSTEMPATH\CodeIgniter.php(361): CodeIgniter\CodeIgniter->handleRequest(null, Object(Config\Cache), false)
10 FCPATH\index.php(79): CodeIgniter\CodeIgniter->run()
11 SYSTEMPATH\Commands\Server\rewrite.php(47): require_once('D:\\WDPF_55_WDPF\\PHP\\htdocs\\wdpf_codeigniter\\ci_app1\\public\\index.php')
CRITICAL - 2023-12-02 04:39:24 --> include_once(header.php): failed to open stream: No such file or directory
in APPPATH\Views\profile.php on line 43.
 1 APPPATH\Views\profile.php(43): CodeIgniter\Debug\Exceptions->errorHandler(2, 'include_once(header.php): failed to open stream: No such file or directory', 'D:\\WDPF_55_WDPF\\PHP\\htdocs\\wdpf_codeigniter\\ci_app1\\app\\Views\\profile.php', 43, [])
 2 APPPATH\Views\profile.php(43): include_once()
 3 SYSTEMPATH\View\View.php(228): include('D:\\WDPF_55_WDPF\\PHP\\htdocs\\wdpf_codeigniter\\ci_app1\\app\\Views\\profile.php')
 4 SYSTEMPATH\View\View.php(231): CodeIgniter\View\View->CodeIgniter\View\{closure}()
 5 SYSTEMPATH\Common.php(1190): CodeIgniter\View\View->render('profile', [], true)
 6 APPPATH\Controllers\Profile.php(11): view('profile')
 7 SYSTEMPATH\CodeIgniter.php(942): App\Controllers\Profile->index()
 8 SYSTEMPATH\CodeIgniter.php(502): CodeIgniter\CodeIgniter->runController(Object(App\Controllers\Profile))
 9 SYSTEMPATH\CodeIgniter.php(361): CodeIgniter\CodeIgniter->handleRequest(null, Object(Config\Cache), false)
10 FCPATH\index.php(79): CodeIgniter\CodeIgniter->run()
11 SYSTEMPATH\Commands\Server\rewrite.php(47): require_once('D:\\WDPF_55_WDPF\\PHP\\htdocs\\wdpf_codeigniter\\ci_app1\\public\\index.php')
CRITICAL - 2023-12-02 04:39:25 --> include_once(header.php): failed to open stream: No such file or directory
in APPPATH\Views\profile.php on line 43.
 1 APPPATH\Views\profile.php(43): CodeIgniter\Debug\Exceptions->errorHandler(2, 'include_once(header.php): failed to open stream: No such file or directory', 'D:\\WDPF_55_WDPF\\PHP\\htdocs\\wdpf_codeigniter\\ci_app1\\app\\Views\\profile.php', 43, [])
 2 APPPATH\Views\profile.php(43): include_once()
 3 SYSTEMPATH\View\View.php(228): include('D:\\WDPF_55_WDPF\\PHP\\htdocs\\wdpf_codeigniter\\ci_app1\\app\\Views\\profile.php')
 4 SYSTEMPATH\View\View.php(231): CodeIgniter\View\View->CodeIgniter\View\{closure}()
 5 SYSTEMPATH\Common.php(1190): CodeIgniter\View\View->render('profile', [], true)
 6 APPPATH\Controllers\Profile.php(11): view('profile')
 7 SYSTEMPATH\CodeIgniter.php(942): App\Controllers\Profile->index()
 8 SYSTEMPATH\CodeIgniter.php(502): CodeIgniter\CodeIgniter->runController(Object(App\Controllers\Profile))
 9 SYSTEMPATH\CodeIgniter.php(361): CodeIgniter\CodeIgniter->handleRequest(null, Object(Config\Cache), false)
10 FCPATH\index.php(79): CodeIgniter\CodeIgniter->run()
11 SYSTEMPATH\Commands\Server\rewrite.php(47): require_once('D:\\WDPF_55_WDPF\\PHP\\htdocs\\wdpf_codeigniter\\ci_app1\\public\\index.php')
CRITICAL - 2023-12-02 04:40:02 --> include_once(header.php): failed to open stream: No such file or directory
in APPPATH\Views\profile.php on line 43.
 1 APPPATH\Views\profile.php(43): CodeIgniter\Debug\Exceptions->errorHandler(2, 'include_once(header.php): failed to open stream: No such file or directory', 'D:\\WDPF_55_WDPF\\PHP\\htdocs\\wdpf_codeigniter\\ci_app1\\app\\Views\\profile.php', 43, [])
 2 APPPATH\Views\profile.php(43): include_once()
 3 SYSTEMPATH\View\View.php(228): include('D:\\WDPF_55_WDPF\\PHP\\htdocs\\wdpf_codeigniter\\ci_app1\\app\\Views\\profile.php')
 4 SYSTEMPATH\View\View.php(231): CodeIgniter\View\View->CodeIgniter\View\{closure}()
 5 SYSTEMPATH\Common.php(1190): CodeIgniter\View\View->render('profile', [], true)
 6 APPPATH\Controllers\Profile.php(11): view('profile')
 7 SYSTEMPATH\CodeIgniter.php(942): App\Controllers\Profile->index()
 8 SYSTEMPATH\CodeIgniter.php(502): CodeIgniter\CodeIgniter->runController(Object(App\Controllers\Profile))
 9 SYSTEMPATH\CodeIgniter.php(361): CodeIgniter\CodeIgniter->handleRequest(null, Object(Config\Cache), false)
10 FCPATH\index.php(79): CodeIgniter\CodeIgniter->run()
11 SYSTEMPATH\Commands\Server\rewrite.php(47): require_once('D:\\WDPF_55_WDPF\\PHP\\htdocs\\wdpf_codeigniter\\ci_app1\\public\\index.php')
CRITICAL - 2023-12-02 04:40:14 --> include_once(header.php): failed to open stream: No such file or directory
in APPPATH\Views\profile.php on line 43.
 1 APPPATH\Views\profile.php(43): CodeIgniter\Debug\Exceptions->errorHandler(2, 'include_once(header.php): failed to open stream: No such file or directory', 'D:\\WDPF_55_WDPF\\PHP\\htdocs\\wdpf_codeigniter\\ci_app1\\app\\Views\\profile.php', 43, [])
 2 APPPATH\Views\profile.php(43): include_once()
 3 SYSTEMPATH\View\View.php(228): include('D:\\WDPF_55_WDPF\\PHP\\htdocs\\wdpf_codeigniter\\ci_app1\\app\\Views\\profile.php')
 4 SYSTEMPATH\View\View.php(231): CodeIgniter\View\View->CodeIgniter\View\{closure}()
 5 SYSTEMPATH\Common.php(1190): CodeIgniter\View\View->render('profile', [], true)
 6 APPPATH\Controllers\Profile.php(11): view('profile')
 7 SYSTEMPATH\CodeIgniter.php(942): App\Controllers\Profile->index()
 8 SYSTEMPATH\CodeIgniter.php(502): CodeIgniter\CodeIgniter->runController(Object(App\Controllers\Profile))
 9 SYSTEMPATH\CodeIgniter.php(361): CodeIgniter\CodeIgniter->handleRequest(null, Object(Config\Cache), false)
10 FCPATH\index.php(79): CodeIgniter\CodeIgniter->run()
11 SYSTEMPATH\Commands\Server\rewrite.php(47): require_once('D:\\WDPF_55_WDPF\\PHP\\htdocs\\wdpf_codeigniter\\ci_app1\\public\\index.php')
CRITICAL - 2023-12-02 04:41:54 --> include_once(header.php): failed to open stream: No such file or directory
in APPPATH\Views\profile.php on line 43.
 1 APPPATH\Views\profile.php(43): CodeIgniter\Debug\Exceptions->errorHandler(2, 'include_once(header.php): failed to open stream: No such file or directory', 'D:\\WDPF_55_WDPF\\PHP\\htdocs\\wdpf_codeigniter\\ci_app1\\app\\Views\\profile.php', 43, [])
 2 APPPATH\Views\profile.php(43): include_once()
 3 SYSTEMPATH\View\View.php(228): include('D:\\WDPF_55_WDPF\\PHP\\htdocs\\wdpf_codeigniter\\ci_app1\\app\\Views\\profile.php')
 4 SYSTEMPATH\View\View.php(231): CodeIgniter\View\View->CodeIgniter\View\{closure}()
 5 SYSTEMPATH\Common.php(1190): CodeIgniter\View\View->render('profile', [], true)
 6 APPPATH\Controllers\Profile.php(11): view('profile')
 7 SYSTEMPATH\CodeIgniter.php(942): App\Controllers\Profile->index()
 8 SYSTEMPATH\CodeIgniter.php(502): CodeIgniter\CodeIgniter->runController(Object(App\Controllers\Profile))
 9 SYSTEMPATH\CodeIgniter.php(361): CodeIgniter\CodeIgniter->handleRequest(null, Object(Config\Cache), false)
10 FCPATH\index.php(79): CodeIgniter\CodeIgniter->run()
11 SYSTEMPATH\Commands\Server\rewrite.php(47): require_once('D:\\WDPF_55_WDPF\\PHP\\htdocs\\wdpf_codeigniter\\ci_app1\\public\\index.php')
=======
CRITICAL - 2023-12-02 16:17:01 --> Invalid file: "../includes/header.php"
in SYSTEMPATH\Exceptions\FrameworkException.php on line 39.
 1 SYSTEMPATH\View\View.php(216): CodeIgniter\Exceptions\FrameworkException::forInvalidFile('../includes/header.php')
 2 SYSTEMPATH\View\View.php(469): CodeIgniter\View\View->render('../includes/header.php', null, true)
 3 APPPATH\Views\welcome_message.php(43): CodeIgniter\View\View->include('../includes/header.php')
 4 SYSTEMPATH\View\View.php(228): include('E:\\PHP\\htdocs\\wdpf_codeigniter\\ci_app1\\app\\Views\\welcome_message.php')
 5 SYSTEMPATH\View\View.php(231): CodeIgniter\View\View->CodeIgniter\View\{closure}()
 6 SYSTEMPATH\Common.php(1190): CodeIgniter\View\View->render('welcome_message', [], true)
 7 APPPATH\Controllers\Home.php(9): view('welcome_message')
 8 SYSTEMPATH\CodeIgniter.php(942): App\Controllers\Home->index()
 9 SYSTEMPATH\CodeIgniter.php(502): CodeIgniter\CodeIgniter->runController(Object(App\Controllers\Home))
10 SYSTEMPATH\CodeIgniter.php(361): CodeIgniter\CodeIgniter->handleRequest(null, Object(Config\Cache), false)
11 FCPATH\index.php(79): CodeIgniter\CodeIgniter->run()
12 SYSTEMPATH\Commands\Server\rewrite.php(47): require_once('E:\\PHP\\htdocs\\wdpf_codeigniter\\ci_app1\\public\\index.php')
CRITICAL - 2023-12-02 16:17:17 --> Invalid file: "../includes/sidebar.php"
in SYSTEMPATH\Exceptions\FrameworkException.php on line 39.
 1 SYSTEMPATH\View\View.php(216): CodeIgniter\Exceptions\FrameworkException::forInvalidFile('../includes/sidebar.php')
 2 SYSTEMPATH\View\View.php(469): CodeIgniter\View\View->render('../includes/sidebar.php', null, true)
 3 APPPATH\Views\welcome_message.php(44): CodeIgniter\View\View->include('../includes/sidebar.php')
 4 SYSTEMPATH\View\View.php(228): include('E:\\PHP\\htdocs\\wdpf_codeigniter\\ci_app1\\app\\Views\\welcome_message.php')
 5 SYSTEMPATH\View\View.php(231): CodeIgniter\View\View->CodeIgniter\View\{closure}()
 6 SYSTEMPATH\Common.php(1190): CodeIgniter\View\View->render('welcome_message', [], true)
 7 APPPATH\Controllers\Home.php(9): view('welcome_message')
 8 SYSTEMPATH\CodeIgniter.php(942): App\Controllers\Home->index()
 9 SYSTEMPATH\CodeIgniter.php(502): CodeIgniter\CodeIgniter->runController(Object(App\Controllers\Home))
10 SYSTEMPATH\CodeIgniter.php(361): CodeIgniter\CodeIgniter->handleRequest(null, Object(Config\Cache), false)
11 FCPATH\index.php(79): CodeIgniter\CodeIgniter->run()
12 SYSTEMPATH\Commands\Server\rewrite.php(47): require_once('E:\\PHP\\htdocs\\wdpf_codeigniter\\ci_app1\\public\\index.php')
CRITICAL - 2023-12-02 16:36:45 --> Invalid file: "products.php"
in SYSTEMPATH\Exceptions\FrameworkException.php on line 39.
 1 SYSTEMPATH\View\View.php(216): CodeIgniter\Exceptions\FrameworkException::forInvalidFile('products.php')
 2 SYSTEMPATH\Common.php(1190): CodeIgniter\View\View->render('products', [], true)
 3 APPPATH\Controllers\ProductController.php(11): view('products')
 4 SYSTEMPATH\CodeIgniter.php(942): App\Controllers\ProductController->index()
 5 SYSTEMPATH\CodeIgniter.php(502): CodeIgniter\CodeIgniter->runController(Object(App\Controllers\ProductController))
 6 SYSTEMPATH\CodeIgniter.php(361): CodeIgniter\CodeIgniter->handleRequest(null, Object(Config\Cache), false)
 7 FCPATH\index.php(79): CodeIgniter\CodeIgniter->run()
 8 SYSTEMPATH\Commands\Server\rewrite.php(47): require_once('E:\\PHP\\htdocs\\wdpf_codeigniter\\ci_app1\\public\\index.php')
CRITICAL - 2023-12-02 16:36:49 --> Invalid file: "products.php"
in SYSTEMPATH\Exceptions\FrameworkException.php on line 39.
 1 SYSTEMPATH\View\View.php(216): CodeIgniter\Exceptions\FrameworkException::forInvalidFile('products.php')
 2 SYSTEMPATH\Common.php(1190): CodeIgniter\View\View->render('products', [], true)
 3 APPPATH\Controllers\ProductController.php(11): view('products')
 4 SYSTEMPATH\CodeIgniter.php(942): App\Controllers\ProductController->index()
 5 SYSTEMPATH\CodeIgniter.php(502): CodeIgniter\CodeIgniter->runController(Object(App\Controllers\ProductController))
 6 SYSTEMPATH\CodeIgniter.php(361): CodeIgniter\CodeIgniter->handleRequest(null, Object(Config\Cache), false)
 7 FCPATH\index.php(79): CodeIgniter\CodeIgniter->run()
 8 SYSTEMPATH\Commands\Server\rewrite.php(47): require_once('E:\\PHP\\htdocs\\wdpf_codeigniter\\ci_app1\\public\\index.php')
CRITICAL - 2023-12-02 16:37:07 --> Invalid file: "products.php"
in SYSTEMPATH\Exceptions\FrameworkException.php on line 39.
 1 SYSTEMPATH\View\View.php(216): CodeIgniter\Exceptions\FrameworkException::forInvalidFile('products.php')
 2 SYSTEMPATH\Common.php(1190): CodeIgniter\View\View->render('products', [], true)
 3 APPPATH\Controllers\ProductController.php(11): view('products')
 4 SYSTEMPATH\CodeIgniter.php(942): App\Controllers\ProductController->index()
 5 SYSTEMPATH\CodeIgniter.php(502): CodeIgniter\CodeIgniter->runController(Object(App\Controllers\ProductController))
 6 SYSTEMPATH\CodeIgniter.php(361): CodeIgniter\CodeIgniter->handleRequest(null, Object(Config\Cache), false)
 7 FCPATH\index.php(79): CodeIgniter\CodeIgniter->run()
 8 SYSTEMPATH\Commands\Server\rewrite.php(47): require_once('E:\\PHP\\htdocs\\wdpf_codeigniter\\ci_app1\\public\\index.php')
CRITICAL - 2023-12-02 16:37:15 --> Invalid file: "products.php"
in SYSTEMPATH\Exceptions\FrameworkException.php on line 39.
 1 SYSTEMPATH\View\View.php(216): CodeIgniter\Exceptions\FrameworkException::forInvalidFile('products.php')
 2 SYSTEMPATH\Common.php(1190): CodeIgniter\View\View->render('products', [], true)
 3 APPPATH\Controllers\ProductController.php(11): view('products')
 4 SYSTEMPATH\CodeIgniter.php(942): App\Controllers\ProductController->index()
 5 SYSTEMPATH\CodeIgniter.php(502): CodeIgniter\CodeIgniter->runController(Object(App\Controllers\ProductController))
 6 SYSTEMPATH\CodeIgniter.php(361): CodeIgniter\CodeIgniter->handleRequest(null, Object(Config\Cache), false)
 7 FCPATH\index.php(79): CodeIgniter\CodeIgniter->run()
 8 SYSTEMPATH\Commands\Server\rewrite.php(47): require_once('E:\\PHP\\htdocs\\wdpf_codeigniter\\ci_app1\\public\\index.php')
CRITICAL - 2023-12-02 16:37:15 --> Invalid file: "products.php"
in SYSTEMPATH\Exceptions\FrameworkException.php on line 39.
 1 SYSTEMPATH\View\View.php(216): CodeIgniter\Exceptions\FrameworkException::forInvalidFile('products.php')
 2 SYSTEMPATH\Common.php(1190): CodeIgniter\View\View->render('products', [], true)
 3 APPPATH\Controllers\ProductController.php(11): view('products')
 4 SYSTEMPATH\CodeIgniter.php(942): App\Controllers\ProductController->index()
 5 SYSTEMPATH\CodeIgniter.php(502): CodeIgniter\CodeIgniter->runController(Object(App\Controllers\ProductController))
 6 SYSTEMPATH\CodeIgniter.php(361): CodeIgniter\CodeIgniter->handleRequest(null, Object(Config\Cache), false)
 7 FCPATH\index.php(79): CodeIgniter\CodeIgniter->run()
 8 SYSTEMPATH\Commands\Server\rewrite.php(47): require_once('E:\\PHP\\htdocs\\wdpf_codeigniter\\ci_app1\\public\\index.php')
CRITICAL - 2023-12-02 17:06:34 --> Invalid file: "products.php"
in SYSTEMPATH\Exceptions\FrameworkException.php on line 39.
 1 SYSTEMPATH\View\View.php(216): CodeIgniter\Exceptions\FrameworkException::forInvalidFile('products.php')
 2 SYSTEMPATH\Common.php(1190): CodeIgniter\View\View->render('products', [], true)
 3 APPPATH\Controllers\ProductController.php(19): view('products', [...])
 4 SYSTEMPATH\CodeIgniter.php(942): App\Controllers\ProductController->index()
 5 SYSTEMPATH\CodeIgniter.php(502): CodeIgniter\CodeIgniter->runController(Object(App\Controllers\ProductController))
 6 SYSTEMPATH\CodeIgniter.php(361): CodeIgniter\CodeIgniter->handleRequest(null, Object(Config\Cache), false)
 7 FCPATH\index.php(79): CodeIgniter\CodeIgniter->run()
 8 SYSTEMPATH\Commands\Server\rewrite.php(47): require_once('E:\\PHP\\htdocs\\wdpf_codeigniter\\ci_app1\\public\\index.php')
CRITICAL - 2023-12-02 17:11:01 --> Invalid file: "products.php"
in SYSTEMPATH\Exceptions\FrameworkException.php on line 39.
 1 SYSTEMPATH\View\View.php(216): CodeIgniter\Exceptions\FrameworkException::forInvalidFile('products.php')
 2 SYSTEMPATH\Common.php(1190): CodeIgniter\View\View->render('products', [], true)
 3 APPPATH\Controllers\ProductController.php(18): view('products', [...])
 4 SYSTEMPATH\CodeIgniter.php(942): App\Controllers\ProductController->index()
 5 SYSTEMPATH\CodeIgniter.php(502): CodeIgniter\CodeIgniter->runController(Object(App\Controllers\ProductController))
 6 SYSTEMPATH\CodeIgniter.php(361): CodeIgniter\CodeIgniter->handleRequest(null, Object(Config\Cache), false)
 7 FCPATH\index.php(79): CodeIgniter\CodeIgniter->run()
 8 SYSTEMPATH\Commands\Server\rewrite.php(47): require_once('E:\\PHP\\htdocs\\wdpf_codeigniter\\ci_app1\\public\\index.php')
>>>>>>> cf0438e0046d635b7f3a27a44216ab2f9d8f69c4
