ERROR - 2023-12-05 02:37:49 --> Error connecting to the database: mysqli_sql_exception: No connection could be made because the target machine actively refused it.
 in D:\WDPF_55_WDPF\xampp\htdocs\wdpf_codeigniter\ci_app1\system\Database\MySQLi\Connection.php:185
Stack trace:
#0 D:\WDPF_55_WDPF\xampp\htdocs\wdpf_codeigniter\ci_app1\system\Database\MySQLi\Connection.php(185): mysqli->real_connect('localhost', 'root', '', 'wdpf_ci1', 3306, '', 0)
#1 D:\WDPF_55_WDPF\xampp\htdocs\wdpf_codeigniter\ci_app1\system\Database\BaseConnection.php(392): CodeIgniter\Database\MySQLi\Connection->connect(false)
#2 D:\WDPF_55_WDPF\xampp\htdocs\wdpf_codeigniter\ci_app1\system\Database\BaseConnection.php(575): CodeIgniter\Database\BaseConnection->initialize()
#3 D:\WDPF_55_WDPF\xampp\htdocs\wdpf_codeigniter\ci_app1\system\Database\BaseBuilder.php(1615): CodeIgniter\Database\BaseConnection->query('SELECT *\nFROM `...', Array, false)
#4 D:\WDPF_55_WDPF\xampp\htdocs\wdpf_codeigniter\ci_app1\system\Model.php(237): CodeIgniter\Database\BaseBuilder->get()
#5 D:\WDPF_55_WDPF\xampp\htdocs\wdpf_codeigniter\ci_app1\system\BaseModel.php(624): CodeIgniter\Model->doFindAll(0, 0)
#6 D:\WDPF_55_WDPF\xampp\htdocs\wdpf_codeigniter\ci_app1\app\Controllers\ProductController.php(18): CodeIgniter\BaseModel->findAll()
#7 D:\WDPF_55_WDPF\xampp\htdocs\wdpf_codeigniter\ci_app1\system\CodeIgniter.php(942): App\Controllers\ProductController->index()
#8 D:\WDPF_55_WDPF\xampp\htdocs\wdpf_codeigniter\ci_app1\system\CodeIgniter.php(502): CodeIgniter\CodeIgniter->runController(Object(App\Controllers\ProductController))
#9 D:\WDPF_55_WDPF\xampp\htdocs\wdpf_codeigniter\ci_app1\system\CodeIgniter.php(361): CodeIgniter\CodeIgniter->handleRequest(NULL, Object(Config\Cache), false)
#10 D:\WDPF_55_WDPF\xampp\htdocs\wdpf_codeigniter\ci_app1\public\index.php(79): CodeIgniter\CodeIgniter->run()
#11 D:\WDPF_55_WDPF\xampp\htdocs\wdpf_codeigniter\ci_app1\system\Commands\Server\rewrite.php(47): require_once('D:\\WDPF_55_WDPF...')
#12 {main}

Next CodeIgniter\Database\Exceptions\DatabaseException: No connection could be made because the target machine actively refused it.
 in D:\WDPF_55_WDPF\xampp\htdocs\wdpf_codeigniter\ci_app1\system\Database\MySQLi\Connection.php:229
Stack trace:
#0 D:\WDPF_55_WDPF\xampp\htdocs\wdpf_codeigniter\ci_app1\system\Database\BaseConnection.php(392): CodeIgniter\Database\MySQLi\Connection->connect(false)
#1 D:\WDPF_55_WDPF\xampp\htdocs\wdpf_codeigniter\ci_app1\system\Database\BaseConnection.php(575): CodeIgniter\Database\BaseConnection->initialize()
#2 D:\WDPF_55_WDPF\xampp\htdocs\wdpf_codeigniter\ci_app1\system\Database\BaseBuilder.php(1615): CodeIgniter\Database\BaseConnection->query('SELECT *\nFROM `...', Array, false)
#3 D:\WDPF_55_WDPF\xampp\htdocs\wdpf_codeigniter\ci_app1\system\Model.php(237): CodeIgniter\Database\BaseBuilder->get()
#4 D:\WDPF_55_WDPF\xampp\htdocs\wdpf_codeigniter\ci_app1\system\BaseModel.php(624): CodeIgniter\Model->doFindAll(0, 0)
#5 D:\WDPF_55_WDPF\xampp\htdocs\wdpf_codeigniter\ci_app1\app\Controllers\ProductController.php(18): CodeIgniter\BaseModel->findAll()
#6 D:\WDPF_55_WDPF\xampp\htdocs\wdpf_codeigniter\ci_app1\system\CodeIgniter.php(942): App\Controllers\ProductController->index()
#7 D:\WDPF_55_WDPF\xampp\htdocs\wdpf_codeigniter\ci_app1\system\CodeIgniter.php(502): CodeIgniter\CodeIgniter->runController(Object(App\Controllers\ProductController))
#8 D:\WDPF_55_WDPF\xampp\htdocs\wdpf_codeigniter\ci_app1\system\CodeIgniter.php(361): CodeIgniter\CodeIgniter->handleRequest(NULL, Object(Config\Cache), false)
#9 D:\WDPF_55_WDPF\xampp\htdocs\wdpf_codeigniter\ci_app1\public\index.php(79): CodeIgniter\CodeIgniter->run()
#10 D:\WDPF_55_WDPF\xampp\htdocs\wdpf_codeigniter\ci_app1\system\Commands\Server\rewrite.php(47): require_once('D:\\WDPF_55_WDPF...')
#11 {main}
CRITICAL - 2023-12-05 02:37:49 --> Unable to connect to the database.
Main connection [MySQLi]: No connection could be made because the target machine actively refused it.

in SYSTEMPATH\Database\BaseConnection.php on line 428.
 1 SYSTEMPATH\Database\BaseConnection.php(575): CodeIgniter\Database\BaseConnection->initialize()
 2 SYSTEMPATH\Database\BaseBuilder.php(1615): CodeIgniter\Database\BaseConnection->query('SELECT *
FROM `products`', [], false)
 3 SYSTEMPATH\Model.php(237): CodeIgniter\Database\BaseBuilder->get()
 4 SYSTEMPATH\BaseModel.php(624): CodeIgniter\Model->doFindAll(0, 0)
 5 APPPATH\Controllers\ProductController.php(18): CodeIgniter\BaseModel->findAll()
 6 SYSTEMPATH\CodeIgniter.php(942): App\Controllers\ProductController->index()
 7 SYSTEMPATH\CodeIgniter.php(502): CodeIgniter\CodeIgniter->runController(Object(App\Controllers\ProductController))
 8 SYSTEMPATH\CodeIgniter.php(361): CodeIgniter\CodeIgniter->handleRequest(null, Object(Config\Cache), false)
 9 FCPATH\index.php(79): CodeIgniter\CodeIgniter->run()
10 SYSTEMPATH\Commands\Server\rewrite.php(47): require_once('D:\\WDPF_55_WDPF\\xampp\\htdocs\\wdpf_codeigniter\\ci_app1\\public\\index.php')
CRITICAL - 2023-12-05 02:42:29 --> Updates are not allowed unless they contain a "where" or "like" clause.
in SYSTEMPATH\Model.php on line 380.
 1 SYSTEMPATH\BaseModel.php(949): CodeIgniter\Model->doUpdate(null, [...])
 2 SYSTEMPATH\Model.php(776): CodeIgniter\BaseModel->update(null, [...])
 3 APPPATH\Controllers\ProductController.php(66): CodeIgniter\Model->update(null, [...])
 4 SYSTEMPATH\CodeIgniter.php(942): App\Controllers\ProductController->update('25')
 5 SYSTEMPATH\CodeIgniter.php(502): CodeIgniter\CodeIgniter->runController(Object(App\Controllers\ProductController))
 6 SYSTEMPATH\CodeIgniter.php(361): CodeIgniter\CodeIgniter->handleRequest(null, Object(Config\Cache), false)
 7 FCPATH\index.php(79): CodeIgniter\CodeIgniter->run()
 8 SYSTEMPATH\Commands\Server\rewrite.php(47): require_once('D:\\WDPF_55_WDPF\\xampp\\htdocs\\wdpf_codeigniter\\ci_app1\\public\\index.php')
CRITICAL - 2023-12-05 02:42:39 --> Updates are not allowed unless they contain a "where" or "like" clause.
in SYSTEMPATH\Model.php on line 380.
 1 SYSTEMPATH\BaseModel.php(949): CodeIgniter\Model->doUpdate(null, [...])
 2 SYSTEMPATH\Model.php(776): CodeIgniter\BaseModel->update(null, [...])
 3 APPPATH\Controllers\ProductController.php(66): CodeIgniter\Model->update(null, [...])
 4 SYSTEMPATH\CodeIgniter.php(942): App\Controllers\ProductController->update('25')
 5 SYSTEMPATH\CodeIgniter.php(502): CodeIgniter\CodeIgniter->runController(Object(App\Controllers\ProductController))
 6 SYSTEMPATH\CodeIgniter.php(361): CodeIgniter\CodeIgniter->handleRequest(null, Object(Config\Cache), false)
 7 FCPATH\index.php(79): CodeIgniter\CodeIgniter->run()
 8 SYSTEMPATH\Commands\Server\rewrite.php(47): require_once('D:\\WDPF_55_WDPF\\xampp\\htdocs\\wdpf_codeigniter\\ci_app1\\public\\index.php')
CRITICAL - 2023-12-05 02:43:05 --> Updates are not allowed unless they contain a "where" or "like" clause.
in SYSTEMPATH\Model.php on line 380.
 1 SYSTEMPATH\BaseModel.php(949): CodeIgniter\Model->doUpdate(null, [...])
 2 SYSTEMPATH\Model.php(776): CodeIgniter\BaseModel->update(null, [...])
 3 APPPATH\Controllers\ProductController.php(66): CodeIgniter\Model->update(null, [...])
 4 SYSTEMPATH\CodeIgniter.php(942): App\Controllers\ProductController->update('25')
 5 SYSTEMPATH\CodeIgniter.php(502): CodeIgniter\CodeIgniter->runController(Object(App\Controllers\ProductController))
 6 SYSTEMPATH\CodeIgniter.php(361): CodeIgniter\CodeIgniter->handleRequest(null, Object(Config\Cache), false)
 7 FCPATH\index.php(79): CodeIgniter\CodeIgniter->run()
 8 SYSTEMPATH\Commands\Server\rewrite.php(47): require_once('D:\\WDPF_55_WDPF\\xampp\\htdocs\\wdpf_codeigniter\\ci_app1\\public\\index.php')
INFO - 2023-12-05 02:43:59 --> Session: Class initialized using 'CodeIgniter\Session\Handlers\FileHandler' driver.
INFO - 2023-12-05 02:44:03 --> Session: Class initialized using 'CodeIgniter\Session\Handlers\FileHandler' driver.
CRITICAL - 2023-12-05 02:44:06 --> Updates are not allowed unless they contain a "where" or "like" clause.
in SYSTEMPATH\Model.php on line 380.
 1 SYSTEMPATH\BaseModel.php(949): CodeIgniter\Model->doUpdate(null, [...])
 2 SYSTEMPATH\Model.php(776): CodeIgniter\BaseModel->update(null, [...])
 3 APPPATH\Controllers\ProductController.php(66): CodeIgniter\Model->update(null, [...])
 4 SYSTEMPATH\CodeIgniter.php(942): App\Controllers\ProductController->update('25')
 5 SYSTEMPATH\CodeIgniter.php(502): CodeIgniter\CodeIgniter->runController(Object(App\Controllers\ProductController))
 6 SYSTEMPATH\CodeIgniter.php(361): CodeIgniter\CodeIgniter->handleRequest(null, Object(Config\Cache), false)
 7 FCPATH\index.php(79): CodeIgniter\CodeIgniter->run()
 8 SYSTEMPATH\Commands\Server\rewrite.php(47): require_once('D:\\WDPF_55_WDPF\\xampp\\htdocs\\wdpf_codeigniter\\ci_app1\\public\\index.php')
CRITICAL - 2023-12-05 02:45:05 --> Updates are not allowed unless they contain a "where" or "like" clause.
in SYSTEMPATH\Model.php on line 380.
 1 SYSTEMPATH\BaseModel.php(949): CodeIgniter\Model->doUpdate(null, [...])
 2 SYSTEMPATH\Model.php(776): CodeIgniter\BaseModel->update(null, [...])
 3 APPPATH\Controllers\ProductController.php(66): CodeIgniter\Model->update(null, [...])
 4 SYSTEMPATH\CodeIgniter.php(942): App\Controllers\ProductController->update('25')
 5 SYSTEMPATH\CodeIgniter.php(502): CodeIgniter\CodeIgniter->runController(Object(App\Controllers\ProductController))
 6 SYSTEMPATH\CodeIgniter.php(361): CodeIgniter\CodeIgniter->handleRequest(null, Object(Config\Cache), false)
 7 FCPATH\index.php(79): CodeIgniter\CodeIgniter->run()
 8 SYSTEMPATH\Commands\Server\rewrite.php(47): require_once('D:\\WDPF_55_WDPF\\xampp\\htdocs\\wdpf_codeigniter\\ci_app1\\public\\index.php')
INFO - 2023-12-05 02:45:57 --> Session: Class initialized using 'CodeIgniter\Session\Handlers\FileHandler' driver.
INFO - 2023-12-05 02:45:59 --> Session: Class initialized using 'CodeIgniter\Session\Handlers\FileHandler' driver.
INFO - 2023-12-05 02:46:35 --> Session: Class initialized using 'CodeIgniter\Session\Handlers\FileHandler' driver.
INFO - 2023-12-05 02:46:39 --> Session: Class initialized using 'CodeIgniter\Session\Handlers\FileHandler' driver.
INFO - 2023-12-05 02:46:42 --> Session: Class initialized using 'CodeIgniter\Session\Handlers\FileHandler' driver.
INFO - 2023-12-05 02:46:43 --> Session: Class initialized using 'CodeIgniter\Session\Handlers\FileHandler' driver.
INFO - 2023-12-05 02:47:05 --> Session: Class initialized using 'CodeIgniter\Session\Handlers\FileHandler' driver.
INFO - 2023-12-05 02:47:07 --> Session: Class initialized using 'CodeIgniter\Session\Handlers\FileHandler' driver.
INFO - 2023-12-05 02:47:28 --> Session: Class initialized using 'CodeIgniter\Session\Handlers\FileHandler' driver.
INFO - 2023-12-05 02:47:30 --> Session: Class initialized using 'CodeIgniter\Session\Handlers\FileHandler' driver.
CRITICAL - 2023-12-05 02:47:33 --> Updates are not allowed unless they contain a "where" or "like" clause.
in SYSTEMPATH\Model.php on line 380.
 1 SYSTEMPATH\BaseModel.php(949): CodeIgniter\Model->doUpdate(null, [...])
 2 SYSTEMPATH\Model.php(776): CodeIgniter\BaseModel->update(null, [...])
 3 APPPATH\Controllers\ProductController.php(66): CodeIgniter\Model->update(null, [...])
 4 SYSTEMPATH\CodeIgniter.php(942): App\Controllers\ProductController->update('25')
 5 SYSTEMPATH\CodeIgniter.php(502): CodeIgniter\CodeIgniter->runController(Object(App\Controllers\ProductController))
 6 SYSTEMPATH\CodeIgniter.php(361): CodeIgniter\CodeIgniter->handleRequest(null, Object(Config\Cache), false)
 7 FCPATH\index.php(79): CodeIgniter\CodeIgniter->run()
 8 SYSTEMPATH\Commands\Server\rewrite.php(47): require_once('D:\\WDPF_55_WDPF\\xampp\\htdocs\\wdpf_codeigniter\\ci_app1\\public\\index.php')
CRITICAL - 2023-12-05 03:00:41 --> Updates are not allowed unless they contain a "where" or "like" clause.
in SYSTEMPATH\Model.php on line 380.
 1 SYSTEMPATH\BaseModel.php(949): CodeIgniter\Model->doUpdate(null, [...])
 2 SYSTEMPATH\Model.php(776): CodeIgniter\BaseModel->update(null, [...])
 3 APPPATH\Controllers\ProductController.php(66): CodeIgniter\Model->update(null, [...])
 4 SYSTEMPATH\CodeIgniter.php(942): App\Controllers\ProductController->update('25')
 5 SYSTEMPATH\CodeIgniter.php(502): CodeIgniter\CodeIgniter->runController(Object(App\Controllers\ProductController))
 6 SYSTEMPATH\CodeIgniter.php(361): CodeIgniter\CodeIgniter->handleRequest(null, Object(Config\Cache), false)
 7 FCPATH\index.php(79): CodeIgniter\CodeIgniter->run()
 8 SYSTEMPATH\Commands\Server\rewrite.php(47): require_once('D:\\WDPF_55_WDPF\\xampp\\htdocs\\wdpf_codeigniter\\ci_app1\\public\\index.php')
INFO - 2023-12-05 03:44:41 --> Session: Class initialized using 'CodeIgniter\Session\Handlers\FileHandler' driver.
INFO - 2023-12-05 03:44:46 --> Session: Class initialized using 'CodeIgniter\Session\Handlers\FileHandler' driver.
INFO - 2023-12-05 03:45:09 --> Session: Class initialized using 'CodeIgniter\Session\Handlers\FileHandler' driver.
INFO - 2023-12-05 03:46:12 --> Session: Class initialized using 'CodeIgniter\Session\Handlers\FileHandler' driver.
INFO - 2023-12-05 03:46:14 --> Session: Class initialized using 'CodeIgniter\Session\Handlers\FileHandler' driver.
INFO - 2023-12-05 03:46:15 --> Session: Class initialized using 'CodeIgniter\Session\Handlers\FileHandler' driver.
INFO - 2023-12-05 03:46:18 --> Session: Class initialized using 'CodeIgniter\Session\Handlers\FileHandler' driver.
INFO - 2023-12-05 03:46:25 --> Session: Class initialized using 'CodeIgniter\Session\Handlers\FileHandler' driver.
INFO - 2023-12-05 03:46:36 --> Session: Class initialized using 'CodeIgniter\Session\Handlers\FileHandler' driver.
CRITICAL - 2023-12-05 03:57:33 --> Invalid file: "/products/add-product.php"
in SYSTEMPATH\Exceptions\FrameworkException.php on line 39.
 1 SYSTEMPATH\View\View.php(216): CodeIgniter\Exceptions\FrameworkException::forInvalidFile('/products/add-product.php')
 2 SYSTEMPATH\Common.php(1190): CodeIgniter\View\View->render('/products/add-product', [], true)
 3 APPPATH\Controllers\ProductController.php(42): view('/products/add-product')
 4 SYSTEMPATH\CodeIgniter.php(942): App\Controllers\ProductController->store()
 5 SYSTEMPATH\CodeIgniter.php(502): CodeIgniter\CodeIgniter->runController(Object(App\Controllers\ProductController))
 6 SYSTEMPATH\CodeIgniter.php(361): CodeIgniter\CodeIgniter->handleRequest(null, Object(Config\Cache), false)
 7 FCPATH\index.php(79): CodeIgniter\CodeIgniter->run()
 8 SYSTEMPATH\Commands\Server\rewrite.php(47): require_once('D:\\WDPF_55_WDPF\\xampp\\htdocs\\wdpf_codeigniter\\ci_app1\\public\\index.php')
CRITICAL - 2023-12-05 04:26:06 --> Invalid file: "/products/add-product.php"
in SYSTEMPATH\Exceptions\FrameworkException.php on line 39.
 1 SYSTEMPATH\View\View.php(216): CodeIgniter\Exceptions\FrameworkException::forInvalidFile('/products/add-product.php')
 2 SYSTEMPATH\Common.php(1190): CodeIgniter\View\View->render('/products/add-product', [], true)
 3 APPPATH\Controllers\ProductController.php(46): view('/products/add-product')
 4 SYSTEMPATH\CodeIgniter.php(942): App\Controllers\ProductController->store()
 5 SYSTEMPATH\CodeIgniter.php(502): CodeIgniter\CodeIgniter->runController(Object(App\Controllers\ProductController))
 6 SYSTEMPATH\CodeIgniter.php(361): CodeIgniter\CodeIgniter->handleRequest(null, Object(Config\Cache), false)
 7 FCPATH\index.php(79): CodeIgniter\CodeIgniter->run()
 8 SYSTEMPATH\Commands\Server\rewrite.php(47): require_once('D:\\WDPF_55_WDPF\\xampp\\htdocs\\wdpf_codeigniter\\ci_app1\\public\\index.php')
CRITICAL - 2023-12-05 04:28:53 --> Invalid file: "/products/add-product.php"
in SYSTEMPATH\Exceptions\FrameworkException.php on line 39.
 1 SYSTEMPATH\View\View.php(216): CodeIgniter\Exceptions\FrameworkException::forInvalidFile('/products/add-product.php')
 2 SYSTEMPATH\Common.php(1190): CodeIgniter\View\View->render('/products/add-product', [], true)
 3 APPPATH\Controllers\ProductController.php(47): view('/products/add-product')
 4 SYSTEMPATH\CodeIgniter.php(942): App\Controllers\ProductController->store()
 5 SYSTEMPATH\CodeIgniter.php(502): CodeIgniter\CodeIgniter->runController(Object(App\Controllers\ProductController))
 6 SYSTEMPATH\CodeIgniter.php(361): CodeIgniter\CodeIgniter->handleRequest(null, Object(Config\Cache), false)
 7 FCPATH\index.php(79): CodeIgniter\CodeIgniter->run()
 8 SYSTEMPATH\Commands\Server\rewrite.php(47): require_once('D:\\WDPF_55_WDPF\\xampp\\htdocs\\wdpf_codeigniter\\ci_app1\\public\\index.php')
CRITICAL - 2023-12-05 04:30:45 --> Invalid file: "/products/add-product.php"
in SYSTEMPATH\Exceptions\FrameworkException.php on line 39.
 1 SYSTEMPATH\View\View.php(216): CodeIgniter\Exceptions\FrameworkException::forInvalidFile('/products/add-product.php')
 2 SYSTEMPATH\Common.php(1190): CodeIgniter\View\View->render('/products/add-product', [], true)
 3 APPPATH\Controllers\ProductController.php(47): view('/products/add-product')
 4 SYSTEMPATH\CodeIgniter.php(942): App\Controllers\ProductController->store()
 5 SYSTEMPATH\CodeIgniter.php(502): CodeIgniter\CodeIgniter->runController(Object(App\Controllers\ProductController))
 6 SYSTEMPATH\CodeIgniter.php(361): CodeIgniter\CodeIgniter->handleRequest(null, Object(Config\Cache), false)
 7 FCPATH\index.php(79): CodeIgniter\CodeIgniter->run()
 8 SYSTEMPATH\Commands\Server\rewrite.php(47): require_once('D:\\WDPF_55_WDPF\\xampp\\htdocs\\wdpf_codeigniter\\ci_app1\\public\\index.php')
CRITICAL - 2023-12-05 04:30:48 --> Invalid file: "/products/add-product.php"
in SYSTEMPATH\Exceptions\FrameworkException.php on line 39.
 1 SYSTEMPATH\View\View.php(216): CodeIgniter\Exceptions\FrameworkException::forInvalidFile('/products/add-product.php')
 2 SYSTEMPATH\Common.php(1190): CodeIgniter\View\View->render('/products/add-product', [], true)
 3 APPPATH\Controllers\ProductController.php(47): view('/products/add-product')
 4 SYSTEMPATH\CodeIgniter.php(942): App\Controllers\ProductController->store()
 5 SYSTEMPATH\CodeIgniter.php(502): CodeIgniter\CodeIgniter->runController(Object(App\Controllers\ProductController))
 6 SYSTEMPATH\CodeIgniter.php(361): CodeIgniter\CodeIgniter->handleRequest(null, Object(Config\Cache), false)
 7 FCPATH\index.php(79): CodeIgniter\CodeIgniter->run()
 8 SYSTEMPATH\Commands\Server\rewrite.php(47): require_once('D:\\WDPF_55_WDPF\\xampp\\htdocs\\wdpf_codeigniter\\ci_app1\\public\\index.php')
CRITICAL - 2023-12-05 04:30:51 --> Invalid file: "/products/add-product.php"
in SYSTEMPATH\Exceptions\FrameworkException.php on line 39.
 1 SYSTEMPATH\View\View.php(216): CodeIgniter\Exceptions\FrameworkException::forInvalidFile('/products/add-product.php')
 2 SYSTEMPATH\Common.php(1190): CodeIgniter\View\View->render('/products/add-product', [], true)
 3 APPPATH\Controllers\ProductController.php(47): view('/products/add-product')
 4 SYSTEMPATH\CodeIgniter.php(942): App\Controllers\ProductController->store()
 5 SYSTEMPATH\CodeIgniter.php(502): CodeIgniter\CodeIgniter->runController(Object(App\Controllers\ProductController))
 6 SYSTEMPATH\CodeIgniter.php(361): CodeIgniter\CodeIgniter->handleRequest(null, Object(Config\Cache), false)
 7 FCPATH\index.php(79): CodeIgniter\CodeIgniter->run()
 8 SYSTEMPATH\Commands\Server\rewrite.php(47): require_once('D:\\WDPF_55_WDPF\\xampp\\htdocs\\wdpf_codeigniter\\ci_app1\\public\\index.php')
CRITICAL - 2023-12-05 04:32:20 --> Invalid file: "/products/add-product.php"
in SYSTEMPATH\Exceptions\FrameworkException.php on line 39.
 1 SYSTEMPATH\View\View.php(216): CodeIgniter\Exceptions\FrameworkException::forInvalidFile('/products/add-product.php')
 2 SYSTEMPATH\Common.php(1190): CodeIgniter\View\View->render('/products/add-product', [], true)
 3 APPPATH\Controllers\ProductController.php(47): view('/products/add-product')
 4 SYSTEMPATH\CodeIgniter.php(942): App\Controllers\ProductController->store()
 5 SYSTEMPATH\CodeIgniter.php(502): CodeIgniter\CodeIgniter->runController(Object(App\Controllers\ProductController))
 6 SYSTEMPATH\CodeIgniter.php(361): CodeIgniter\CodeIgniter->handleRequest(null, Object(Config\Cache), false)
 7 FCPATH\index.php(79): CodeIgniter\CodeIgniter->run()
 8 SYSTEMPATH\Commands\Server\rewrite.php(47): require_once('D:\\WDPF_55_WDPF\\xampp\\htdocs\\wdpf_codeigniter\\ci_app1\\public\\index.php')
CRITICAL - 2023-12-05 04:49:04 --> Call to a member function move() on null
in APPPATH\Controllers\ProductController.php on line 50.
 1 SYSTEMPATH\CodeIgniter.php(942): App\Controllers\ProductController->store()
 2 SYSTEMPATH\CodeIgniter.php(502): CodeIgniter\CodeIgniter->runController(Object(App\Controllers\ProductController))
 3 SYSTEMPATH\CodeIgniter.php(361): CodeIgniter\CodeIgniter->handleRequest(null, Object(Config\Cache), false)
 4 FCPATH\index.php(79): CodeIgniter\CodeIgniter->run()
 5 SYSTEMPATH\Commands\Server\rewrite.php(47): require_once('D:\\WDPF_55_WDPF\\xampp\\htdocs\\wdpf_codeigniter\\ci_app1\\public\\index.php')
CRITICAL - 2023-12-05 04:49:21 --> Call to a member function move() on null
in APPPATH\Controllers\ProductController.php on line 50.
 1 SYSTEMPATH\CodeIgniter.php(942): App\Controllers\ProductController->store()
 2 SYSTEMPATH\CodeIgniter.php(502): CodeIgniter\CodeIgniter->runController(Object(App\Controllers\ProductController))
 3 SYSTEMPATH\CodeIgniter.php(361): CodeIgniter\CodeIgniter->handleRequest(null, Object(Config\Cache), false)
 4 FCPATH\index.php(79): CodeIgniter\CodeIgniter->run()
 5 SYSTEMPATH\Commands\Server\rewrite.php(47): require_once('D:\\WDPF_55_WDPF\\xampp\\htdocs\\wdpf_codeigniter\\ci_app1\\public\\index.php')
CRITICAL - 2023-12-05 04:49:41 --> Call to a member function move() on null
in APPPATH\Controllers\ProductController.php on line 50.
 1 SYSTEMPATH\CodeIgniter.php(942): App\Controllers\ProductController->store()
 2 SYSTEMPATH\CodeIgniter.php(502): CodeIgniter\CodeIgniter->runController(Object(App\Controllers\ProductController))
 3 SYSTEMPATH\CodeIgniter.php(361): CodeIgniter\CodeIgniter->handleRequest(null, Object(Config\Cache), false)
 4 FCPATH\index.php(79): CodeIgniter\CodeIgniter->run()
 5 SYSTEMPATH\Commands\Server\rewrite.php(47): require_once('D:\\WDPF_55_WDPF\\xampp\\htdocs\\wdpf_codeigniter\\ci_app1\\public\\index.php')
CRITICAL - 2023-12-05 05:39:38 --> syntax error, unexpected ')', expecting identifier (T_STRING) or variable (T_VARIABLE) or '{' or '$'
in APPPATH\Views\products\index.php on line 80.
 1 SYSTEMPATH\View\View.php(231): CodeIgniter\View\View->CodeIgniter\View\{closure}()
 2 SYSTEMPATH\Common.php(1190): CodeIgniter\View\View->render('products/index', [], true)
 3 APPPATH\Controllers\ProductController.php(20): view('products/index', [...])
 4 SYSTEMPATH\CodeIgniter.php(942): App\Controllers\ProductController->index()
 5 SYSTEMPATH\CodeIgniter.php(502): CodeIgniter\CodeIgniter->runController(Object(App\Controllers\ProductController))
 6 SYSTEMPATH\CodeIgniter.php(361): CodeIgniter\CodeIgniter->handleRequest(null, Object(Config\Cache), false)
 7 FCPATH\index.php(79): CodeIgniter\CodeIgniter->run()
 8 SYSTEMPATH\Commands\Server\rewrite.php(47): require_once('D:\\WDPF_55_WDPF\\xampp\\htdocs\\wdpf_codeigniter\\ci_app1\\public\\index.php')
CRITICAL - 2023-12-05 05:44:56 --> syntax error, unexpected '?>', expecting ')'
in APPPATH\Views\products\index.php on line 100.
 1 SYSTEMPATH\View\View.php(231): CodeIgniter\View\View->CodeIgniter\View\{closure}()
 2 SYSTEMPATH\Common.php(1190): CodeIgniter\View\View->render('products/index', [], true)
 3 APPPATH\Controllers\ProductController.php(20): view('products/index', [...])
 4 SYSTEMPATH\CodeIgniter.php(942): App\Controllers\ProductController->index()
 5 SYSTEMPATH\CodeIgniter.php(502): CodeIgniter\CodeIgniter->runController(Object(App\Controllers\ProductController))
 6 SYSTEMPATH\CodeIgniter.php(361): CodeIgniter\CodeIgniter->handleRequest(null, Object(Config\Cache), false)
 7 FCPATH\index.php(79): CodeIgniter\CodeIgniter->run()
 8 SYSTEMPATH\Commands\Server\rewrite.php(47): require_once('D:\\WDPF_55_WDPF\\xampp\\htdocs\\wdpf_codeigniter\\ci_app1\\public\\index.php')
ERROR - 2023-12-05 11:28:10 --> mysqli_sql_exception: Unknown column 'photo' in 'field list' in E:\PHP\htdocs\wdpf_codeigniter\ci_app1\system\Database\MySQLi\Connection.php:306
Stack trace:
#0 E:\PHP\htdocs\wdpf_codeigniter\ci_app1\system\Database\MySQLi\Connection.php(306): mysqli->query('UPDATE `product...', 0)
#1 E:\PHP\htdocs\wdpf_codeigniter\ci_app1\system\Database\BaseConnection.php(693): CodeIgniter\Database\MySQLi\Connection->execute('UPDATE `product...')
#2 E:\PHP\htdocs\wdpf_codeigniter\ci_app1\system\Database\BaseConnection.php(607): CodeIgniter\Database\BaseConnection->simpleQuery('UPDATE `product...')
#3 E:\PHP\htdocs\wdpf_codeigniter\ci_app1\system\Database\BaseBuilder.php(2475): CodeIgniter\Database\BaseConnection->query('UPDATE `product...', Array, false)
#4 E:\PHP\htdocs\wdpf_codeigniter\ci_app1\system\Model.php(385): CodeIgniter\Database\BaseBuilder->update()
#5 E:\PHP\htdocs\wdpf_codeigniter\ci_app1\system\BaseModel.php(949): CodeIgniter\Model->doUpdate(Array, Array)
#6 E:\PHP\htdocs\wdpf_codeigniter\ci_app1\system\Model.php(776): CodeIgniter\BaseModel->update(Array, Array)
#7 E:\PHP\htdocs\wdpf_codeigniter\ci_app1\app\Controllers\ProductController.php(73): CodeIgniter\Model->update('5', Array)
#8 E:\PHP\htdocs\wdpf_codeigniter\ci_app1\system\CodeIgniter.php(942): App\Controllers\ProductController->update('5')
#9 E:\PHP\htdocs\wdpf_codeigniter\ci_app1\system\CodeIgniter.php(502): CodeIgniter\CodeIgniter->runController(Object(App\Controllers\ProductController))
#10 E:\PHP\htdocs\wdpf_codeigniter\ci_app1\system\CodeIgniter.php(361): CodeIgniter\CodeIgniter->handleRequest(NULL, Object(Config\Cache), false)
#11 E:\PHP\htdocs\wdpf_codeigniter\ci_app1\public\index.php(79): CodeIgniter\CodeIgniter->run()
#12 E:\PHP\htdocs\wdpf_codeigniter\ci_app1\system\Commands\Server\rewrite.php(47): require_once('E:\\PHP\\htdocs\\w...')
#13 {main}
CRITICAL - 2023-12-05 11:28:10 --> Unknown column 'photo' in 'field list'
in SYSTEMPATH\Database\BaseConnection.php on line 647.
 1 SYSTEMPATH\Database\BaseBuilder.php(2475): CodeIgniter\Database\BaseConnection->query('UPDATE `products` SET `product` = :product:, `model` = :model:, `price` = :price:, `sku` = :sku:, `category` = :category:, `photo` = :photo:
WHERE `products`.`product_id` IN :products.product_id:', [...], false)
 2 SYSTEMPATH\Model.php(385): CodeIgniter\Database\BaseBuilder->update()
 3 SYSTEMPATH\BaseModel.php(949): CodeIgniter\Model->doUpdate([...], [...])
 4 SYSTEMPATH\Model.php(776): CodeIgniter\BaseModel->update([...], [...])
 5 APPPATH\Controllers\ProductController.php(73): CodeIgniter\Model->update('5', [...])
 6 SYSTEMPATH\CodeIgniter.php(942): App\Controllers\ProductController->update('5')
 7 SYSTEMPATH\CodeIgniter.php(502): CodeIgniter\CodeIgniter->runController(Object(App\Controllers\ProductController))
 8 SYSTEMPATH\CodeIgniter.php(361): CodeIgniter\CodeIgniter->handleRequest(null, Object(Config\Cache), false)
 9 FCPATH\index.php(79): CodeIgniter\CodeIgniter->run()
10 SYSTEMPATH\Commands\Server\rewrite.php(47): require_once('E:\\PHP\\htdocs\\wdpf_codeigniter\\ci_app1\\public\\index.php')
ERROR - 2023-12-05 11:28:51 --> mysqli_sql_exception: Unknown column 'photo' in 'field list' in E:\PHP\htdocs\wdpf_codeigniter\ci_app1\system\Database\MySQLi\Connection.php:306
Stack trace:
#0 E:\PHP\htdocs\wdpf_codeigniter\ci_app1\system\Database\MySQLi\Connection.php(306): mysqli->query('UPDATE `product...', 0)
#1 E:\PHP\htdocs\wdpf_codeigniter\ci_app1\system\Database\BaseConnection.php(693): CodeIgniter\Database\MySQLi\Connection->execute('UPDATE `product...')
#2 E:\PHP\htdocs\wdpf_codeigniter\ci_app1\system\Database\BaseConnection.php(607): CodeIgniter\Database\BaseConnection->simpleQuery('UPDATE `product...')
#3 E:\PHP\htdocs\wdpf_codeigniter\ci_app1\system\Database\BaseBuilder.php(2475): CodeIgniter\Database\BaseConnection->query('UPDATE `product...', Array, false)
#4 E:\PHP\htdocs\wdpf_codeigniter\ci_app1\system\Model.php(385): CodeIgniter\Database\BaseBuilder->update()
#5 E:\PHP\htdocs\wdpf_codeigniter\ci_app1\system\BaseModel.php(949): CodeIgniter\Model->doUpdate(Array, Array)
#6 E:\PHP\htdocs\wdpf_codeigniter\ci_app1\system\Model.php(776): CodeIgniter\BaseModel->update(Array, Array)
#7 E:\PHP\htdocs\wdpf_codeigniter\ci_app1\app\Controllers\ProductController.php(73): CodeIgniter\Model->update('5', Array)
#8 E:\PHP\htdocs\wdpf_codeigniter\ci_app1\system\CodeIgniter.php(942): App\Controllers\ProductController->update('5')
#9 E:\PHP\htdocs\wdpf_codeigniter\ci_app1\system\CodeIgniter.php(502): CodeIgniter\CodeIgniter->runController(Object(App\Controllers\ProductController))
#10 E:\PHP\htdocs\wdpf_codeigniter\ci_app1\system\CodeIgniter.php(361): CodeIgniter\CodeIgniter->handleRequest(NULL, Object(Config\Cache), false)
#11 E:\PHP\htdocs\wdpf_codeigniter\ci_app1\public\index.php(79): CodeIgniter\CodeIgniter->run()
#12 E:\PHP\htdocs\wdpf_codeigniter\ci_app1\system\Commands\Server\rewrite.php(47): require_once('E:\\PHP\\htdocs\\w...')
#13 {main}
CRITICAL - 2023-12-05 11:28:51 --> Unknown column 'photo' in 'field list'
in SYSTEMPATH\Database\BaseConnection.php on line 647.
 1 SYSTEMPATH\Database\BaseBuilder.php(2475): CodeIgniter\Database\BaseConnection->query('UPDATE `products` SET `product` = :product:, `model` = :model:, `price` = :price:, `sku` = :sku:, `category` = :category:, `photo` = :photo:
WHERE `products`.`product_id` IN :products.product_id:', [...], false)
 2 SYSTEMPATH\Model.php(385): CodeIgniter\Database\BaseBuilder->update()
 3 SYSTEMPATH\BaseModel.php(949): CodeIgniter\Model->doUpdate([...], [...])
 4 SYSTEMPATH\Model.php(776): CodeIgniter\BaseModel->update([...], [...])
 5 APPPATH\Controllers\ProductController.php(73): CodeIgniter\Model->update('5', [...])
 6 SYSTEMPATH\CodeIgniter.php(942): App\Controllers\ProductController->update('5')
 7 SYSTEMPATH\CodeIgniter.php(502): CodeIgniter\CodeIgniter->runController(Object(App\Controllers\ProductController))
 8 SYSTEMPATH\CodeIgniter.php(361): CodeIgniter\CodeIgniter->handleRequest(null, Object(Config\Cache), false)
 9 FCPATH\index.php(79): CodeIgniter\CodeIgniter->run()
10 SYSTEMPATH\Commands\Server\rewrite.php(47): require_once('E:\\PHP\\htdocs\\wdpf_codeigniter\\ci_app1\\public\\index.php')
ERROR - 2023-12-05 11:30:00 --> mysqli_sql_exception: Unknown column 'photo' in 'field list' in E:\PHP\htdocs\wdpf_codeigniter\ci_app1\system\Database\MySQLi\Connection.php:306
Stack trace:
#0 E:\PHP\htdocs\wdpf_codeigniter\ci_app1\system\Database\MySQLi\Connection.php(306): mysqli->query('UPDATE `product...', 0)
#1 E:\PHP\htdocs\wdpf_codeigniter\ci_app1\system\Database\BaseConnection.php(693): CodeIgniter\Database\MySQLi\Connection->execute('UPDATE `product...')
#2 E:\PHP\htdocs\wdpf_codeigniter\ci_app1\system\Database\BaseConnection.php(607): CodeIgniter\Database\BaseConnection->simpleQuery('UPDATE `product...')
#3 E:\PHP\htdocs\wdpf_codeigniter\ci_app1\system\Database\BaseBuilder.php(2475): CodeIgniter\Database\BaseConnection->query('UPDATE `product...', Array, false)
#4 E:\PHP\htdocs\wdpf_codeigniter\ci_app1\system\Model.php(385): CodeIgniter\Database\BaseBuilder->update()
#5 E:\PHP\htdocs\wdpf_codeigniter\ci_app1\system\BaseModel.php(949): CodeIgniter\Model->doUpdate(Array, Array)
#6 E:\PHP\htdocs\wdpf_codeigniter\ci_app1\system\Model.php(776): CodeIgniter\BaseModel->update(Array, Array)
#7 E:\PHP\htdocs\wdpf_codeigniter\ci_app1\app\Controllers\ProductController.php(73): CodeIgniter\Model->update('5', Array)
#8 E:\PHP\htdocs\wdpf_codeigniter\ci_app1\system\CodeIgniter.php(942): App\Controllers\ProductController->update('5')
#9 E:\PHP\htdocs\wdpf_codeigniter\ci_app1\system\CodeIgniter.php(502): CodeIgniter\CodeIgniter->runController(Object(App\Controllers\ProductController))
#10 E:\PHP\htdocs\wdpf_codeigniter\ci_app1\system\CodeIgniter.php(361): CodeIgniter\CodeIgniter->handleRequest(NULL, Object(Config\Cache), false)
#11 E:\PHP\htdocs\wdpf_codeigniter\ci_app1\public\index.php(79): CodeIgniter\CodeIgniter->run()
#12 E:\PHP\htdocs\wdpf_codeigniter\ci_app1\system\Commands\Server\rewrite.php(47): require_once('E:\\PHP\\htdocs\\w...')
#13 {main}
CRITICAL - 2023-12-05 11:30:00 --> Unknown column 'photo' in 'field list'
in SYSTEMPATH\Database\BaseConnection.php on line 647.
 1 SYSTEMPATH\Database\BaseBuilder.php(2475): CodeIgniter\Database\BaseConnection->query('UPDATE `products` SET `product` = :product:, `model` = :model:, `price` = :price:, `sku` = :sku:, `category` = :category:, `photo` = :photo:
WHERE `products`.`product_id` IN :products.product_id:', [...], false)
 2 SYSTEMPATH\Model.php(385): CodeIgniter\Database\BaseBuilder->update()
 3 SYSTEMPATH\BaseModel.php(949): CodeIgniter\Model->doUpdate([...], [...])
 4 SYSTEMPATH\Model.php(776): CodeIgniter\BaseModel->update([...], [...])
 5 APPPATH\Controllers\ProductController.php(73): CodeIgniter\Model->update('5', [...])
 6 SYSTEMPATH\CodeIgniter.php(942): App\Controllers\ProductController->update('5')
 7 SYSTEMPATH\CodeIgniter.php(502): CodeIgniter\CodeIgniter->runController(Object(App\Controllers\ProductController))
 8 SYSTEMPATH\CodeIgniter.php(361): CodeIgniter\CodeIgniter->handleRequest(null, Object(Config\Cache), false)
 9 FCPATH\index.php(79): CodeIgniter\CodeIgniter->run()
10 SYSTEMPATH\Commands\Server\rewrite.php(47): require_once('E:\\PHP\\htdocs\\wdpf_codeigniter\\ci_app1\\public\\index.php')
ERROR - 2023-12-05 11:30:04 --> mysqli_sql_exception: Unknown column 'photo' in 'field list' in E:\PHP\htdocs\wdpf_codeigniter\ci_app1\system\Database\MySQLi\Connection.php:306
Stack trace:
#0 E:\PHP\htdocs\wdpf_codeigniter\ci_app1\system\Database\MySQLi\Connection.php(306): mysqli->query('UPDATE `product...', 0)
#1 E:\PHP\htdocs\wdpf_codeigniter\ci_app1\system\Database\BaseConnection.php(693): CodeIgniter\Database\MySQLi\Connection->execute('UPDATE `product...')
#2 E:\PHP\htdocs\wdpf_codeigniter\ci_app1\system\Database\BaseConnection.php(607): CodeIgniter\Database\BaseConnection->simpleQuery('UPDATE `product...')
#3 E:\PHP\htdocs\wdpf_codeigniter\ci_app1\system\Database\BaseBuilder.php(2475): CodeIgniter\Database\BaseConnection->query('UPDATE `product...', Array, false)
#4 E:\PHP\htdocs\wdpf_codeigniter\ci_app1\system\Model.php(385): CodeIgniter\Database\BaseBuilder->update()
#5 E:\PHP\htdocs\wdpf_codeigniter\ci_app1\system\BaseModel.php(949): CodeIgniter\Model->doUpdate(Array, Array)
#6 E:\PHP\htdocs\wdpf_codeigniter\ci_app1\system\Model.php(776): CodeIgniter\BaseModel->update(Array, Array)
#7 E:\PHP\htdocs\wdpf_codeigniter\ci_app1\app\Controllers\ProductController.php(73): CodeIgniter\Model->update('5', Array)
#8 E:\PHP\htdocs\wdpf_codeigniter\ci_app1\system\CodeIgniter.php(942): App\Controllers\ProductController->update('5')
#9 E:\PHP\htdocs\wdpf_codeigniter\ci_app1\system\CodeIgniter.php(502): CodeIgniter\CodeIgniter->runController(Object(App\Controllers\ProductController))
#10 E:\PHP\htdocs\wdpf_codeigniter\ci_app1\system\CodeIgniter.php(361): CodeIgniter\CodeIgniter->handleRequest(NULL, Object(Config\Cache), false)
#11 E:\PHP\htdocs\wdpf_codeigniter\ci_app1\public\index.php(79): CodeIgniter\CodeIgniter->run()
#12 E:\PHP\htdocs\wdpf_codeigniter\ci_app1\system\Commands\Server\rewrite.php(47): require_once('E:\\PHP\\htdocs\\w...')
#13 {main}
CRITICAL - 2023-12-05 11:30:04 --> Unknown column 'photo' in 'field list'
in SYSTEMPATH\Database\BaseConnection.php on line 647.
 1 SYSTEMPATH\Database\BaseBuilder.php(2475): CodeIgniter\Database\BaseConnection->query('UPDATE `products` SET `product` = :product:, `model` = :model:, `price` = :price:, `sku` = :sku:, `category` = :category:, `photo` = :photo:
WHERE `products`.`product_id` IN :products.product_id:', [...], false)
 2 SYSTEMPATH\Model.php(385): CodeIgniter\Database\BaseBuilder->update()
 3 SYSTEMPATH\BaseModel.php(949): CodeIgniter\Model->doUpdate([...], [...])
 4 SYSTEMPATH\Model.php(776): CodeIgniter\BaseModel->update([...], [...])
 5 APPPATH\Controllers\ProductController.php(73): CodeIgniter\Model->update('5', [...])
 6 SYSTEMPATH\CodeIgniter.php(942): App\Controllers\ProductController->update('5')
 7 SYSTEMPATH\CodeIgniter.php(502): CodeIgniter\CodeIgniter->runController(Object(App\Controllers\ProductController))
 8 SYSTEMPATH\CodeIgniter.php(361): CodeIgniter\CodeIgniter->handleRequest(null, Object(Config\Cache), false)
 9 FCPATH\index.php(79): CodeIgniter\CodeIgniter->run()
10 SYSTEMPATH\Commands\Server\rewrite.php(47): require_once('E:\\PHP\\htdocs\\wdpf_codeigniter\\ci_app1\\public\\index.php')
ERROR - 2023-12-05 11:30:45 --> mysqli_sql_exception: Unknown column 'photo' in 'field list' in E:\PHP\htdocs\wdpf_codeigniter\ci_app1\system\Database\MySQLi\Connection.php:306
Stack trace:
#0 E:\PHP\htdocs\wdpf_codeigniter\ci_app1\system\Database\MySQLi\Connection.php(306): mysqli->query('UPDATE `product...', 0)
#1 E:\PHP\htdocs\wdpf_codeigniter\ci_app1\system\Database\BaseConnection.php(693): CodeIgniter\Database\MySQLi\Connection->execute('UPDATE `product...')
#2 E:\PHP\htdocs\wdpf_codeigniter\ci_app1\system\Database\BaseConnection.php(607): CodeIgniter\Database\BaseConnection->simpleQuery('UPDATE `product...')
#3 E:\PHP\htdocs\wdpf_codeigniter\ci_app1\system\Database\BaseBuilder.php(2475): CodeIgniter\Database\BaseConnection->query('UPDATE `product...', Array, false)
#4 E:\PHP\htdocs\wdpf_codeigniter\ci_app1\system\Model.php(385): CodeIgniter\Database\BaseBuilder->update()
#5 E:\PHP\htdocs\wdpf_codeigniter\ci_app1\system\BaseModel.php(949): CodeIgniter\Model->doUpdate(Array, Array)
#6 E:\PHP\htdocs\wdpf_codeigniter\ci_app1\system\Model.php(776): CodeIgniter\BaseModel->update(Array, Array)
#7 E:\PHP\htdocs\wdpf_codeigniter\ci_app1\app\Controllers\ProductController.php(73): CodeIgniter\Model->update('7', Array)
#8 E:\PHP\htdocs\wdpf_codeigniter\ci_app1\system\CodeIgniter.php(942): App\Controllers\ProductController->update('7')
#9 E:\PHP\htdocs\wdpf_codeigniter\ci_app1\system\CodeIgniter.php(502): CodeIgniter\CodeIgniter->runController(Object(App\Controllers\ProductController))
#10 E:\PHP\htdocs\wdpf_codeigniter\ci_app1\system\CodeIgniter.php(361): CodeIgniter\CodeIgniter->handleRequest(NULL, Object(Config\Cache), false)
#11 E:\PHP\htdocs\wdpf_codeigniter\ci_app1\public\index.php(79): CodeIgniter\CodeIgniter->run()
#12 E:\PHP\htdocs\wdpf_codeigniter\ci_app1\system\Commands\Server\rewrite.php(47): require_once('E:\\PHP\\htdocs\\w...')
#13 {main}
CRITICAL - 2023-12-05 11:30:45 --> Unknown column 'photo' in 'field list'
in SYSTEMPATH\Database\BaseConnection.php on line 647.
 1 SYSTEMPATH\Database\BaseBuilder.php(2475): CodeIgniter\Database\BaseConnection->query('UPDATE `products` SET `product` = :product:, `model` = :model:, `price` = :price:, `sku` = :sku:, `category` = :category:, `photo` = :photo:
WHERE `products`.`product_id` IN :products.product_id:', [...], false)
 2 SYSTEMPATH\Model.php(385): CodeIgniter\Database\BaseBuilder->update()
 3 SYSTEMPATH\BaseModel.php(949): CodeIgniter\Model->doUpdate([...], [...])
 4 SYSTEMPATH\Model.php(776): CodeIgniter\BaseModel->update([...], [...])
 5 APPPATH\Controllers\ProductController.php(73): CodeIgniter\Model->update('7', [...])
 6 SYSTEMPATH\CodeIgniter.php(942): App\Controllers\ProductController->update('7')
 7 SYSTEMPATH\CodeIgniter.php(502): CodeIgniter\CodeIgniter->runController(Object(App\Controllers\ProductController))
 8 SYSTEMPATH\CodeIgniter.php(361): CodeIgniter\CodeIgniter->handleRequest(null, Object(Config\Cache), false)
 9 FCPATH\index.php(79): CodeIgniter\CodeIgniter->run()
10 SYSTEMPATH\Commands\Server\rewrite.php(47): require_once('E:\\PHP\\htdocs\\wdpf_codeigniter\\ci_app1\\public\\index.php')
ERROR - 2023-12-05 11:30:45 --> mysqli_sql_exception: Unknown column 'photo' in 'field list' in E:\PHP\htdocs\wdpf_codeigniter\ci_app1\system\Database\MySQLi\Connection.php:306
Stack trace:
#0 E:\PHP\htdocs\wdpf_codeigniter\ci_app1\system\Database\MySQLi\Connection.php(306): mysqli->query('UPDATE `product...', 0)
#1 E:\PHP\htdocs\wdpf_codeigniter\ci_app1\system\Database\BaseConnection.php(693): CodeIgniter\Database\MySQLi\Connection->execute('UPDATE `product...')
#2 E:\PHP\htdocs\wdpf_codeigniter\ci_app1\system\Database\BaseConnection.php(607): CodeIgniter\Database\BaseConnection->simpleQuery('UPDATE `product...')
#3 E:\PHP\htdocs\wdpf_codeigniter\ci_app1\system\Database\BaseBuilder.php(2475): CodeIgniter\Database\BaseConnection->query('UPDATE `product...', Array, false)
#4 E:\PHP\htdocs\wdpf_codeigniter\ci_app1\system\Model.php(385): CodeIgniter\Database\BaseBuilder->update()
#5 E:\PHP\htdocs\wdpf_codeigniter\ci_app1\system\BaseModel.php(949): CodeIgniter\Model->doUpdate(Array, Array)
#6 E:\PHP\htdocs\wdpf_codeigniter\ci_app1\system\Model.php(776): CodeIgniter\BaseModel->update(Array, Array)
#7 E:\PHP\htdocs\wdpf_codeigniter\ci_app1\app\Controllers\ProductController.php(73): CodeIgniter\Model->update('7', Array)
#8 E:\PHP\htdocs\wdpf_codeigniter\ci_app1\system\CodeIgniter.php(942): App\Controllers\ProductController->update('7')
#9 E:\PHP\htdocs\wdpf_codeigniter\ci_app1\system\CodeIgniter.php(502): CodeIgniter\CodeIgniter->runController(Object(App\Controllers\ProductController))
#10 E:\PHP\htdocs\wdpf_codeigniter\ci_app1\system\CodeIgniter.php(361): CodeIgniter\CodeIgniter->handleRequest(NULL, Object(Config\Cache), false)
#11 E:\PHP\htdocs\wdpf_codeigniter\ci_app1\public\index.php(79): CodeIgniter\CodeIgniter->run()
#12 E:\PHP\htdocs\wdpf_codeigniter\ci_app1\system\Commands\Server\rewrite.php(47): require_once('E:\\PHP\\htdocs\\w...')
#13 {main}
CRITICAL - 2023-12-05 11:30:45 --> Unknown column 'photo' in 'field list'
in SYSTEMPATH\Database\BaseConnection.php on line 647.
 1 SYSTEMPATH\Database\BaseBuilder.php(2475): CodeIgniter\Database\BaseConnection->query('UPDATE `products` SET `product` = :product:, `model` = :model:, `price` = :price:, `sku` = :sku:, `category` = :category:, `photo` = :photo:
WHERE `products`.`product_id` IN :products.product_id:', [...], false)
 2 SYSTEMPATH\Model.php(385): CodeIgniter\Database\BaseBuilder->update()
 3 SYSTEMPATH\BaseModel.php(949): CodeIgniter\Model->doUpdate([...], [...])
 4 SYSTEMPATH\Model.php(776): CodeIgniter\BaseModel->update([...], [...])
 5 APPPATH\Controllers\ProductController.php(73): CodeIgniter\Model->update('7', [...])
 6 SYSTEMPATH\CodeIgniter.php(942): App\Controllers\ProductController->update('7')
 7 SYSTEMPATH\CodeIgniter.php(502): CodeIgniter\CodeIgniter->runController(Object(App\Controllers\ProductController))
 8 SYSTEMPATH\CodeIgniter.php(361): CodeIgniter\CodeIgniter->handleRequest(null, Object(Config\Cache), false)
 9 FCPATH\index.php(79): CodeIgniter\CodeIgniter->run()
10 SYSTEMPATH\Commands\Server\rewrite.php(47): require_once('E:\\PHP\\htdocs\\wdpf_codeigniter\\ci_app1\\public\\index.php')
ERROR - 2023-12-05 11:32:40 --> mysqli_sql_exception: Unknown column 'photo' in 'field list' in E:\PHP\htdocs\wdpf_codeigniter\ci_app1\system\Database\MySQLi\Connection.php:306
Stack trace:
#0 E:\PHP\htdocs\wdpf_codeigniter\ci_app1\system\Database\MySQLi\Connection.php(306): mysqli->query('INSERT INTO `pr...', 0)
#1 E:\PHP\htdocs\wdpf_codeigniter\ci_app1\system\Database\BaseConnection.php(693): CodeIgniter\Database\MySQLi\Connection->execute('INSERT INTO `pr...')
#2 E:\PHP\htdocs\wdpf_codeigniter\ci_app1\system\Database\BaseConnection.php(607): CodeIgniter\Database\BaseConnection->simpleQuery('INSERT INTO `pr...')
#3 E:\PHP\htdocs\wdpf_codeigniter\ci_app1\system\Database\BaseBuilder.php(2308): CodeIgniter\Database\BaseConnection->query('INSERT INTO `pr...', Array, false)
#4 E:\PHP\htdocs\wdpf_codeigniter\ci_app1\system\Model.php(319): CodeIgniter\Database\BaseBuilder->insert()
#5 E:\PHP\htdocs\wdpf_codeigniter\ci_app1\system\BaseModel.php(788): CodeIgniter\Model->doInsert(Array)
#6 E:\PHP\htdocs\wdpf_codeigniter\ci_app1\system\Model.php(715): CodeIgniter\BaseModel->insert(Array, true)
#7 E:\PHP\htdocs\wdpf_codeigniter\ci_app1\app\Controllers\ProductController.php(52): CodeIgniter\Model->insert(Array)
#8 E:\PHP\htdocs\wdpf_codeigniter\ci_app1\system\CodeIgniter.php(942): App\Controllers\ProductController->store()
#9 E:\PHP\htdocs\wdpf_codeigniter\ci_app1\system\CodeIgniter.php(502): CodeIgniter\CodeIgniter->runController(Object(App\Controllers\ProductController))
#10 E:\PHP\htdocs\wdpf_codeigniter\ci_app1\system\CodeIgniter.php(361): CodeIgniter\CodeIgniter->handleRequest(NULL, Object(Config\Cache), false)
#11 E:\PHP\htdocs\wdpf_codeigniter\ci_app1\public\index.php(79): CodeIgniter\CodeIgniter->run()
#12 E:\PHP\htdocs\wdpf_codeigniter\ci_app1\system\Commands\Server\rewrite.php(47): require_once('E:\\PHP\\htdocs\\w...')
#13 {main}
CRITICAL - 2023-12-05 11:32:40 --> Unknown column 'photo' in 'field list'
in SYSTEMPATH\Database\BaseConnection.php on line 647.
 1 SYSTEMPATH\Database\BaseBuilder.php(2308): CodeIgniter\Database\BaseConnection->query('INSERT INTO `products` (`product`, `model`, `price`, `sku`, `category`, `photo`) VALUES (:product:, :model:, :price:, :sku:, :category:, :photo:)', [...], false)
 2 SYSTEMPATH\Model.php(319): CodeIgniter\Database\BaseBuilder->insert()
 3 SYSTEMPATH\BaseModel.php(788): CodeIgniter\Model->doInsert([...])
 4 SYSTEMPATH\Model.php(715): CodeIgniter\BaseModel->insert([...], true)
 5 APPPATH\Controllers\ProductController.php(52): CodeIgniter\Model->insert([...])
 6 SYSTEMPATH\CodeIgniter.php(942): App\Controllers\ProductController->store()
 7 SYSTEMPATH\CodeIgniter.php(502): CodeIgniter\CodeIgniter->runController(Object(App\Controllers\ProductController))
 8 SYSTEMPATH\CodeIgniter.php(361): CodeIgniter\CodeIgniter->handleRequest(null, Object(Config\Cache), false)
 9 FCPATH\index.php(79): CodeIgniter\CodeIgniter->run()
10 SYSTEMPATH\Commands\Server\rewrite.php(47): require_once('E:\\PHP\\htdocs\\wdpf_codeigniter\\ci_app1\\public\\index.php')
CRITICAL - 2023-12-05 13:53:21 --> Call to undefined function validation_list_errors()
in APPPATH\Views\property\add.php on line 77.
 1 SYSTEMPATH\View\View.php(228): include()
 2 SYSTEMPATH\View\View.php(231): CodeIgniter\View\View->CodeIgniter\View\{closure}()
 3 SYSTEMPATH\Common.php(1190): CodeIgniter\View\View->render('property/add', [], true)
 4 APPPATH\Controllers\PropertyController.php(14): view('property/add')
 5 SYSTEMPATH\CodeIgniter.php(942): App\Controllers\PropertyController->add()
 6 SYSTEMPATH\CodeIgniter.php(502): CodeIgniter\CodeIgniter->runController(Object(App\Controllers\PropertyController))
 7 SYSTEMPATH\CodeIgniter.php(361): CodeIgniter\CodeIgniter->handleRequest(null, Object(Config\Cache), false)
 8 FCPATH\index.php(79): CodeIgniter\CodeIgniter->run()
 9 SYSTEMPATH\Commands\Server\rewrite.php(47): require_once('E:\\PHP\\htdocs\\wdpf_codeigniter\\ci_app1\\public\\index.php')
CRITICAL - 2023-12-05 13:53:24 --> Call to undefined function validation_list_errors()
in APPPATH\Views\property\add.php on line 77.
 1 SYSTEMPATH\View\View.php(228): include()
 2 SYSTEMPATH\View\View.php(231): CodeIgniter\View\View->CodeIgniter\View\{closure}()
 3 SYSTEMPATH\Common.php(1190): CodeIgniter\View\View->render('property/add', [], true)
 4 APPPATH\Controllers\PropertyController.php(14): view('property/add')
 5 SYSTEMPATH\CodeIgniter.php(942): App\Controllers\PropertyController->add()
 6 SYSTEMPATH\CodeIgniter.php(502): CodeIgniter\CodeIgniter->runController(Object(App\Controllers\PropertyController))
 7 SYSTEMPATH\CodeIgniter.php(361): CodeIgniter\CodeIgniter->handleRequest(null, Object(Config\Cache), false)
 8 FCPATH\index.php(79): CodeIgniter\CodeIgniter->run()
 9 SYSTEMPATH\Commands\Server\rewrite.php(47): require_once('E:\\PHP\\htdocs\\wdpf_codeigniter\\ci_app1\\public\\index.php')
CRITICAL - 2023-12-05 13:53:25 --> Call to undefined function validation_list_errors()
in APPPATH\Views\property\add.php on line 77.
 1 SYSTEMPATH\View\View.php(228): include()
 2 SYSTEMPATH\View\View.php(231): CodeIgniter\View\View->CodeIgniter\View\{closure}()
 3 SYSTEMPATH\Common.php(1190): CodeIgniter\View\View->render('property/add', [], true)
 4 APPPATH\Controllers\PropertyController.php(14): view('property/add')
 5 SYSTEMPATH\CodeIgniter.php(942): App\Controllers\PropertyController->add()
 6 SYSTEMPATH\CodeIgniter.php(502): CodeIgniter\CodeIgniter->runController(Object(App\Controllers\PropertyController))
 7 SYSTEMPATH\CodeIgniter.php(361): CodeIgniter\CodeIgniter->handleRequest(null, Object(Config\Cache), false)
 8 FCPATH\index.php(79): CodeIgniter\CodeIgniter->run()
 9 SYSTEMPATH\Commands\Server\rewrite.php(47): require_once('E:\\PHP\\htdocs\\wdpf_codeigniter\\ci_app1\\public\\index.php')
CRITICAL - 2023-12-05 13:54:30 --> Call to undefined function validation_list_errors()
in APPPATH\Views\property\add.php on line 77.
 1 SYSTEMPATH\View\View.php(228): include()
 2 SYSTEMPATH\View\View.php(231): CodeIgniter\View\View->CodeIgniter\View\{closure}()
 3 SYSTEMPATH\Common.php(1190): CodeIgniter\View\View->render('property/add', [], true)
 4 APPPATH\Controllers\PropertyController.php(14): view('property/add')
 5 SYSTEMPATH\CodeIgniter.php(942): App\Controllers\PropertyController->add()
 6 SYSTEMPATH\CodeIgniter.php(502): CodeIgniter\CodeIgniter->runController(Object(App\Controllers\PropertyController))
 7 SYSTEMPATH\CodeIgniter.php(361): CodeIgniter\CodeIgniter->handleRequest(null, Object(Config\Cache), false)
 8 FCPATH\index.php(79): CodeIgniter\CodeIgniter->run()
 9 SYSTEMPATH\Commands\Server\rewrite.php(47): require_once('E:\\PHP\\htdocs\\wdpf_codeigniter\\ci_app1\\public\\index.php')
CRITICAL - 2023-12-05 13:54:32 --> Call to undefined function validation_list_errors()
in APPPATH\Views\property\add.php on line 77.
 1 SYSTEMPATH\View\View.php(228): include()
 2 SYSTEMPATH\View\View.php(231): CodeIgniter\View\View->CodeIgniter\View\{closure}()
 3 SYSTEMPATH\Common.php(1190): CodeIgniter\View\View->render('property/add', [], true)
 4 APPPATH\Controllers\PropertyController.php(14): view('property/add')
 5 SYSTEMPATH\CodeIgniter.php(942): App\Controllers\PropertyController->add()
 6 SYSTEMPATH\CodeIgniter.php(502): CodeIgniter\CodeIgniter->runController(Object(App\Controllers\PropertyController))
 7 SYSTEMPATH\CodeIgniter.php(361): CodeIgniter\CodeIgniter->handleRequest(null, Object(Config\Cache), false)
 8 FCPATH\index.php(79): CodeIgniter\CodeIgniter->run()
 9 SYSTEMPATH\Commands\Server\rewrite.php(47): require_once('E:\\PHP\\htdocs\\wdpf_codeigniter\\ci_app1\\public\\index.php')
CRITICAL - 2023-12-05 13:54:39 --> Call to undefined function validation_list_errors()
in APPPATH\Views\property\add.php on line 77.
 1 SYSTEMPATH\View\View.php(228): include()
 2 SYSTEMPATH\View\View.php(231): CodeIgniter\View\View->CodeIgniter\View\{closure}()
 3 SYSTEMPATH\Common.php(1190): CodeIgniter\View\View->render('property/add', [], true)
 4 APPPATH\Controllers\PropertyController.php(14): view('property/add')
 5 SYSTEMPATH\CodeIgniter.php(942): App\Controllers\PropertyController->add()
 6 SYSTEMPATH\CodeIgniter.php(502): CodeIgniter\CodeIgniter->runController(Object(App\Controllers\PropertyController))
 7 SYSTEMPATH\CodeIgniter.php(361): CodeIgniter\CodeIgniter->handleRequest(null, Object(Config\Cache), false)
 8 FCPATH\index.php(79): CodeIgniter\CodeIgniter->run()
 9 SYSTEMPATH\Commands\Server\rewrite.php(47): require_once('E:\\PHP\\htdocs\\wdpf_codeigniter\\ci_app1\\public\\index.php')
CRITICAL - 2023-12-05 13:54:39 --> Call to undefined function validation_list_errors()
in APPPATH\Views\property\add.php on line 77.
 1 SYSTEMPATH\View\View.php(228): include()
 2 SYSTEMPATH\View\View.php(231): CodeIgniter\View\View->CodeIgniter\View\{closure}()
 3 SYSTEMPATH\Common.php(1190): CodeIgniter\View\View->render('property/add', [], true)
 4 APPPATH\Controllers\PropertyController.php(14): view('property/add')
 5 SYSTEMPATH\CodeIgniter.php(942): App\Controllers\PropertyController->add()
 6 SYSTEMPATH\CodeIgniter.php(502): CodeIgniter\CodeIgniter->runController(Object(App\Controllers\PropertyController))
 7 SYSTEMPATH\CodeIgniter.php(361): CodeIgniter\CodeIgniter->handleRequest(null, Object(Config\Cache), false)
 8 FCPATH\index.php(79): CodeIgniter\CodeIgniter->run()
 9 SYSTEMPATH\Commands\Server\rewrite.php(47): require_once('E:\\PHP\\htdocs\\wdpf_codeigniter\\ci_app1\\public\\index.php')
ERROR - 2023-12-05 16:51:31 --> mysqli_sql_exception: Column 'interior' cannot be null in E:\PHP\htdocs\wdpf_codeigniter\ci_app1\system\Database\MySQLi\Connection.php:306
Stack trace:
#0 E:\PHP\htdocs\wdpf_codeigniter\ci_app1\system\Database\MySQLi\Connection.php(306): mysqli->query('INSERT INTO `pr...', 0)
#1 E:\PHP\htdocs\wdpf_codeigniter\ci_app1\system\Database\BaseConnection.php(693): CodeIgniter\Database\MySQLi\Connection->execute('INSERT INTO `pr...')
#2 E:\PHP\htdocs\wdpf_codeigniter\ci_app1\system\Database\BaseConnection.php(607): CodeIgniter\Database\BaseConnection->simpleQuery('INSERT INTO `pr...')
#3 E:\PHP\htdocs\wdpf_codeigniter\ci_app1\system\Database\BaseBuilder.php(2308): CodeIgniter\Database\BaseConnection->query('INSERT INTO `pr...', Array, false)
#4 E:\PHP\htdocs\wdpf_codeigniter\ci_app1\system\Model.php(319): CodeIgniter\Database\BaseBuilder->insert()
#5 E:\PHP\htdocs\wdpf_codeigniter\ci_app1\system\BaseModel.php(788): CodeIgniter\Model->doInsert(Array)
#6 E:\PHP\htdocs\wdpf_codeigniter\ci_app1\system\Model.php(715): CodeIgniter\BaseModel->insert(Array, true)
#7 E:\PHP\htdocs\wdpf_codeigniter\ci_app1\app\Controllers\PropertyController.php(48): CodeIgniter\Model->insert(Array)
#8 E:\PHP\htdocs\wdpf_codeigniter\ci_app1\system\CodeIgniter.php(942): App\Controllers\PropertyController->store()
#9 E:\PHP\htdocs\wdpf_codeigniter\ci_app1\system\CodeIgniter.php(502): CodeIgniter\CodeIgniter->runController(Object(App\Controllers\PropertyController))
#10 E:\PHP\htdocs\wdpf_codeigniter\ci_app1\system\CodeIgniter.php(361): CodeIgniter\CodeIgniter->handleRequest(NULL, Object(Config\Cache), false)
#11 E:\PHP\htdocs\wdpf_codeigniter\ci_app1\public\index.php(79): CodeIgniter\CodeIgniter->run()
#12 E:\PHP\htdocs\wdpf_codeigniter\ci_app1\system\Commands\Server\rewrite.php(47): require_once('E:\\PHP\\htdocs\\w...')
#13 {main}
CRITICAL - 2023-12-05 16:51:31 --> Column 'interior' cannot be null
in SYSTEMPATH\Database\BaseConnection.php on line 647.
 1 SYSTEMPATH\Database\BaseBuilder.php(2308): CodeIgniter\Database\BaseConnection->query('INSERT INTO `properties` (`title`, `description`, `price`, `category`, `type`, `status`, `address`, `country`, `city`, `zip`, `f_size`, `bed_rooms`, `bath_rooms`, `floor`, `interior`, `outdoor`, `utility`, `file`) VALUES (:title:, :description:, :price:, :category:, :type:, :status:, :address:, :country:, :city:, :zip:, :f_size:, :bed_rooms:, :bath_rooms:, :floor:, :interior:, :outdoor:, :utility:, :file:)', [...], false)
 2 SYSTEMPATH\Model.php(319): CodeIgniter\Database\BaseBuilder->insert()
 3 SYSTEMPATH\BaseModel.php(788): CodeIgniter\Model->doInsert([...])
 4 SYSTEMPATH\Model.php(715): CodeIgniter\BaseModel->insert([...], true)
 5 APPPATH\Controllers\PropertyController.php(48): CodeIgniter\Model->insert([...])
 6 SYSTEMPATH\CodeIgniter.php(942): App\Controllers\PropertyController->store()
 7 SYSTEMPATH\CodeIgniter.php(502): CodeIgniter\CodeIgniter->runController(Object(App\Controllers\PropertyController))
 8 SYSTEMPATH\CodeIgniter.php(361): CodeIgniter\CodeIgniter->handleRequest(null, Object(Config\Cache), false)
 9 FCPATH\index.php(79): CodeIgniter\CodeIgniter->run()
10 SYSTEMPATH\Commands\Server\rewrite.php(47): require_once('E:\\PHP\\htdocs\\wdpf_codeigniter\\ci_app1\\public\\index.php')
CRITICAL - 2023-12-05 16:54:34 --> The original file is not a valid file.
in SYSTEMPATH\HTTP\Files\UploadedFile.php on line 146.
 1 SYSTEMPATH\HTTP\Files\UploadedFile.php(146): CodeIgniter\HTTP\Exceptions\HTTPException::forInvalidFile()
 2 APPPATH\Controllers\PropertyController.php(47): CodeIgniter\HTTP\Files\UploadedFile->move('E:\\PHP\\htdocs\\wdpf_codeigniter\\ci_app1\\writable\\uploads/')
 3 SYSTEMPATH\CodeIgniter.php(942): App\Controllers\PropertyController->store()
 4 SYSTEMPATH\CodeIgniter.php(502): CodeIgniter\CodeIgniter->runController(Object(App\Controllers\PropertyController))
 5 SYSTEMPATH\CodeIgniter.php(361): CodeIgniter\CodeIgniter->handleRequest(null, Object(Config\Cache), false)
 6 FCPATH\index.php(79): CodeIgniter\CodeIgniter->run()
 7 SYSTEMPATH\Commands\Server\rewrite.php(47): require_once('E:\\PHP\\htdocs\\wdpf_codeigniter\\ci_app1\\public\\index.php')
CRITICAL - 2023-12-05 16:54:38 --> The original file is not a valid file.
in SYSTEMPATH\HTTP\Files\UploadedFile.php on line 146.
 1 SYSTEMPATH\HTTP\Files\UploadedFile.php(146): CodeIgniter\HTTP\Exceptions\HTTPException::forInvalidFile()
 2 APPPATH\Controllers\PropertyController.php(47): CodeIgniter\HTTP\Files\UploadedFile->move('E:\\PHP\\htdocs\\wdpf_codeigniter\\ci_app1\\writable\\uploads/')
 3 SYSTEMPATH\CodeIgniter.php(942): App\Controllers\PropertyController->store()
 4 SYSTEMPATH\CodeIgniter.php(502): CodeIgniter\CodeIgniter->runController(Object(App\Controllers\PropertyController))
 5 SYSTEMPATH\CodeIgniter.php(361): CodeIgniter\CodeIgniter->handleRequest(null, Object(Config\Cache), false)
 6 FCPATH\index.php(79): CodeIgniter\CodeIgniter->run()
 7 SYSTEMPATH\Commands\Server\rewrite.php(47): require_once('E:\\PHP\\htdocs\\wdpf_codeigniter\\ci_app1\\public\\index.php')
CRITICAL - 2023-12-05 16:55:30 --> Call to a member function move() on null
in APPPATH\Controllers\PropertyController.php on line 47.
 1 SYSTEMPATH\CodeIgniter.php(942): App\Controllers\PropertyController->store()
 2 SYSTEMPATH\CodeIgniter.php(502): CodeIgniter\CodeIgniter->runController(Object(App\Controllers\PropertyController))
 3 SYSTEMPATH\CodeIgniter.php(361): CodeIgniter\CodeIgniter->handleRequest(null, Object(Config\Cache), false)
 4 FCPATH\index.php(79): CodeIgniter\CodeIgniter->run()
 5 SYSTEMPATH\Commands\Server\rewrite.php(47): require_once('E:\\PHP\\htdocs\\wdpf_codeigniter\\ci_app1\\public\\index.php')
CRITICAL - 2023-12-05 16:58:04 --> Call to a member function move() on null
in APPPATH\Controllers\PropertyController.php on line 47.
 1 SYSTEMPATH\CodeIgniter.php(942): App\Controllers\PropertyController->store()
 2 SYSTEMPATH\CodeIgniter.php(502): CodeIgniter\CodeIgniter->runController(Object(App\Controllers\PropertyController))
 3 SYSTEMPATH\CodeIgniter.php(361): CodeIgniter\CodeIgniter->handleRequest(null, Object(Config\Cache), false)
 4 FCPATH\index.php(79): CodeIgniter\CodeIgniter->run()
 5 SYSTEMPATH\Commands\Server\rewrite.php(47): require_once('E:\\PHP\\htdocs\\wdpf_codeigniter\\ci_app1\\public\\index.php')
CRITICAL - 2023-12-05 16:58:46 --> The original file is not a valid file.
in SYSTEMPATH\HTTP\Files\UploadedFile.php on line 146.
 1 SYSTEMPATH\HTTP\Files\UploadedFile.php(146): CodeIgniter\HTTP\Exceptions\HTTPException::forInvalidFile()
 2 APPPATH\Controllers\PropertyController.php(47): CodeIgniter\HTTP\Files\UploadedFile->move('E:\\PHP\\htdocs\\wdpf_codeigniter\\ci_app1\\writable\\uploads/')
 3 SYSTEMPATH\CodeIgniter.php(942): App\Controllers\PropertyController->store()
 4 SYSTEMPATH\CodeIgniter.php(502): CodeIgniter\CodeIgniter->runController(Object(App\Controllers\PropertyController))
 5 SYSTEMPATH\CodeIgniter.php(361): CodeIgniter\CodeIgniter->handleRequest(null, Object(Config\Cache), false)
 6 FCPATH\index.php(79): CodeIgniter\CodeIgniter->run()
 7 SYSTEMPATH\Commands\Server\rewrite.php(47): require_once('E:\\PHP\\htdocs\\wdpf_codeigniter\\ci_app1\\public\\index.php')
CRITICAL - 2023-12-05 17:20:02 --> The original file is not a valid file.
in SYSTEMPATH\HTTP\Files\UploadedFile.php on line 146.
 1 SYSTEMPATH\HTTP\Files\UploadedFile.php(146): CodeIgniter\HTTP\Exceptions\HTTPException::forInvalidFile()
 2 APPPATH\Controllers\PropertyController.php(47): CodeIgniter\HTTP\Files\UploadedFile->move('E:\\PHP\\htdocs\\wdpf_codeigniter\\ci_app1\\writable\\uploads/')
 3 SYSTEMPATH\CodeIgniter.php(942): App\Controllers\PropertyController->store()
 4 SYSTEMPATH\CodeIgniter.php(502): CodeIgniter\CodeIgniter->runController(Object(App\Controllers\PropertyController))
 5 SYSTEMPATH\CodeIgniter.php(361): CodeIgniter\CodeIgniter->handleRequest(null, Object(Config\Cache), false)
 6 FCPATH\index.php(79): CodeIgniter\CodeIgniter->run()
 7 SYSTEMPATH\Commands\Server\rewrite.php(47): require_once('E:\\PHP\\htdocs\\wdpf_codeigniter\\ci_app1\\public\\index.php')
