INFO - 2023-12-15 01:14:16 --> Session: Class initialized using 'CodeIgniter\Session\Handlers\FileHandler' driver.
INFO - 2023-12-15 01:14:17 --> Session: Class initialized using 'CodeIgniter\Session\Handlers\FileHandler' driver.
INFO - 2023-12-15 01:14:40 --> Session: Class initialized using 'CodeIgniter\Session\Handlers\FileHandler' driver.
INFO - 2023-12-15 01:14:41 --> Session: Class initialized using 'CodeIgniter\Session\Handlers\FileHandler' driver.
INFO - 2023-12-15 01:16:09 --> Session: Class initialized using 'CodeIgniter\Session\Handlers\FileHandler' driver.
INFO - 2023-12-15 01:18:30 --> Session: Class initialized using 'CodeIgniter\Session\Handlers\FileHandler' driver.
INFO - 2023-12-15 01:18:37 --> Session: Class initialized using 'CodeIgniter\Session\Handlers\FileHandler' driver.
INFO - 2023-12-15 01:22:29 --> Session: Class initialized using 'CodeIgniter\Session\Handlers\FileHandler' driver.
INFO - 2023-12-15 01:22:43 --> Session: Class initialized using 'CodeIgniter\Session\Handlers\FileHandler' driver.
INFO - 2023-12-15 01:24:10 --> Session: Class initialized using 'CodeIgniter\Session\Handlers\FileHandler' driver.
INFO - 2023-12-15 01:24:11 --> Session: Class initialized using 'CodeIgniter\Session\Handlers\FileHandler' driver.
INFO - 2023-12-15 01:24:31 --> Session: Class initialized using 'CodeIgniter\Session\Handlers\FileHandler' driver.
INFO - 2023-12-15 01:24:58 --> Session: Class initialized using 'CodeIgniter\Session\Handlers\FileHandler' driver.
INFO - 2023-12-15 01:26:37 --> Session: Class initialized using 'CodeIgniter\Session\Handlers\FileHandler' driver.
INFO - 2023-12-15 01:26:58 --> Session: Class initialized using 'CodeIgniter\Session\Handlers\FileHandler' driver.
INFO - 2023-12-15 01:32:05 --> Session: Class initialized using 'CodeIgniter\Session\Handlers\FileHandler' driver.
INFO - 2023-12-15 01:32:05 --> Session: Class initialized using 'CodeIgniter\Session\Handlers\FileHandler' driver.
INFO - 2023-12-15 01:32:12 --> Session: Class initialized using 'CodeIgniter\Session\Handlers\FileHandler' driver.
INFO - 2023-12-15 01:33:39 --> Session: Class initialized using 'CodeIgniter\Session\Handlers\FileHandler' driver.
INFO - 2023-12-15 01:33:39 --> Session: Class initialized using 'CodeIgniter\Session\Handlers\FileHandler' driver.
INFO - 2023-12-15 12:44:39 --> Session: Class initialized using 'CodeIgniter\Session\Handlers\FileHandler' driver.
INFO - 2023-12-15 12:44:40 --> Session: Class initialized using 'CodeIgniter\Session\Handlers\FileHandler' driver.
INFO - 2023-12-15 12:45:00 --> Session: Class initialized using 'CodeIgniter\Session\Handlers\FileHandler' driver.
INFO - 2023-12-15 12:45:01 --> Session: Class initialized using 'CodeIgniter\Session\Handlers\FileHandler' driver.
INFO - 2023-12-15 12:45:09 --> Session: Class initialized using 'CodeIgniter\Session\Handlers\FileHandler' driver.
INFO - 2023-12-15 12:45:12 --> Session: Class initialized using 'CodeIgniter\Session\Handlers\FileHandler' driver.
INFO - 2023-12-15 12:45:17 --> Session: Class initialized using 'CodeIgniter\Session\Handlers\FileHandler' driver.
INFO - 2023-12-15 12:48:39 --> Session: Class initialized using 'CodeIgniter\Session\Handlers\FileHandler' driver.
INFO - 2023-12-15 12:48:42 --> Session: Class initialized using 'CodeIgniter\Session\Handlers\FileHandler' driver.
CRITICAL - 2023-12-15 12:48:42 --> Undefined variable: cats
in APPPATH\Views\properties\edit.php on line 37.
 1 APPPATH\Views\properties\edit.php(37): CodeIgniter\Debug\Exceptions->errorHandler(8, 'Undefined variable: cats', 'E:\\PHP\\htdocs\\wdpf_codeigniter\\ci_app1\\app\\Views\\properties\\edit.php', 37, [...])
 2 SYSTEMPATH\View\View.php(228): include('E:\\PHP\\htdocs\\wdpf_codeigniter\\ci_app1\\app\\Views\\properties\\edit.php')
 3 SYSTEMPATH\View\View.php(231): CodeIgniter\View\View->CodeIgniter\View\{closure}()
 4 SYSTEMPATH\Common.php(1190): CodeIgniter\View\View->render('/properties/edit', [], true)
 5 APPPATH\Controllers\PropertyController.php(86): view('/properties/edit', [...])
 6 SYSTEMPATH\CodeIgniter.php(942): App\Controllers\PropertyController->edit('3')
 7 SYSTEMPATH\CodeIgniter.php(502): CodeIgniter\CodeIgniter->runController(Object(App\Controllers\PropertyController))
 8 SYSTEMPATH\CodeIgniter.php(361): CodeIgniter\CodeIgniter->handleRequest(null, Object(Config\Cache), false)
 9 FCPATH\index.php(79): CodeIgniter\CodeIgniter->run()
10 SYSTEMPATH\Commands\Server\rewrite.php(47): require_once('E:\\PHP\\htdocs\\wdpf_codeigniter\\ci_app1\\public\\index.php')
INFO - 2023-12-15 12:55:11 --> Session: Class initialized using 'CodeIgniter\Session\Handlers\FileHandler' driver.
CRITICAL - 2023-12-15 12:55:12 --> Undefined variable: cats
in APPPATH\Views\properties\edit.php on line 37.
 1 APPPATH\Views\properties\edit.php(37): CodeIgniter\Debug\Exceptions->errorHandler(8, 'Undefined variable: cats', 'E:\\PHP\\htdocs\\wdpf_codeigniter\\ci_app1\\app\\Views\\properties\\edit.php', 37, [...])
 2 SYSTEMPATH\View\View.php(228): include('E:\\PHP\\htdocs\\wdpf_codeigniter\\ci_app1\\app\\Views\\properties\\edit.php')
 3 SYSTEMPATH\View\View.php(231): CodeIgniter\View\View->CodeIgniter\View\{closure}()
 4 SYSTEMPATH\Common.php(1190): CodeIgniter\View\View->render('/properties/edit', [], true)
 5 APPPATH\Controllers\PropertyController.php(87): view('/properties/edit', [...])
 6 SYSTEMPATH\CodeIgniter.php(942): App\Controllers\PropertyController->edit('3')
 7 SYSTEMPATH\CodeIgniter.php(502): CodeIgniter\CodeIgniter->runController(Object(App\Controllers\PropertyController))
 8 SYSTEMPATH\CodeIgniter.php(361): CodeIgniter\CodeIgniter->handleRequest(null, Object(Config\Cache), false)
 9 FCPATH\index.php(79): CodeIgniter\CodeIgniter->run()
10 SYSTEMPATH\Commands\Server\rewrite.php(47): require_once('E:\\PHP\\htdocs\\wdpf_codeigniter\\ci_app1\\public\\index.php')
INFO - 2023-12-15 13:02:44 --> Session: Class initialized using 'CodeIgniter\Session\Handlers\FileHandler' driver.
CRITICAL - 2023-12-15 13:02:44 --> Undefined variable: cats
in APPPATH\Views\properties\edit.php on line 37.
 1 APPPATH\Views\properties\edit.php(37): CodeIgniter\Debug\Exceptions->errorHandler(8, 'Undefined variable: cats', 'E:\\PHP\\htdocs\\wdpf_codeigniter\\ci_app1\\app\\Views\\properties\\edit.php', 37, [...])
 2 SYSTEMPATH\View\View.php(228): include('E:\\PHP\\htdocs\\wdpf_codeigniter\\ci_app1\\app\\Views\\properties\\edit.php')
 3 SYSTEMPATH\View\View.php(231): CodeIgniter\View\View->CodeIgniter\View\{closure}()
 4 SYSTEMPATH\Common.php(1190): CodeIgniter\View\View->render('/properties/edit', [], true)
 5 APPPATH\Controllers\PropertyController.php(87): view('/properties/edit', [...])
 6 SYSTEMPATH\CodeIgniter.php(942): App\Controllers\PropertyController->edit('3')
 7 SYSTEMPATH\CodeIgniter.php(502): CodeIgniter\CodeIgniter->runController(Object(App\Controllers\PropertyController))
 8 SYSTEMPATH\CodeIgniter.php(361): CodeIgniter\CodeIgniter->handleRequest(null, Object(Config\Cache), false)
 9 FCPATH\index.php(79): CodeIgniter\CodeIgniter->run()
10 SYSTEMPATH\Commands\Server\rewrite.php(47): require_once('E:\\PHP\\htdocs\\wdpf_codeigniter\\ci_app1\\public\\index.php')
INFO - 2023-12-15 13:02:47 --> Session: Class initialized using 'CodeIgniter\Session\Handlers\FileHandler' driver.
CRITICAL - 2023-12-15 13:02:47 --> Undefined variable: cats
in APPPATH\Views\properties\edit.php on line 37.
 1 APPPATH\Views\properties\edit.php(37): CodeIgniter\Debug\Exceptions->errorHandler(8, 'Undefined variable: cats', 'E:\\PHP\\htdocs\\wdpf_codeigniter\\ci_app1\\app\\Views\\properties\\edit.php', 37, [...])
 2 SYSTEMPATH\View\View.php(228): include('E:\\PHP\\htdocs\\wdpf_codeigniter\\ci_app1\\app\\Views\\properties\\edit.php')
 3 SYSTEMPATH\View\View.php(231): CodeIgniter\View\View->CodeIgniter\View\{closure}()
 4 SYSTEMPATH\Common.php(1190): CodeIgniter\View\View->render('/properties/edit', [], true)
 5 APPPATH\Controllers\PropertyController.php(87): view('/properties/edit', [...])
 6 SYSTEMPATH\CodeIgniter.php(942): App\Controllers\PropertyController->edit('3')
 7 SYSTEMPATH\CodeIgniter.php(502): CodeIgniter\CodeIgniter->runController(Object(App\Controllers\PropertyController))
 8 SYSTEMPATH\CodeIgniter.php(361): CodeIgniter\CodeIgniter->handleRequest(null, Object(Config\Cache), false)
 9 FCPATH\index.php(79): CodeIgniter\CodeIgniter->run()
10 SYSTEMPATH\Commands\Server\rewrite.php(47): require_once('E:\\PHP\\htdocs\\wdpf_codeigniter\\ci_app1\\public\\index.php')
INFO - 2023-12-15 13:02:47 --> Session: Class initialized using 'CodeIgniter\Session\Handlers\FileHandler' driver.
CRITICAL - 2023-12-15 13:02:47 --> Undefined variable: cats
in APPPATH\Views\properties\edit.php on line 37.
 1 APPPATH\Views\properties\edit.php(37): CodeIgniter\Debug\Exceptions->errorHandler(8, 'Undefined variable: cats', 'E:\\PHP\\htdocs\\wdpf_codeigniter\\ci_app1\\app\\Views\\properties\\edit.php', 37, [...])
 2 SYSTEMPATH\View\View.php(228): include('E:\\PHP\\htdocs\\wdpf_codeigniter\\ci_app1\\app\\Views\\properties\\edit.php')
 3 SYSTEMPATH\View\View.php(231): CodeIgniter\View\View->CodeIgniter\View\{closure}()
 4 SYSTEMPATH\Common.php(1190): CodeIgniter\View\View->render('/properties/edit', [], true)
 5 APPPATH\Controllers\PropertyController.php(87): view('/properties/edit', [...])
 6 SYSTEMPATH\CodeIgniter.php(942): App\Controllers\PropertyController->edit('3')
 7 SYSTEMPATH\CodeIgniter.php(502): CodeIgniter\CodeIgniter->runController(Object(App\Controllers\PropertyController))
 8 SYSTEMPATH\CodeIgniter.php(361): CodeIgniter\CodeIgniter->handleRequest(null, Object(Config\Cache), false)
 9 FCPATH\index.php(79): CodeIgniter\CodeIgniter->run()
10 SYSTEMPATH\Commands\Server\rewrite.php(47): require_once('E:\\PHP\\htdocs\\wdpf_codeigniter\\ci_app1\\public\\index.php')
INFO - 2023-12-15 13:02:48 --> Session: Class initialized using 'CodeIgniter\Session\Handlers\FileHandler' driver.
CRITICAL - 2023-12-15 13:02:48 --> Undefined variable: cats
in APPPATH\Views\properties\edit.php on line 37.
 1 APPPATH\Views\properties\edit.php(37): CodeIgniter\Debug\Exceptions->errorHandler(8, 'Undefined variable: cats', 'E:\\PHP\\htdocs\\wdpf_codeigniter\\ci_app1\\app\\Views\\properties\\edit.php', 37, [...])
 2 SYSTEMPATH\View\View.php(228): include('E:\\PHP\\htdocs\\wdpf_codeigniter\\ci_app1\\app\\Views\\properties\\edit.php')
 3 SYSTEMPATH\View\View.php(231): CodeIgniter\View\View->CodeIgniter\View\{closure}()
 4 SYSTEMPATH\Common.php(1190): CodeIgniter\View\View->render('/properties/edit', [], true)
 5 APPPATH\Controllers\PropertyController.php(87): view('/properties/edit', [...])
 6 SYSTEMPATH\CodeIgniter.php(942): App\Controllers\PropertyController->edit('3')
 7 SYSTEMPATH\CodeIgniter.php(502): CodeIgniter\CodeIgniter->runController(Object(App\Controllers\PropertyController))
 8 SYSTEMPATH\CodeIgniter.php(361): CodeIgniter\CodeIgniter->handleRequest(null, Object(Config\Cache), false)
 9 FCPATH\index.php(79): CodeIgniter\CodeIgniter->run()
10 SYSTEMPATH\Commands\Server\rewrite.php(47): require_once('E:\\PHP\\htdocs\\wdpf_codeigniter\\ci_app1\\public\\index.php')
INFO - 2023-12-15 13:02:48 --> Session: Class initialized using 'CodeIgniter\Session\Handlers\FileHandler' driver.
CRITICAL - 2023-12-15 13:02:48 --> Undefined variable: cats
in APPPATH\Views\properties\edit.php on line 37.
 1 APPPATH\Views\properties\edit.php(37): CodeIgniter\Debug\Exceptions->errorHandler(8, 'Undefined variable: cats', 'E:\\PHP\\htdocs\\wdpf_codeigniter\\ci_app1\\app\\Views\\properties\\edit.php', 37, [...])
 2 SYSTEMPATH\View\View.php(228): include('E:\\PHP\\htdocs\\wdpf_codeigniter\\ci_app1\\app\\Views\\properties\\edit.php')
 3 SYSTEMPATH\View\View.php(231): CodeIgniter\View\View->CodeIgniter\View\{closure}()
 4 SYSTEMPATH\Common.php(1190): CodeIgniter\View\View->render('/properties/edit', [], true)
 5 APPPATH\Controllers\PropertyController.php(87): view('/properties/edit', [...])
 6 SYSTEMPATH\CodeIgniter.php(942): App\Controllers\PropertyController->edit('3')
 7 SYSTEMPATH\CodeIgniter.php(502): CodeIgniter\CodeIgniter->runController(Object(App\Controllers\PropertyController))
 8 SYSTEMPATH\CodeIgniter.php(361): CodeIgniter\CodeIgniter->handleRequest(null, Object(Config\Cache), false)
 9 FCPATH\index.php(79): CodeIgniter\CodeIgniter->run()
10 SYSTEMPATH\Commands\Server\rewrite.php(47): require_once('E:\\PHP\\htdocs\\wdpf_codeigniter\\ci_app1\\public\\index.php')
INFO - 2023-12-15 13:03:14 --> Session: Class initialized using 'CodeIgniter\Session\Handlers\FileHandler' driver.
CRITICAL - 2023-12-15 13:03:14 --> Undefined variable: types
in APPPATH\Views\properties\edit.php on line 43.
 1 APPPATH\Views\properties\edit.php(43): CodeIgniter\Debug\Exceptions->errorHandler(8, 'Undefined variable: types', 'E:\\PHP\\htdocs\\wdpf_codeigniter\\ci_app1\\app\\Views\\properties\\edit.php', 43, [...])
 2 SYSTEMPATH\View\View.php(228): include('E:\\PHP\\htdocs\\wdpf_codeigniter\\ci_app1\\app\\Views\\properties\\edit.php')
 3 SYSTEMPATH\View\View.php(231): CodeIgniter\View\View->CodeIgniter\View\{closure}()
 4 SYSTEMPATH\Common.php(1190): CodeIgniter\View\View->render('/properties/edit', [], true)
 5 APPPATH\Controllers\PropertyController.php(87): view('/properties/edit', [...])
 6 SYSTEMPATH\CodeIgniter.php(942): App\Controllers\PropertyController->edit('3')
 7 SYSTEMPATH\CodeIgniter.php(502): CodeIgniter\CodeIgniter->runController(Object(App\Controllers\PropertyController))
 8 SYSTEMPATH\CodeIgniter.php(361): CodeIgniter\CodeIgniter->handleRequest(null, Object(Config\Cache), false)
 9 FCPATH\index.php(79): CodeIgniter\CodeIgniter->run()
10 SYSTEMPATH\Commands\Server\rewrite.php(47): require_once('E:\\PHP\\htdocs\\wdpf_codeigniter\\ci_app1\\public\\index.php')
INFO - 2023-12-15 13:03:52 --> Session: Class initialized using 'CodeIgniter\Session\Handlers\FileHandler' driver.
INFO - 2023-12-15 13:06:27 --> Session: Class initialized using 'CodeIgniter\Session\Handlers\FileHandler' driver.
INFO - 2023-12-15 13:06:31 --> Session: Class initialized using 'CodeIgniter\Session\Handlers\FileHandler' driver.
INFO - 2023-12-15 13:06:59 --> Session: Class initialized using 'CodeIgniter\Session\Handlers\FileHandler' driver.
